dev_locate="H3A111" OR dev_locate="H3A112" OR dev_locate="H3A113" OR dev_locate="H3A11A" OR dev_locate="H3A121" OR dev_locate="H3A122" OR dev_locate="H3A123" OR dev_locate="H3A12A" OR dev_locate="H3A211" OR dev_locate="H3A212" OR dev_locate="H3A213" OR dev_locate="H3A21A" OR dev_locate="H3A221" OR dev_locate="H3A222" OR dev_locate="H3A223" OR dev_locate="H3A22A" OR dev_locate="H3A311" OR dev_locate="H3A312" OR dev_locate="H3A313" OR dev_locate="H3A31A" OR dev_locate="H3A321" OR dev_locate="H3A322" OR dev_locate="H3A323" OR dev_locate="H3A32A" OR dev_locate="H3A411" OR dev_locate="H3A412" OR dev_locate="H3A413" OR dev_locate="H3A41A" OR dev_locate="H3A421" OR dev_locate="H3A422" OR dev_locate="H3A423" OR dev_locate="H3A42A" OR dev_locate="H3A511" OR dev_locate="H3A512" OR dev_locate="H3A513" OR dev_locate="H3A51A" OR dev_locate="H3A521" OR dev_locate="H3A522" OR dev_locate="H3A523" OR dev_locate="H3A52A" OR dev_locate="H3A611" OR dev_locate="H3A612" OR dev_locate="H3A61A" OR dev_locate="H3A621" OR dev_locate="H3A622" OR dev_locate="H3A62A" OR dev_locate="H3C111" OR dev_locate="H3C112" OR dev_locate="H3C113" OR dev_locate="H3C11A" OR dev_locate="H3C121" OR dev_locate="H3C122" OR dev_locate="H3C123" OR dev_locate="H3C12A" OR dev_locate="H3C211" OR dev_locate="H3C212" OR dev_locate="H3C213" OR dev_locate="H3C21A" OR dev_locate="H3C221" OR dev_locate="H3C222" OR dev_locate="H3C223" OR dev_locate="H3C22A" OR dev_locate="H3C311" OR dev_locate="H3C312" OR dev_locate="H3C313" OR dev_locate="H3C31A" OR dev_locate="H3C321" OR dev_locate="H3C322" OR dev_locate="H3C323" OR dev_locate="H3C32A" OR dev_locate="H3C411" OR dev_locate="H3C412" OR dev_locate="H3C413" OR dev_locate="H3C41A" OR dev_locate="H3C421" OR dev_locate="H3C422" OR dev_locate="H3C423" OR dev_locate="H3C42A" OR dev_locate="H3C511" OR dev_locate="H3C512" OR dev_locate="H3C513" OR dev_locate="H3C51A" OR dev_locate="H3C521" OR dev_locate="H3C522" OR dev_locate="H3C523" OR dev_locate="H3C52A" OR dev_locate="H3C611" OR dev_locate="H3C612" OR dev_locate="H3C61A" OR dev_locate="H3C621" OR dev_locate="H3C622" OR dev_locate="H3C62A" OR dev_locate="J61011" OR dev_locate="J61031" OR dev_locate="J61041" OR dev_locate="J61051" OR dev_locate="J61061" OR dev_locate="J61071" OR dev_locate="J61081" OR dev_locate="J61091" OR dev_locate="J61101" OR dev_locate="J61111" OR dev_locate="J61121" OR dev_locate="J61131" OR dev_locate="J61141" OR dev_locate="J61151" OR dev_locate="J61161" OR dev_locate="J61171" OR dev_locate="J61181" OR dev_locate="J61191" OR dev_locate="J61201" OR dev_locate="J61211" OR dev_locate="J61221" OR dev_locate="J61231" OR dev_locate="J61241" OR dev_locate="J61251" OR dev_locate="J61261" OR dev_locate="J62011" OR dev_locate="J62021" OR dev_locate="J62031" OR dev_locate="J62041" OR dev_locate="J62051" OR dev_locate="J62061" OR dev_locate="J62071" OR dev_locate="J62081" OR dev_locate="J62091" OR dev_locate="J62101" OR dev_locate="J62111" OR dev_locate="J62121" OR dev_locate="J62131" OR dev_locate="J62141" OR dev_locate="J62151" OR dev_locate="J62161" OR dev_locate="J62171" OR dev_locate="J62181" OR dev_locate="J62191" OR dev_locate="J62201" OR dev_locate="J62211" OR dev_locate="J62221" OR dev_locate="J62231" OR dev_locate="J62241" OR dev_locate="J62251" OR dev_locate="J62261" OR dev_locate="J62L01" OR dev_locate="J62L02" OR dev_locate="J62L03" OR dev_locate="J63011" OR dev_locate="J63021" OR dev_locate="J63031" OR dev_locate="J63041" OR dev_locate="J63051" OR dev_locate="J63061" OR dev_locate="J63071" OR dev_locate="J63081" OR dev_locate="J63091" OR dev_locate="J63101" OR dev_locate="J63111" OR dev_locate="J63121" OR dev_locate="J63131" OR dev_locate="J63141" OR dev_locate="J63151" OR dev_locate="J63161" OR dev_locate="J63171" OR dev_locate="J63181" OR dev_locate="J63191" OR dev_locate="J63201" OR dev_locate="J63221" OR dev_locate="J63231" OR dev_locate="J63241" OR dev_locate="J63251" OR dev_locate="J63261" OR dev_locate="J63L01" OR dev_locate="J63L02" OR dev_locate="J63L03" OR dev_locate="J64011" OR dev_locate="J64021" OR dev_locate="J64031" OR dev_locate="J64041" OR dev_locate="J64051" OR dev_locate="J64061" OR dev_locate="J64071" OR dev_locate="J64081" OR dev_locate="J64091" OR dev_locate="J64101" OR dev_locate="J64111" OR dev_locate="J64121" OR dev_locate="J64131" OR dev_locate="J64141" OR dev_locate="J64151" OR dev_locate="J64161" OR dev_locate="J64171" OR dev_locate="J64181" OR dev_locate="J64191" OR dev_locate="J64201" OR dev_locate="J64211" OR dev_locate="J64221" OR dev_locate="J64231" OR dev_locate="J64241" OR dev_locate="J64251" OR dev_locate="J64261" OR dev_locate="J64L01" OR dev_locate="J64L02" OR dev_locate="J64L03" OR dev_locate="J65241" OR dev_locate="J65L01" OR dev_locate="J65L02" OR dev_locate="J65L03" OR dev_locate="J66011" OR dev_locate="J66021" OR dev_locate="J66031" OR dev_locate="J66041" OR dev_locate="J66051" OR dev_locate="J66061" OR dev_locate="J66071" OR dev_locate="J66081" OR dev_locate="J66091" OR dev_locate="J66101" OR dev_locate="J66111" OR dev_locate="J66121" OR dev_locate="J66131" OR dev_locate="J66141" OR dev_locate="J66151" OR dev_locate="J66161" OR dev_locate="J66171" OR dev_locate="J66181" OR dev_locate="J66191" OR dev_locate="J66201" OR dev_locate="J66211" OR dev_locate="J66221" OR dev_locate="J66231" OR dev_locate="J66241" OR dev_locate="J66251" OR dev_locate="J66261" OR dev_locate="J66L01" OR dev_locate="J66L02" OR dev_locate="J66L03" OR dev_locate="J67011" OR dev_locate="J67021" OR dev_locate="J67031" OR dev_locate="J67051" OR dev_locate="J67061" OR dev_locate="J67071" OR dev_locate="J67081" OR dev_locate="J67091" OR dev_locate="J67101" OR dev_locate="J67111" OR dev_locate="J67121" OR dev_locate="J67131" OR dev_locate="J67141" OR dev_locate="J67151" OR dev_locate="J67161" OR dev_locate="J67171" OR dev_locate="J67181" OR dev_locate="J67191" OR dev_locate="J67201" OR dev_locate="J67211" OR dev_locate="J67221" OR dev_locate="J67231" OR dev_locate="J67241" OR dev_locate="J67251" OR dev_locate="J67261" OR dev_locate="J67L01" OR dev_locate="J67L02" OR dev_locate="J67L03" OR dev_locate="J7041"
this loop cost: 0.03127384185791 s
this loop cost: 1560.067595005 s
this loop cost: 3120.1028809547 s
this loop cost: 4680.1423377991 s
this loop cost: 6240.1728279591 s
this loop cost: 7800.2074568272 s
this loop cost: 9360.2424898148 s
this loop cost: 10920.384537935 s
this loop cost: 12480.423098803 s
this loop cost: 14040.561242819 s
this loop cost: 15600.70238781 s
this loop cost: 17160.739733934 s
this loop cost: 18720.886655807 s
this loop cost: 20280.92433691 s
this loop cost: 21840.971434832 s
this loop cost: 23401.002722979 s
this loop cost: 24961.042717934 s
this loop cost: 26521.07337594 s
this loop cost: 28081.10668993 s
this loop cost: 29641.139736891 s
this loop cost: 31201.168310881 s
this loop cost: 32761.316609859 s
this loop cost: 34321.359510899 s
this loop cost: 35881.510914803 s
this loop cost: 37441.651211023 s
this loop cost: 39001.802258015 s
this loop cost: 40561.946211815 s
this loop cost: 42122.10650897 s
this loop cost: 43682.145962 s
this loop cost: 45242.29804492 s
this loop cost: 46802.3308568 s
this loop cost: 48362.47120285 s
this loop cost: 49922.507833958 s
this loop cost: 51482.541241884 s
this loop cost: 53042.574484825 s
this loop cost: 54602.729211807 s
this loop cost: 56162.871035814 s
this loop cost: 57723.018720865 s
this loop cost: 59283.05774188 s
this loop cost: 60843.203079939 s
this loop cost: 62403.233232975 s
this loop cost: 63963.272691965 s
this loop cost: 65523.306437969 s
this loop cost: 67083.339159012 s
this loop cost: 68643.371194839 s
this loop cost: 70203.413168907 s
this loop cost: 71763.448326826 s
this loop cost: 73323.477993011 s
this loop cost: 74883.520684004 s
this loop cost: 76443.558408976 s
this loop cost: 78003.594740868 s
this loop cost: 79563.628521919 s
this loop cost: 81123.659767866 s
this loop cost: 82683.81129694 s
this loop cost: 84243.959191799 s
this loop cost: 85804.100246906 s
this loop cost: 87364.247089863 s
this loop cost: 88924.389948845 s
this loop cost: 90484.537039995 s
this loop cost: 92044.57405901 s
this loop cost: 93604.717103004 s
this loop cost: 95164.848018885 s
this loop cost: 96725.017320871 s
this loop cost: 98285.168418884 s
this loop cost: 99845.197923899 s
this loop cost: 101405.34333301 s
this loop cost: 102965.3815918 s
this loop cost: 104525.41644192 s
this loop cost: 106085.55373788 s
this loop cost: 107645.59298801 s
this loop cost: 109205.62585497 s
this loop cost: 110765.65956283 s
this loop cost: 112325.69604683 s
this loop cost: 113885.73189998 s
this loop cost: 115445.76400781 s
this loop cost: 117005.8763938 s
this loop cost: 118566.02388883 s
this loop cost: 120126.05628681 s
this loop cost: 121686.08405685 s
this loop cost: 123246.24145889 s
this loop cost: 124806.39741683 s
this loop cost: 126366.53175497 s
this loop cost: 127926.67549992 s
this loop cost: 129486.82870984 s
this loop cost: 131046.85970902 s
this loop cost: 132606.89237499 s
this loop cost: 134167.03994083 s
this loop cost: 135727.07894588 s
this loop cost: 137287.20743084 s
this loop cost: 138847.36193395 s
this loop cost: 140407.51494002 s
this loop cost: 141967.5482738 s
this loop cost: 143527.57973099 s
this loop cost: 145087.6140759 s
this loop cost: 146647.75696898 s
this loop cost: 148207.78785181 s
this loop cost: 149767.82416797 s
this loop cost: 151327.85920691 s
this loop cost: 152887.88731384 s
this loop cost: 154447.94458389 s
this loop cost: 156007.98360682 s
this loop cost: 157568.13182497 s
this loop cost: 159128.27880192 s
this loop cost: 160688.31398487 s
this loop cost: 162248.347857 s
this loop cost: 163808.39079285 s
this loop cost: 165368.54193997 s
this loop cost: 166928.68819785 s
this loop cost: 168488.84438086 s
this loop cost: 170048.99131083 s
this loop cost: 171609.14335179 s
this loop cost: 173169.2956748 s
this loop cost: 174729.3313899 s
this loop cost: 176289.49392295 s
this loop cost: 177849.65205979 s
this loop cost: 179409.79133797 s
this loop cost: 180969.82481694 s
this loop cost: 182529.97535682 s
this loop cost: 184090.12091279 s
this loop cost: 185650.27625394 s
this loop cost: 187210.3120079 s
this loop cost: 188770.34548402 s
this loop cost: 190330.49767494 s
this loop cost: 191890.53068185 s
this loop cost: 193450.56399989 s
this loop cost: 195010.60079885 s
this loop cost: 196570.74272299 s
this loop cost: 198130.88958192 s
this loop cost: 199690.91770792 s
this loop cost: 201250.95978689 s
this loop cost: 202810.99360895 s
this loop cost: 204371.13864684 s
this loop cost: 205931.28305101 s
this loop cost: 207491.42322397 s
this loop cost: 209051.56229091 s
this loop cost: 210611.60083294 s
this loop cost: 212171.64246082 s
this loop cost: 213731.67614985 s
this loop cost: 215291.70363188 s
this loop cost: 216851.73940492 s
this loop cost: 218411.77758694 s
this loop cost: 219971.81321287 s
this loop cost: 221531.84643483 s
this loop cost: 223091.87926888 s
this loop cost: 224651.9111259 s
this loop cost: 226211.94597793 s
this loop cost: 227771.97703385 s
this loop cost: 229332.12593293 s
this loop cost: 230892.15475202 s
this loop cost: 232452.18010783 s
this loop cost: 234012.2136898 s
this loop cost: 235572.33867979 s
this loop cost: 237132.3747108 s
this loop cost: 238692.40801001 s
this loop cost: 240252.44798303 s
this loop cost: 241812.47351003 s
this loop cost: 243372.61364388 s
this loop cost: 244932.64210582 s
this loop cost: 246492.78916502 s
this loop cost: 248052.94347 s
this loop cost: 249613.09778285 s
this loop cost: 251173.14040685 s
this loop cost: 252733.28455782 s
this loop cost: 254293.43120289 s
this loop cost: 255853.47152686 s
this loop cost: 257413.62311482 s
this loop cost: 258973.65663695 s
this loop cost: 260533.69594097 s
this loop cost: 262093.84975386 s
this loop cost: 263654.00257492 s
this loop cost: 265214.039469 s
this loop cost: 266774.08140397 s
this loop cost: 268334.11440301 s
this loop cost: 269894.14945698 s
this loop cost: 271454.18218899 s
this loop cost: 273014.21989298 s
this loop cost: 274574.25506401 s
this loop cost: 276134.40484595 s
this loop cost: 277694.56284595 s
this loop cost: 279254.59475589 s
this loop cost: 280814.73510194 s
this loop cost: 282374.77044296 s
this loop cost: 283934.91595793 s
this loop cost: 285494.94947886 s
this loop cost: 287054.98842788 s
this loop cost: 288615.0184629 s
this loop cost: 290175.164258 s
this loop cost: 291735.31572986 s
this loop cost: 293295.35531092 s
this loop cost: 294855.38573384 s
this loop cost: 296415.41322303 s
this loop cost: 297975.56123781 s
this loop cost: 299535.59692287 s
this loop cost: 301095.73922801 s
this loop cost: 302655.77189684 s
this loop cost: 304215.80829501 s
this loop cost: 305775.8450048 s
this loop cost: 307335.99515986 s
this loop cost: 308896.02634788 s
this loop cost: 310456.06155086 s
this loop cost: 312016.21330786 s
this loop cost: 313576.36259699 s
this loop cost: 315136.39433289 s
dev_locate="H3A111" OR dev_locate="H3A112" OR dev_locate="H3A113" OR dev_locate="H3A11A" OR dev_locate="H3A121" OR dev_locate="H3A122" OR dev_locate="H3A123" OR dev_locate="H3A12A" OR dev_locate="H3A211" OR dev_locate="H3A212" OR dev_locate="H3A213" OR dev_locate="H3A21A" OR dev_locate="H3A221" OR dev_locate="H3A222" OR dev_locate="H3A223" OR dev_locate="H3A22A" OR dev_locate="H3A311" OR dev_locate="H3A312" OR dev_locate="H3A313" OR dev_locate="H3A31A" OR dev_locate="H3A321" OR dev_locate="H3A322" OR dev_locate="H3A323" OR dev_locate="H3A32A" OR dev_locate="H3A411" OR dev_locate="H3A412" OR dev_locate="H3A413" OR dev_locate="H3A41A" OR dev_locate="H3A421" OR dev_locate="H3A422" OR dev_locate="H3A423" OR dev_locate="H3A42A" OR dev_locate="H3A511" OR dev_locate="H3A512" OR dev_locate="H3A513" OR dev_locate="H3A51A" OR dev_locate="H3A521" OR dev_locate="H3A522" OR dev_locate="H3A523" OR dev_locate="H3A52A" OR dev_locate="H3A611" OR dev_locate="H3A612" OR dev_locate="H3A61A" OR dev_locate="H3A621" OR dev_locate="H3A622" OR dev_locate="H3A62A" OR dev_locate="H3C111" OR dev_locate="H3C112" OR dev_locate="H3C113" OR dev_locate="H3C11A" OR dev_locate="H3C121" OR dev_locate="H3C122" OR dev_locate="H3C123" OR dev_locate="H3C12A" OR dev_locate="H3C211" OR dev_locate="H3C212" OR dev_locate="H3C213" OR dev_locate="H3C21A" OR dev_locate="H3C221" OR dev_locate="H3C222" OR dev_locate="H3C223" OR dev_locate="H3C22A" OR dev_locate="H3C311" OR dev_locate="H3C312" OR dev_locate="H3C313" OR dev_locate="H3C31A" OR dev_locate="H3C321" OR dev_locate="H3C322" OR dev_locate="H3C323" OR dev_locate="H3C32A" OR dev_locate="H3C411" OR dev_locate="H3C412" OR dev_locate="H3C413" OR dev_locate="H3C41A" OR dev_locate="H3C421" OR dev_locate="H3C422" OR dev_locate="H3C423" OR dev_locate="H3C42A" OR dev_locate="H3C511" OR dev_locate="H3C512" OR dev_locate="H3C513" OR dev_locate="H3C51A" OR dev_locate="H3C521" OR dev_locate="H3C522" OR dev_locate="H3C523" OR dev_locate="H3C52A" OR dev_locate="H3C611" OR dev_locate="H3C612" OR dev_locate="H3C61A" OR dev_locate="H3C621" OR dev_locate="H3C622" OR dev_locate="H3C62A" OR dev_locate="J61041" OR dev_locate="J61051" OR dev_locate="J61061" OR dev_locate="J61071" OR dev_locate="J61081" OR dev_locate="J61091" OR dev_locate="J61101" OR dev_locate="J61111" OR dev_locate="J61121" OR dev_locate="J61131" OR dev_locate="J61141" OR dev_locate="J61151" OR dev_locate="J61161" OR dev_locate="J61171" OR dev_locate="J61181" OR dev_locate="J61191" OR dev_locate="J61201" OR dev_locate="J61211" OR dev_locate="J61221" OR dev_locate="J61231" OR dev_locate="J61241" OR dev_locate="J61251" OR dev_locate="J61261" OR dev_locate="J62011" OR dev_locate="J62021" OR dev_locate="J62031" OR dev_locate="J62041" OR dev_locate="J62051" OR dev_locate="J62061" OR dev_locate="J62071" OR dev_locate="J62081" OR dev_locate="J62091" OR dev_locate="J62101" OR dev_locate="J62111" OR dev_locate="J62121" OR dev_locate="J62131" OR dev_locate="J62141" OR dev_locate="J62151" OR dev_locate="J62161" OR dev_locate="J62171" OR dev_locate="J62181" OR dev_locate="J62191" OR dev_locate="J62201" OR dev_locate="J62211" OR dev_locate="J62221" OR dev_locate="J62231" OR dev_locate="J62241" OR dev_locate="J62251" OR dev_locate="J62261" OR dev_locate="J62L01" OR dev_locate="J62L02" OR dev_locate="J62L03" OR dev_locate="J63011" OR dev_locate="J63021" OR dev_locate="J63031" OR dev_locate="J63041" OR dev_locate="J63051" OR dev_locate="J63061" OR dev_locate="J63071" OR dev_locate="J63081" OR dev_locate="J63091" OR dev_locate="J63101" OR dev_locate="J63111" OR dev_locate="J63121" OR dev_locate="J63131" OR dev_locate="J63141" OR dev_locate="J63151" OR dev_locate="J63161" OR dev_locate="J63171" OR dev_locate="J63181" OR dev_locate="J63191" OR dev_locate="J63201" OR dev_locate="J63221" OR dev_locate="J63231" OR dev_locate="J63241" OR dev_locate="J63251" OR dev_locate="J63261" OR dev_locate="J63L01" OR dev_locate="J63L02" OR dev_locate="J63L03" OR dev_locate="J64011" OR dev_locate="J64021" OR dev_locate="J64031" OR dev_locate="J64041" OR dev_locate="J64051" OR dev_locate="J64061" OR dev_locate="J64071" OR dev_locate="J64081" OR dev_locate="J64091" OR dev_locate="J64101" OR dev_locate="J64111" OR dev_locate="J64121" OR dev_locate="J64131" OR dev_locate="J64141" OR dev_locate="J64151" OR dev_locate="J64161" OR dev_locate="J64171" OR dev_locate="J64181" OR dev_locate="J64191" OR dev_locate="J64201" OR dev_locate="J64211" OR dev_locate="J64221" OR dev_locate="J64231" OR dev_locate="J64241" OR dev_locate="J64251" OR dev_locate="J64261" OR dev_locate="J64L01" OR dev_locate="J64L02" OR dev_locate="J64L03" OR dev_locate="J65241" OR dev_locate="J65L01" OR dev_locate="J65L02" OR dev_locate="J65L03" OR dev_locate="J66011" OR dev_locate="J66021" OR dev_locate="J66031" OR dev_locate="J66041" OR dev_locate="J66051" OR dev_locate="J66061" OR dev_locate="J66071" OR dev_locate="J66081" OR dev_locate="J66091" OR dev_locate="J66101" OR dev_locate="J66111" OR dev_locate="J66121" OR dev_locate="J66131" OR dev_locate="J66141" OR dev_locate="J66151" OR dev_locate="J66161" OR dev_locate="J66171" OR dev_locate="J66181" OR dev_locate="J66191" OR dev_locate="J66201" OR dev_locate="J66211" OR dev_locate="J66221" OR dev_locate="J66231" OR dev_locate="J66241" OR dev_locate="J66251" OR dev_locate="J66261" OR dev_locate="J66L01" OR dev_locate="J66L02" OR dev_locate="J66L03" OR dev_locate="J67011" OR dev_locate="J67021" OR dev_locate="J67031" OR dev_locate="J67051" OR dev_locate="J67061" OR dev_locate="J67071" OR dev_locate="J67081" OR dev_locate="J67091" OR dev_locate="J67101" OR dev_locate="J67111" OR dev_locate="J67121" OR dev_locate="J67131" OR dev_locate="J67141" OR dev_locate="J67151" OR dev_locate="J67161" OR dev_locate="J67171" OR dev_locate="J67181" OR dev_locate="J67191" OR dev_locate="J67201" OR dev_locate="J67211" OR dev_locate="J67221" OR dev_locate="J67231" OR dev_locate="J67241" OR dev_locate="J67251" OR dev_locate="J67261" OR dev_locate="J67L01" OR dev_locate="J67L02" OR dev_locate="J67L03" OR dev_locate="J7041"
this loop cost: 0.031476974487305 s
this loop cost: 1560.1766049862 s
this loop cost: 3120.3178510666 s
dev_locate="H3A111" OR dev_locate="H3A112" OR dev_locate="H3A113" OR dev_locate="H3A11A" OR dev_locate="H3A121" OR dev_locate="H3A122" OR dev_locate="H3A123" OR dev_locate="H3A12A" OR dev_locate="H3A211" OR dev_locate="H3A212" OR dev_locate="H3A213" OR dev_locate="H3A21A" OR dev_locate="H3A221" OR dev_locate="H3A222" OR dev_locate="H3A223" OR dev_locate="H3A22A" OR dev_locate="H3A311" OR dev_locate="H3A312" OR dev_locate="H3A313" OR dev_locate="H3A31A" OR dev_locate="H3A321" OR dev_locate="H3A322" OR dev_locate="H3A323" OR dev_locate="H3A32A" OR dev_locate="H3A411" OR dev_locate="H3A412" OR dev_locate="H3A413" OR dev_locate="H3A41A" OR dev_locate="H3A421" OR dev_locate="H3A422" OR dev_locate="H3A423" OR dev_locate="H3A42A" OR dev_locate="H3A511" OR dev_locate="H3A512" OR dev_locate="H3A513" OR dev_locate="H3A51A" OR dev_locate="H3A521" OR dev_locate="H3A522" OR dev_locate="H3A523" OR dev_locate="H3A52A" OR dev_locate="H3A611" OR dev_locate="H3A612" OR dev_locate="H3A61A" OR dev_locate="H3A621" OR dev_locate="H3A622" OR dev_locate="H3A62A" OR dev_locate="H3C111" OR dev_locate="H3C112" OR dev_locate="H3C113" OR dev_locate="H3C11A" OR dev_locate="H3C121" OR dev_locate="H3C122" OR dev_locate="H3C123" OR dev_locate="H3C12A" OR dev_locate="H3C211" OR dev_locate="H3C212" OR dev_locate="H3C213" OR dev_locate="H3C21A" OR dev_locate="H3C221" OR dev_locate="H3C222" OR dev_locate="H3C223" OR dev_locate="H3C22A" OR dev_locate="H3C311" OR dev_locate="H3C312" OR dev_locate="H3C313" OR dev_locate="H3C31A" OR dev_locate="H3C321" OR dev_locate="H3C322" OR dev_locate="H3C323" OR dev_locate="H3C32A" OR dev_locate="H3C411" OR dev_locate="H3C412" OR dev_locate="H3C413" OR dev_locate="H3C41A" OR dev_locate="H3C421" OR dev_locate="H3C422" OR dev_locate="H3C423" OR dev_locate="H3C42A" OR dev_locate="H3C511" OR dev_locate="H3C512" OR dev_locate="H3C513" OR dev_locate="H3C51A" OR dev_locate="H3C521" OR dev_locate="H3C522" OR dev_locate="H3C523" OR dev_locate="H3C52A" OR dev_locate="H3C611" OR dev_locate="H3C612" OR dev_locate="H3C61A" OR dev_locate="H3C621" OR dev_locate="H3C622" OR dev_locate="H3C62A" OR dev_locate="J61041" OR dev_locate="J61051" OR dev_locate="J61061" OR dev_locate="J61071" OR dev_locate="J61081" OR dev_locate="J61091" OR dev_locate="J61101" OR dev_locate="J61111" OR dev_locate="J61121" OR dev_locate="J61131" OR dev_locate="J61141" OR dev_locate="J61151" OR dev_locate="J61161" OR dev_locate="J61171" OR dev_locate="J61181" OR dev_locate="J61191" OR dev_locate="J61201" OR dev_locate="J61211" OR dev_locate="J61221" OR dev_locate="J61231" OR dev_locate="J61241" OR dev_locate="J61251" OR dev_locate="J61261" OR dev_locate="J62011" OR dev_locate="J62021" OR dev_locate="J62031" OR dev_locate="J62041" OR dev_locate="J62051" OR dev_locate="J62061" OR dev_locate="J62071" OR dev_locate="J62081" OR dev_locate="J62091" OR dev_locate="J62101" OR dev_locate="J62111" OR dev_locate="J62121" OR dev_locate="J62131" OR dev_locate="J62141" OR dev_locate="J62151" OR dev_locate="J62161" OR dev_locate="J62171" OR dev_locate="J62181" OR dev_locate="J62191" OR dev_locate="J62201" OR dev_locate="J62211" OR dev_locate="J62221" OR dev_locate="J62231" OR dev_locate="J62241" OR dev_locate="J62251" OR dev_locate="J62261" OR dev_locate="J62L01" OR dev_locate="J62L02" OR dev_locate="J62L03" OR dev_locate="J63L01" OR dev_locate="J63L02" OR dev_locate="J63L03" OR dev_locate="J64011" OR dev_locate="J64021" OR dev_locate="J64031" OR dev_locate="J64041" OR dev_locate="J64051" OR dev_locate="J64061" OR dev_locate="J64071" OR dev_locate="J64081" OR dev_locate="J64091" OR dev_locate="J64101" OR dev_locate="J64111" OR dev_locate="J64121" OR dev_locate="J64131" OR dev_locate="J64141" OR dev_locate="J64151" OR dev_locate="J64161" OR dev_locate="J64171" OR dev_locate="J64181" OR dev_locate="J64191" OR dev_locate="J64201" OR dev_locate="J64211" OR dev_locate="J64221" OR dev_locate="J64231" OR dev_locate="J64241" OR dev_locate="J64251" OR dev_locate="J64261" OR dev_locate="J64L01" OR dev_locate="J64L02" OR dev_locate="J64L03" OR dev_locate="J65241" OR dev_locate="J65L01" OR dev_locate="J65L02" OR dev_locate="J65L03" OR dev_locate="J66011" OR dev_locate="J66021" OR dev_locate="J66031" OR dev_locate="J66041" OR dev_locate="J66051" OR dev_locate="J66061" OR dev_locate="J66071" OR dev_locate="J66081" OR dev_locate="J66091" OR dev_locate="J66101" OR dev_locate="J66111" OR dev_locate="J66121" OR dev_locate="J66131" OR dev_locate="J66141" OR dev_locate="J66151" OR dev_locate="J66161" OR dev_locate="J66171" OR dev_locate="J66181" OR dev_locate="J66191" OR dev_locate="J66201" OR dev_locate="J66211" OR dev_locate="J66221" OR dev_locate="J66231" OR dev_locate="J66241" OR dev_locate="J66251" OR dev_locate="J66261" OR dev_locate="J66L01" OR dev_locate="J66L02" OR dev_locate="J66L03" OR dev_locate="J67011" OR dev_locate="J67021" OR dev_locate="J67031" OR dev_locate="J67051" OR dev_locate="J67061" OR dev_locate="J67071" OR dev_locate="J67081" OR dev_locate="J67091" OR dev_locate="J67101" OR dev_locate="J67111" OR dev_locate="J67121" OR dev_locate="J67131" OR dev_locate="J67141" OR dev_locate="J67151" OR dev_locate="J67161" OR dev_locate="J67171" OR dev_locate="J67181" OR dev_locate="J67191" OR dev_locate="J67201" OR dev_locate="J67211" OR dev_locate="J67221" OR dev_locate="J67231" OR dev_locate="J67241" OR dev_locate="J67251" OR dev_locate="J67261" OR dev_locate="J67L01" OR dev_locate="J67L02" OR dev_locate="J67L03" OR dev_locate="J7041"
this loop cost: 0.028910875320435 s
dev_locate="H3A111" OR dev_locate="H3A112" OR dev_locate="H3A113" OR dev_locate="H3A11A" OR dev_locate="H3A121" OR dev_locate="H3A122" OR dev_locate="H3A123" OR dev_locate="H3A12A" OR dev_locate="H3A211" OR dev_locate="H3A212" OR dev_locate="H3A213" OR dev_locate="H3A21A" OR dev_locate="H3A221" OR dev_locate="H3A222" OR dev_locate="H3A223" OR dev_locate="H3A22A" OR dev_locate="H3A311" OR dev_locate="H3A312" OR dev_locate="H3A313" OR dev_locate="H3A31A" OR dev_locate="H3A321" OR dev_locate="H3A322" OR dev_locate="H3A323" OR dev_locate="H3A32A" OR dev_locate="H3A411" OR dev_locate="H3A412" OR dev_locate="H3A413" OR dev_locate="H3A41A" OR dev_locate="H3A421" OR dev_locate="H3A422" OR dev_locate="H3A423" OR dev_locate="H3A42A" OR dev_locate="H3A511" OR dev_locate="H3A512" OR dev_locate="H3A513" OR dev_locate="H3A51A" OR dev_locate="H3A521" OR dev_locate="H3A522" OR dev_locate="H3A523" OR dev_locate="H3A52A" OR dev_locate="H3A611" OR dev_locate="H3A612" OR dev_locate="H3A61A" OR dev_locate="H3A621" OR dev_locate="H3A622" OR dev_locate="H3A62A" OR dev_locate="H3C111" OR dev_locate="H3C112" OR dev_locate="H3C113" OR dev_locate="H3C11A" OR dev_locate="H3C121" OR dev_locate="H3C122" OR dev_locate="H3C123" OR dev_locate="H3C12A" OR dev_locate="H3C211" OR dev_locate="H3C212" OR dev_locate="H3C213" OR dev_locate="H3C21A" OR dev_locate="H3C221" OR dev_locate="H3C222" OR dev_locate="H3C223" OR dev_locate="H3C22A" OR dev_locate="H3C311" OR dev_locate="H3C312" OR dev_locate="H3C313" OR dev_locate="H3C31A" OR dev_locate="H3C321" OR dev_locate="H3C322" OR dev_locate="H3C323" OR dev_locate="H3C32A" OR dev_locate="H3C411" OR dev_locate="H3C412" OR dev_locate="H3C413" OR dev_locate="H3C41A" OR dev_locate="H3C421" OR dev_locate="H3C422" OR dev_locate="H3C423" OR dev_locate="H3C42A" OR dev_locate="H3C511" OR dev_locate="H3C512" OR dev_locate="H3C513" OR dev_locate="H3C51A" OR dev_locate="H3C521" OR dev_locate="H3C522" OR dev_locate="H3C523" OR dev_locate="H3C52A" OR dev_locate="H3C611" OR dev_locate="H3C612" OR dev_locate="H3C61A" OR dev_locate="H3C621" OR dev_locate="H3C622" OR dev_locate="H3C62A" OR dev_locate="J61041" OR dev_locate="J61051" OR dev_locate="J61061" OR dev_locate="J61071" OR dev_locate="J61081" OR dev_locate="J61091" OR dev_locate="J61101" OR dev_locate="J61111" OR dev_locate="J61121" OR dev_locate="J61131" OR dev_locate="J61141" OR dev_locate="J61151" OR dev_locate="J61161" OR dev_locate="J61171" OR dev_locate="J61181" OR dev_locate="J61191" OR dev_locate="J61201" OR dev_locate="J61211" OR dev_locate="J61221" OR dev_locate="J61231" OR dev_locate="J61241" OR dev_locate="J61251" OR dev_locate="J61261" OR dev_locate="J62011" OR dev_locate="J62021" OR dev_locate="J62031" OR dev_locate="J62041" OR dev_locate="J62051" OR dev_locate="J62061" OR dev_locate="J62071" OR dev_locate="J62081" OR dev_locate="J62091" OR dev_locate="J62101" OR dev_locate="J62111" OR dev_locate="J62121" OR dev_locate="J62131" OR dev_locate="J62141" OR dev_locate="J62151" OR dev_locate="J62161" OR dev_locate="J62171" OR dev_locate="J62181" OR dev_locate="J62191" OR dev_locate="J62201" OR dev_locate="J62211" OR dev_locate="J62221" OR dev_locate="J62231" OR dev_locate="J62241" OR dev_locate="J62251" OR dev_locate="J62261" OR dev_locate="J62L01" OR dev_locate="J62L02" OR dev_locate="J62L03" OR dev_locate="J63011" OR dev_locate="J63021" OR dev_locate="J63031" OR dev_locate="J63041" OR dev_locate="J63051" OR dev_locate="J63061" OR dev_locate="J63071" OR dev_locate="J63081" OR dev_locate="J63091" OR dev_locate="J63101" OR dev_locate="J63111" OR dev_locate="J63121" OR dev_locate="J63L01" OR dev_locate="J63L02" OR dev_locate="J63L03" OR dev_locate="J64011" OR dev_locate="J64021" OR dev_locate="J64031" OR dev_locate="J64041" OR dev_locate="J64051" OR dev_locate="J64061" OR dev_locate="J64071" OR dev_locate="J64081" OR dev_locate="J64091" OR dev_locate="J64101" OR dev_locate="J64111" OR dev_locate="J64121" OR dev_locate="J64131" OR dev_locate="J64141" OR dev_locate="J64151" OR dev_locate="J64161" OR dev_locate="J64171" OR dev_locate="J64181" OR dev_locate="J64191" OR dev_locate="J64201" OR dev_locate="J64211" OR dev_locate="J64221" OR dev_locate="J64231" OR dev_locate="J64241" OR dev_locate="J64251" OR dev_locate="J64261" OR dev_locate="J64L01" OR dev_locate="J64L02" OR dev_locate="J64L03" OR dev_locate="J65241" OR dev_locate="J65L01" OR dev_locate="J65L02" OR dev_locate="J65L03" OR dev_locate="J66011" OR dev_locate="J66021" OR dev_locate="J66031" OR dev_locate="J66041" OR dev_locate="J66051" OR dev_locate="J66061" OR dev_locate="J66071" OR dev_locate="J66081" OR dev_locate="J66091" OR dev_locate="J66101" OR dev_locate="J66111" OR dev_locate="J66121" OR dev_locate="J66131" OR dev_locate="J66141" OR dev_locate="J66151" OR dev_locate="J66161" OR dev_locate="J66171" OR dev_locate="J66181" OR dev_locate="J66191" OR dev_locate="J66201" OR dev_locate="J66211" OR dev_locate="J66221" OR dev_locate="J66231" OR dev_locate="J66241" OR dev_locate="J66251" OR dev_locate="J66261" OR dev_locate="J66L01" OR dev_locate="J66L02" OR dev_locate="J66L03" OR dev_locate="J67011" OR dev_locate="J67021" OR dev_locate="J67031" OR dev_locate="J67051" OR dev_locate="J67061" OR dev_locate="J67071" OR dev_locate="J67081" OR dev_locate="J67091" OR dev_locate="J67101" OR dev_locate="J67111" OR dev_locate="J67121" OR dev_locate="J67131" OR dev_locate="J67141" OR dev_locate="J67151" OR dev_locate="J67161" OR dev_locate="J67171" OR dev_locate="J67181" OR dev_locate="J67191" OR dev_locate="J67201" OR dev_locate="J67211" OR dev_locate="J67221" OR dev_locate="J67231" OR dev_locate="J67241" OR dev_locate="J67251" OR dev_locate="J67261" OR dev_locate="J67L01" OR dev_locate="J67L02" OR dev_locate="J67L03" OR dev_locate="J7041"
this loop cost: 0.051844835281372 s
dev_locate="H3A111" OR dev_locate="H3A112" OR dev_locate="H3A113" OR dev_locate="H3A11A" OR dev_locate="H3A121" OR dev_locate="H3A122" OR dev_locate="H3A123" OR dev_locate="H3A12A" OR dev_locate="H3A211" OR dev_locate="H3A212" OR dev_locate="H3A213" OR dev_locate="H3A21A" OR dev_locate="H3A221" OR dev_locate="H3A222" OR dev_locate="H3A223" OR dev_locate="H3A22A" OR dev_locate="H3A311" OR dev_locate="H3A312" OR dev_locate="H3A313" OR dev_locate="H3A31A" OR dev_locate="H3A321" OR dev_locate="H3A322" OR dev_locate="H3A323" OR dev_locate="H3A32A" OR dev_locate="H3A411" OR dev_locate="H3A412" OR dev_locate="H3A413" OR dev_locate="H3A41A" OR dev_locate="H3A421" OR dev_locate="H3A422" OR dev_locate="H3A423" OR dev_locate="H3A42A" OR dev_locate="H3A511" OR dev_locate="H3A512" OR dev_locate="H3A513" OR dev_locate="H3A51A" OR dev_locate="H3A521" OR dev_locate="H3A522" OR dev_locate="H3A523" OR dev_locate="H3A52A" OR dev_locate="H3A611" OR dev_locate="H3A612" OR dev_locate="H3A61A" OR dev_locate="H3A621" OR dev_locate="H3A622" OR dev_locate="H3A62A" OR dev_locate="H3C111" OR dev_locate="H3C112" OR dev_locate="H3C113" OR dev_locate="H3C11A" OR dev_locate="H3C121" OR dev_locate="H3C122" OR dev_locate="H3C123" OR dev_locate="H3C12A" OR dev_locate="H3C211" OR dev_locate="H3C212" OR dev_locate="H3C213" OR dev_locate="H3C21A" OR dev_locate="H3C221" OR dev_locate="H3C222" OR dev_locate="H3C223" OR dev_locate="H3C22A" OR dev_locate="H3C311" OR dev_locate="H3C312" OR dev_locate="H3C313" OR dev_locate="H3C31A" OR dev_locate="H3C321" OR dev_locate="H3C322" OR dev_locate="H3C323" OR dev_locate="H3C32A" OR dev_locate="H3C411" OR dev_locate="H3C412" OR dev_locate="H3C413" OR dev_locate="H3C41A" OR dev_locate="H3C421" OR dev_locate="H3C422" OR dev_locate="H3C423" OR dev_locate="H3C42A" OR dev_locate="H3C511" OR dev_locate="H3C512" OR dev_locate="H3C513" OR dev_locate="H3C51A" OR dev_locate="H3C521" OR dev_locate="H3C522" OR dev_locate="H3C523" OR dev_locate="H3C52A" OR dev_locate="H3C611" OR dev_locate="H3C612" OR dev_locate="H3C61A" OR dev_locate="H3C621" OR dev_locate="H3C622" OR dev_locate="H3C62A" OR dev_locate="J61031" OR dev_locate="J61041" OR dev_locate="J61051" OR dev_locate="J61061" OR dev_locate="J61071" OR dev_locate="J61081" OR dev_locate="J61091" OR dev_locate="J61101" OR dev_locate="J61111" OR dev_locate="J61121" OR dev_locate="J61131" OR dev_locate="J61141" OR dev_locate="J61151" OR dev_locate="J61161" OR dev_locate="J61171" OR dev_locate="J61181" OR dev_locate="J61191" OR dev_locate="J61201" OR dev_locate="J61211" OR dev_locate="J61221" OR dev_locate="J61231" OR dev_locate="J61241" OR dev_locate="J61251" OR dev_locate="J61261" OR dev_locate="J62011" OR dev_locate="J62021" OR dev_locate="J62031" OR dev_locate="J62041" OR dev_locate="J62051" OR dev_locate="J62061" OR dev_locate="J62071" OR dev_locate="J62081" OR dev_locate="J62091" OR dev_locate="J62101" OR dev_locate="J62111" OR dev_locate="J62121" OR dev_locate="J62131" OR dev_locate="J62141" OR dev_locate="J62151" OR dev_locate="J62161" OR dev_locate="J62171" OR dev_locate="J62181" OR dev_locate="J62191" OR dev_locate="J62201" OR dev_locate="J62211" OR dev_locate="J62221" OR dev_locate="J62231" OR dev_locate="J62241" OR dev_locate="J62251" OR dev_locate="J62261" OR dev_locate="J62L01" OR dev_locate="J62L02" OR dev_locate="J62L03" OR dev_locate="J63011" OR dev_locate="J63021" OR dev_locate="J63031" OR dev_locate="J63041" OR dev_locate="J63051" OR dev_locate="J63061" OR dev_locate="J63071" OR dev_locate="J63081" OR dev_locate="J63091" OR dev_locate="J63101" OR dev_locate="J63111" OR dev_locate="J63121" OR dev_locate="J63L01" OR dev_locate="J63L02" OR dev_locate="J63L03" OR dev_locate="J64011" OR dev_locate="J64021" OR dev_locate="J64031" OR dev_locate="J64041" OR dev_locate="J64051" OR dev_locate="J64061" OR dev_locate="J64071" OR dev_locate="J64081" OR dev_locate="J64091" OR dev_locate="J64101" OR dev_locate="J64111" OR dev_locate="J64121" OR dev_locate="J64131" OR dev_locate="J64141" OR dev_locate="J64151" OR dev_locate="J64161" OR dev_locate="J64171" OR dev_locate="J64181" OR dev_locate="J64191" OR dev_locate="J64201" OR dev_locate="J64211" OR dev_locate="J64221" OR dev_locate="J64231" OR dev_locate="J64241" OR dev_locate="J64251" OR dev_locate="J64261" OR dev_locate="J64L01" OR dev_locate="J64L02" OR dev_locate="J64L03" OR dev_locate="J65241" OR dev_locate="J65L01" OR dev_locate="J65L02" OR dev_locate="J65L03" OR dev_locate="J66011" OR dev_locate="J66021" OR dev_locate="J66031" OR dev_locate="J66041" OR dev_locate="J66051" OR dev_locate="J66061" OR dev_locate="J66071" OR dev_locate="J66081" OR dev_locate="J66091" OR dev_locate="J66101" OR dev_locate="J66111" OR dev_locate="J66121" OR dev_locate="J66131" OR dev_locate="J66141" OR dev_locate="J66151" OR dev_locate="J66161" OR dev_locate="J66171" OR dev_locate="J66181" OR dev_locate="J66191" OR dev_locate="J66201" OR dev_locate="J66211" OR dev_locate="J66221" OR dev_locate="J66231" OR dev_locate="J66241" OR dev_locate="J66251" OR dev_locate="J66261" OR dev_locate="J66L01" OR dev_locate="J66L02" OR dev_locate="J66L03" OR dev_locate="J67011" OR dev_locate="J67021" OR dev_locate="J67031" OR dev_locate="J67051" OR dev_locate="J67061" OR dev_locate="J67071" OR dev_locate="J67081" OR dev_locate="J67091" OR dev_locate="J67101" OR dev_locate="J67111" OR dev_locate="J67121" OR dev_locate="J67131" OR dev_locate="J67141" OR dev_locate="J67151" OR dev_locate="J67161" OR dev_locate="J67171" OR dev_locate="J67181" OR dev_locate="J67191" OR dev_locate="J67201" OR dev_locate="J67211" OR dev_locate="J67221" OR dev_locate="J67231" OR dev_locate="J67241" OR dev_locate="J67251" OR dev_locate="J67261" OR dev_locate="J67L01" OR dev_locate="J67L02" OR dev_locate="J67L03" OR dev_locate="J7041"
this loop cost: 0.034420013427734 s
dev_locate="H3A111" OR dev_locate="H3A112" OR dev_locate="H3A113" OR dev_locate="H3A11A" OR dev_locate="H3A121" OR dev_locate="H3A122" OR dev_locate="H3A123" OR dev_locate="H3A12A" OR dev_locate="H3A211" OR dev_locate="H3A212" OR dev_locate="H3A213" OR dev_locate="H3A21A" OR dev_locate="H3A221" OR dev_locate="H3A222" OR dev_locate="H3A223" OR dev_locate="H3A22A" OR dev_locate="H3A311" OR dev_locate="H3A312" OR dev_locate="H3A313" OR dev_locate="H3A31A" OR dev_locate="H3A321" OR dev_locate="H3A322" OR dev_locate="H3A323" OR dev_locate="H3A32A" OR dev_locate="H3A411" OR dev_locate="H3A412" OR dev_locate="H3A413" OR dev_locate="H3A41A" OR dev_locate="H3A421" OR dev_locate="H3A422" OR dev_locate="H3A423" OR dev_locate="H3A42A" OR dev_locate="H3A511" OR dev_locate="H3A512" OR dev_locate="H3A513" OR dev_locate="H3A51A" OR dev_locate="H3A521" OR dev_locate="H3A522" OR dev_locate="H3A523" OR dev_locate="H3A52A" OR dev_locate="H3A611" OR dev_locate="H3A612" OR dev_locate="H3A61A" OR dev_locate="H3A621" OR dev_locate="H3A622" OR dev_locate="H3A62A" OR dev_locate="H3C111" OR dev_locate="H3C112" OR dev_locate="H3C113" OR dev_locate="H3C11A" OR dev_locate="H3C121" OR dev_locate="H3C122" OR dev_locate="H3C123" OR dev_locate="H3C12A" OR dev_locate="H3C211" OR dev_locate="H3C212" OR dev_locate="H3C213" OR dev_locate="H3C21A" OR dev_locate="H3C221" OR dev_locate="H3C222" OR dev_locate="H3C223" OR dev_locate="H3C22A" OR dev_locate="H3C311" OR dev_locate="H3C312" OR dev_locate="H3C313" OR dev_locate="H3C31A" OR dev_locate="H3C321" OR dev_locate="H3C322" OR dev_locate="H3C323" OR dev_locate="H3C32A" OR dev_locate="H3C411" OR dev_locate="H3C412" OR dev_locate="H3C413" OR dev_locate="H3C41A" OR dev_locate="H3C421" OR dev_locate="H3C422" OR dev_locate="H3C423" OR dev_locate="H3C42A" OR dev_locate="H3C511" OR dev_locate="H3C512" OR dev_locate="H3C513" OR dev_locate="H3C51A" OR dev_locate="H3C521" OR dev_locate="H3C522" OR dev_locate="H3C523" OR dev_locate="H3C52A" OR dev_locate="H3C611" OR dev_locate="H3C612" OR dev_locate="H3C61A" OR dev_locate="H3C621" OR dev_locate="H3C622" OR dev_locate="H3C62A" OR dev_locate="J61031" OR dev_locate="J61041" OR dev_locate="J61051" OR dev_locate="J61061" OR dev_locate="J61071" OR dev_locate="J61081" OR dev_locate="J61091" OR dev_locate="J61101" OR dev_locate="J61111" OR dev_locate="J61121" OR dev_locate="J61131" OR dev_locate="J61141" OR dev_locate="J61151" OR dev_locate="J61161" OR dev_locate="J61171" OR dev_locate="J61181" OR dev_locate="J61191" OR dev_locate="J61201" OR dev_locate="J61211" OR dev_locate="J61221" OR dev_locate="J61231" OR dev_locate="J61241" OR dev_locate="J61251" OR dev_locate="J61261" OR dev_locate="J62011" OR dev_locate="J62021" OR dev_locate="J62031" OR dev_locate="J62041" OR dev_locate="J62051" OR dev_locate="J62061" OR dev_locate="J62071" OR dev_locate="J62081" OR dev_locate="J62091" OR dev_locate="J62101" OR dev_locate="J62111" OR dev_locate="J62121" OR dev_locate="J62131" OR dev_locate="J62141" OR dev_locate="J62151" OR dev_locate="J62161" OR dev_locate="J62171" OR dev_locate="J62181" OR dev_locate="J62191" OR dev_locate="J62201" OR dev_locate="J62211" OR dev_locate="J62221" OR dev_locate="J62231" OR dev_locate="J62241" OR dev_locate="J62251" OR dev_locate="J62261" OR dev_locate="J62L01" OR dev_locate="J62L02" OR dev_locate="J62L03" OR dev_locate="J63011" OR dev_locate="J63021" OR dev_locate="J63031" OR dev_locate="J63041" OR dev_locate="J63051" OR dev_locate="J63061" OR dev_locate="J63071" OR dev_locate="J63081" OR dev_locate="J63091" OR dev_locate="J63101" OR dev_locate="J63111" OR dev_locate="J63121" OR dev_locate="J63L01" OR dev_locate="J63L02" OR dev_locate="J63L03" OR dev_locate="J64011" OR dev_locate="J64021" OR dev_locate="J64031" OR dev_locate="J64041" OR dev_locate="J64051" OR dev_locate="J64061" OR dev_locate="J64071" OR dev_locate="J64081" OR dev_locate="J64091" OR dev_locate="J64101" OR dev_locate="J64111" OR dev_locate="J64121" OR dev_locate="J64131" OR dev_locate="J64141" OR dev_locate="J64151" OR dev_locate="J64161" OR dev_locate="J64171" OR dev_locate="J64181" OR dev_locate="J64191" OR dev_locate="J64201" OR dev_locate="J64211" OR dev_locate="J64221" OR dev_locate="J64231" OR dev_locate="J64241" OR dev_locate="J64251" OR dev_locate="J64261" OR dev_locate="J64L01" OR dev_locate="J64L02" OR dev_locate="J64L03" OR dev_locate="J65241" OR dev_locate="J65L01" OR dev_locate="J65L02" OR dev_locate="J65L03" OR dev_locate="J66011" OR dev_locate="J66021" OR dev_locate="J66031" OR dev_locate="J66041" OR dev_locate="J66051" OR dev_locate="J66061" OR dev_locate="J66071" OR dev_locate="J66081" OR dev_locate="J66091" OR dev_locate="J66101" OR dev_locate="J66111" OR dev_locate="J66121" OR dev_locate="J66131" OR dev_locate="J66141" OR dev_locate="J66151" OR dev_locate="J66161" OR dev_locate="J66171" OR dev_locate="J66181" OR dev_locate="J66191" OR dev_locate="J66201" OR dev_locate="J66211" OR dev_locate="J66221" OR dev_locate="J66231" OR dev_locate="J66241" OR dev_locate="J66251" OR dev_locate="J66261" OR dev_locate="J66L01" OR dev_locate="J66L02" OR dev_locate="J66L03" OR dev_locate="J67011" OR dev_locate="J67021" OR dev_locate="J67031" OR dev_locate="J67051" OR dev_locate="J67061" OR dev_locate="J67071" OR dev_locate="J67081" OR dev_locate="J67091" OR dev_locate="J67101" OR dev_locate="J67111" OR dev_locate="J67121" OR dev_locate="J67131" OR dev_locate="J67141" OR dev_locate="J67151" OR dev_locate="J67161" OR dev_locate="J67171" OR dev_locate="J67181" OR dev_locate="J67191" OR dev_locate="J67201" OR dev_locate="J67211" OR dev_locate="J67221" OR dev_locate="J67231" OR dev_locate="J67241" OR dev_locate="J67251" OR dev_locate="J67261" OR dev_locate="J67L01" OR dev_locate="J67L02" OR dev_locate="J67L03" OR dev_locate="J7041"
this loop cost: 0.034225940704346 s
this loop cost: 1560.1888520718 s
this loop cost: 1560.0656681061 s
dev_locate="H3A111" OR dev_locate="H3A112" OR dev_locate="H3A113" OR dev_locate="H3A11A" OR dev_locate="H3A121" OR dev_locate="H3A122" OR dev_locate="H3A123" OR dev_locate="H3A12A" OR dev_locate="H3A211" OR dev_locate="H3A212" OR dev_locate="H3A213" OR dev_locate="H3A21A" OR dev_locate="H3A221" OR dev_locate="H3A222" OR dev_locate="H3A223" OR dev_locate="H3A22A" OR dev_locate="H3A311" OR dev_locate="H3A312" OR dev_locate="H3A313" OR dev_locate="H3A31A" OR dev_locate="H3A321" OR dev_locate="H3A322" OR dev_locate="H3A323" OR dev_locate="H3A32A" OR dev_locate="H3A411" OR dev_locate="H3A412" OR dev_locate="H3A413" OR dev_locate="H3A41A" OR dev_locate="H3A421" OR dev_locate="H3A422" OR dev_locate="H3A423" OR dev_locate="H3A42A" OR dev_locate="H3A511" OR dev_locate="H3A512" OR dev_locate="H3A513" OR dev_locate="H3A51A" OR dev_locate="H3A521" OR dev_locate="H3A522" OR dev_locate="H3A523" OR dev_locate="H3A52A" OR dev_locate="H3A611" OR dev_locate="H3A612" OR dev_locate="H3A61A" OR dev_locate="H3A621" OR dev_locate="H3A622" OR dev_locate="H3A62A" OR dev_locate="H3C111" OR dev_locate="H3C112" OR dev_locate="H3C113" OR dev_locate="H3C11A" OR dev_locate="H3C121" OR dev_locate="H3C122" OR dev_locate="H3C123" OR dev_locate="H3C12A" OR dev_locate="H3C211" OR dev_locate="H3C212" OR dev_locate="H3C213" OR dev_locate="H3C21A" OR dev_locate="H3C221" OR dev_locate="H3C222" OR dev_locate="H3C223" OR dev_locate="H3C22A" OR dev_locate="H3C311" OR dev_locate="H3C312" OR dev_locate="H3C313" OR dev_locate="H3C31A" OR dev_locate="H3C321" OR dev_locate="H3C322" OR dev_locate="H3C323" OR dev_locate="H3C32A" OR dev_locate="H3C411" OR dev_locate="H3C412" OR dev_locate="H3C413" OR dev_locate="H3C41A" OR dev_locate="H3C421" OR dev_locate="H3C422" OR dev_locate="H3C423" OR dev_locate="H3C42A" OR dev_locate="H3C511" OR dev_locate="H3C512" OR dev_locate="H3C513" OR dev_locate="H3C51A" OR dev_locate="H3C521" OR dev_locate="H3C522" OR dev_locate="H3C523" OR dev_locate="H3C52A" OR dev_locate="H3C611" OR dev_locate="H3C612" OR dev_locate="H3C61A" OR dev_locate="H3C621" OR dev_locate="H3C622" OR dev_locate="H3C62A" OR dev_locate="J61031" OR dev_locate="J61041" OR dev_locate="J61051" OR dev_locate="J61061" OR dev_locate="J61071" OR dev_locate="J61081" OR dev_locate="J61091" OR dev_locate="J61101" OR dev_locate="J61111" OR dev_locate="J61121" OR dev_locate="J61131" OR dev_locate="J61141" OR dev_locate="J61151" OR dev_locate="J61161" OR dev_locate="J61171" OR dev_locate="J61181" OR dev_locate="J61191" OR dev_locate="J61201" OR dev_locate="J61211" OR dev_locate="J61221" OR dev_locate="J61231" OR dev_locate="J61241" OR dev_locate="J61251" OR dev_locate="J61261" OR dev_locate="J62011" OR dev_locate="J62021" OR dev_locate="J62031" OR dev_locate="J62041" OR dev_locate="J62051" OR dev_locate="J62061" OR dev_locate="J62071" OR dev_locate="J62081" OR dev_locate="J62091" OR dev_locate="J62101" OR dev_locate="J62111" OR dev_locate="J62121" OR dev_locate="J62131" OR dev_locate="J62141" OR dev_locate="J62151" OR dev_locate="J62161" OR dev_locate="J62171" OR dev_locate="J62181" OR dev_locate="J62191" OR dev_locate="J62201" OR dev_locate="J62211" OR dev_locate="J62221" OR dev_locate="J62231" OR dev_locate="J62241" OR dev_locate="J62251" OR dev_locate="J62261" OR dev_locate="J62L01" OR dev_locate="J62L02" OR dev_locate="J62L03" OR dev_locate="J63011" OR dev_locate="J63021" OR dev_locate="J63031" OR dev_locate="J63041" OR dev_locate="J63051" OR dev_locate="J63061" OR dev_locate="J63071" OR dev_locate="J63081" OR dev_locate="J63091" OR dev_locate="J63101" OR dev_locate="J63111" OR dev_locate="J63121" OR dev_locate="J63L01" OR dev_locate="J63L02" OR dev_locate="J63L03" OR dev_locate="J64L01" OR dev_locate="J64L02" OR dev_locate="J64L03" OR dev_locate="J65241" OR dev_locate="J65L01" OR dev_locate="J65L02" OR dev_locate="J65L03" OR dev_locate="J66011" OR dev_locate="J66021" OR dev_locate="J66031" OR dev_locate="J66041" OR dev_locate="J66051" OR dev_locate="J66061" OR dev_locate="J66071" OR dev_locate="J66081" OR dev_locate="J66091" OR dev_locate="J66101" OR dev_locate="J66111" OR dev_locate="J66121" OR dev_locate="J66131" OR dev_locate="J66141" OR dev_locate="J66151" OR dev_locate="J66161" OR dev_locate="J66171" OR dev_locate="J66181" OR dev_locate="J66191" OR dev_locate="J66201" OR dev_locate="J66211" OR dev_locate="J66221" OR dev_locate="J66231" OR dev_locate="J66241" OR dev_locate="J66251" OR dev_locate="J66261" OR dev_locate="J66L01" OR dev_locate="J66L02" OR dev_locate="J66L03" OR dev_locate="J67011" OR dev_locate="J67021" OR dev_locate="J67031" OR dev_locate="J67051" OR dev_locate="J67061" OR dev_locate="J67071" OR dev_locate="J67081" OR dev_locate="J67091" OR dev_locate="J67101" OR dev_locate="J67111" OR dev_locate="J67121" OR dev_locate="J67131" OR dev_locate="J67141" OR dev_locate="J67151" OR dev_locate="J67161" OR dev_locate="J67171" OR dev_locate="J67181" OR dev_locate="J67191" OR dev_locate="J67201" OR dev_locate="J67211" OR dev_locate="J67221" OR dev_locate="J67231" OR dev_locate="J67241" OR dev_locate="J67251" OR dev_locate="J67261" OR dev_locate="J67L01" OR dev_locate="J67L02" OR dev_locate="J67L03" OR dev_locate="J7041"
this loop cost: 0.028503894805908 s
dev_locate="H3A111" OR dev_locate="H3A112" OR dev_locate="H3A113" OR dev_locate="H3A11A" OR dev_locate="H3A121" OR dev_locate="H3A122" OR dev_locate="H3A123" OR dev_locate="H3A12A" OR dev_locate="H3A211" OR dev_locate="H3A212" OR dev_locate="H3A213" OR dev_locate="H3A21A" OR dev_locate="H3A221" OR dev_locate="H3A222" OR dev_locate="H3A223" OR dev_locate="H3A22A" OR dev_locate="H3A311" OR dev_locate="H3A312" OR dev_locate="H3A313" OR dev_locate="H3A31A" OR dev_locate="H3A321" OR dev_locate="H3A322" OR dev_locate="H3A323" OR dev_locate="H3A32A" OR dev_locate="H3A411" OR dev_locate="H3A412" OR dev_locate="H3A413" OR dev_locate="H3A41A" OR dev_locate="H3A421" OR dev_locate="H3A422" OR dev_locate="H3A423" OR dev_locate="H3A42A" OR dev_locate="H3A511" OR dev_locate="H3A512" OR dev_locate="H3A513" OR dev_locate="H3A51A" OR dev_locate="H3A521" OR dev_locate="H3A522" OR dev_locate="H3A523" OR dev_locate="H3A52A" OR dev_locate="H3A611" OR dev_locate="H3A612" OR dev_locate="H3A61A" OR dev_locate="H3A621" OR dev_locate="H3A622" OR dev_locate="H3A62A" OR dev_locate="H3C111" OR dev_locate="H3C112" OR dev_locate="H3C113" OR dev_locate="H3C11A" OR dev_locate="H3C121" OR dev_locate="H3C122" OR dev_locate="H3C123" OR dev_locate="H3C12A" OR dev_locate="H3C211" OR dev_locate="H3C212" OR dev_locate="H3C213" OR dev_locate="H3C21A" OR dev_locate="H3C221" OR dev_locate="H3C222" OR dev_locate="H3C223" OR dev_locate="H3C22A" OR dev_locate="H3C311" OR dev_locate="H3C312" OR dev_locate="H3C313" OR dev_locate="H3C31A" OR dev_locate="H3C321" OR dev_locate="H3C322" OR dev_locate="H3C323" OR dev_locate="H3C32A" OR dev_locate="H3C411" OR dev_locate="H3C412" OR dev_locate="H3C413" OR dev_locate="H3C41A" OR dev_locate="H3C421" OR dev_locate="H3C422" OR dev_locate="H3C423" OR dev_locate="H3C42A" OR dev_locate="H3C511" OR dev_locate="H3C512" OR dev_locate="H3C513" OR dev_locate="H3C51A" OR dev_locate="H3C521" OR dev_locate="H3C522" OR dev_locate="H3C523" OR dev_locate="H3C52A" OR dev_locate="H3C611" OR dev_locate="H3C612" OR dev_locate="H3C61A" OR dev_locate="H3C621" OR dev_locate="H3C622" OR dev_locate="H3C62A" OR dev_locate="J61031" OR dev_locate="J61041" OR dev_locate="J61051" OR dev_locate="J61061" OR dev_locate="J61071" OR dev_locate="J61081" OR dev_locate="J61091" OR dev_locate="J61101" OR dev_locate="J61111" OR dev_locate="J61121" OR dev_locate="J61131" OR dev_locate="J61141" OR dev_locate="J61151" OR dev_locate="J61161" OR dev_locate="J61171" OR dev_locate="J61181" OR dev_locate="J61191" OR dev_locate="J61201" OR dev_locate="J61211" OR dev_locate="J61221" OR dev_locate="J61231" OR dev_locate="J61241" OR dev_locate="J61251" OR dev_locate="J61261" OR dev_locate="J62011" OR dev_locate="J62021" OR dev_locate="J62031" OR dev_locate="J62041" OR dev_locate="J62051" OR dev_locate="J62061" OR dev_locate="J62071" OR dev_locate="J62081" OR dev_locate="J62091" OR dev_locate="J62101" OR dev_locate="J62111" OR dev_locate="J62121" OR dev_locate="J62131" OR dev_locate="J62141" OR dev_locate="J62151" OR dev_locate="J62161" OR dev_locate="J62171" OR dev_locate="J62181" OR dev_locate="J62191" OR dev_locate="J62201" OR dev_locate="J62211" OR dev_locate="J62221" OR dev_locate="J62231" OR dev_locate="J62241" OR dev_locate="J62251" OR dev_locate="J62261" OR dev_locate="J62L01" OR dev_locate="J62L02" OR dev_locate="J62L03" OR dev_locate="J63011" OR dev_locate="J63021" OR dev_locate="J63031" OR dev_locate="J63041" OR dev_locate="J63051" OR dev_locate="J63061" OR dev_locate="J63071" OR dev_locate="J63081" OR dev_locate="J63091" OR dev_locate="J63101" OR dev_locate="J63111" OR dev_locate="J63121" OR dev_locate="J63L01" OR dev_locate="J63L02" OR dev_locate="J63L03" OR dev_locate="J64L01" OR dev_locate="J64L02" OR dev_locate="J64L03" OR dev_locate="J65241" OR dev_locate="J65L01" OR dev_locate="J65L02" OR dev_locate="J65L03" OR dev_locate="J66011" OR dev_locate="J66021" OR dev_locate="J66031" OR dev_locate="J66041" OR dev_locate="J66051" OR dev_locate="J66061" OR dev_locate="J66071" OR dev_locate="J66081" OR dev_locate="J66091" OR dev_locate="J66101" OR dev_locate="J66111" OR dev_locate="J66121" OR dev_locate="J66131" OR dev_locate="J66141" OR dev_locate="J66151" OR dev_locate="J66161" OR dev_locate="J66171" OR dev_locate="J66181" OR dev_locate="J66191" OR dev_locate="J66201" OR dev_locate="J66211" OR dev_locate="J66221" OR dev_locate="J66231" OR dev_locate="J66241" OR dev_locate="J66251" OR dev_locate="J66261" OR dev_locate="J66L01" OR dev_locate="J66L02" OR dev_locate="J66L03" OR dev_locate="J67L01" OR dev_locate="J67L02" OR dev_locate="J67L03" OR dev_locate="J7041"
this loop cost: 0.04450798034668 s
this loop cost: 3120.3312101364 s
this loop cost: 1560.072067976 s
this loop cost: 4680.3671779633 s
dev_locate="H3A111" OR dev_locate="H3A112" OR dev_locate="H3A113" OR dev_locate="H3A11A" OR dev_locate="H3A121" OR dev_locate="H3A122" OR dev_locate="H3A123" OR dev_locate="H3A12A" OR dev_locate="H3A211" OR dev_locate="H3A212" OR dev_locate="H3A213" OR dev_locate="H3A21A" OR dev_locate="H3A221" OR dev_locate="H3A222" OR dev_locate="H3A223" OR dev_locate="H3A22A" OR dev_locate="H3A311" OR dev_locate="H3A312" OR dev_locate="H3A313" OR dev_locate="H3A31A" OR dev_locate="H3A321" OR dev_locate="H3A322" OR dev_locate="H3A323" OR dev_locate="H3A32A" OR dev_locate="H3A411" OR dev_locate="H3A412" OR dev_locate="H3A413" OR dev_locate="H3A41A" OR dev_locate="H3A421" OR dev_locate="H3A422" OR dev_locate="H3A423" OR dev_locate="H3A42A" OR dev_locate="H3A511" OR dev_locate="H3A512" OR dev_locate="H3A513" OR dev_locate="H3A51A" OR dev_locate="H3A521" OR dev_locate="H3A522" OR dev_locate="H3A523" OR dev_locate="H3A52A" OR dev_locate="H3A611" OR dev_locate="H3A612" OR dev_locate="H3A61A" OR dev_locate="H3A621" OR dev_locate="H3A622" OR dev_locate="H3A62A" OR dev_locate="H3C111" OR dev_locate="H3C112" OR dev_locate="H3C113" OR dev_locate="H3C11A" OR dev_locate="H3C121" OR dev_locate="H3C122" OR dev_locate="H3C123" OR dev_locate="H3C12A" OR dev_locate="H3C211" OR dev_locate="H3C212" OR dev_locate="H3C213" OR dev_locate="H3C21A" OR dev_locate="H3C221" OR dev_locate="H3C222" OR dev_locate="H3C223" OR dev_locate="H3C22A" OR dev_locate="H3C311" OR dev_locate="H3C312" OR dev_locate="H3C313" OR dev_locate="H3C31A" OR dev_locate="H3C321" OR dev_locate="H3C322" OR dev_locate="H3C323" OR dev_locate="H3C32A" OR dev_locate="H3C411" OR dev_locate="H3C412" OR dev_locate="H3C413" OR dev_locate="H3C41A" OR dev_locate="H3C421" OR dev_locate="H3C422" OR dev_locate="H3C423" OR dev_locate="H3C42A" OR dev_locate="H3C511" OR dev_locate="H3C512" OR dev_locate="H3C513" OR dev_locate="H3C51A" OR dev_locate="H3C521" OR dev_locate="H3C522" OR dev_locate="H3C523" OR dev_locate="H3C52A" OR dev_locate="H3C611" OR dev_locate="H3C612" OR dev_locate="H3C61A" OR dev_locate="H3C621" OR dev_locate="H3C622" OR dev_locate="H3C62A" OR dev_locate="J61031" OR dev_locate="J61041" OR dev_locate="J61051" OR dev_locate="J61061" OR dev_locate="J61071" OR dev_locate="J61081" OR dev_locate="J61091" OR dev_locate="J61101" OR dev_locate="J61111" OR dev_locate="J61121" OR dev_locate="J61131" OR dev_locate="J61141" OR dev_locate="J61151" OR dev_locate="J61161" OR dev_locate="J61171" OR dev_locate="J61181" OR dev_locate="J61191" OR dev_locate="J61201" OR dev_locate="J61211" OR dev_locate="J61221" OR dev_locate="J61231" OR dev_locate="J61241" OR dev_locate="J61251" OR dev_locate="J61261" OR dev_locate="J62011" OR dev_locate="J62021" OR dev_locate="J62031" OR dev_locate="J62041" OR dev_locate="J62051" OR dev_locate="J62061" OR dev_locate="J62071" OR dev_locate="J62081" OR dev_locate="J62091" OR dev_locate="J62101" OR dev_locate="J62111" OR dev_locate="J62121" OR dev_locate="J62131" OR dev_locate="J62141" OR dev_locate="J62151" OR dev_locate="J62161" OR dev_locate="J62171" OR dev_locate="J62181" OR dev_locate="J62191" OR dev_locate="J62201" OR dev_locate="J62211" OR dev_locate="J62221" OR dev_locate="J62231" OR dev_locate="J62241" OR dev_locate="J62251" OR dev_locate="J62261" OR dev_locate="J62L01" OR dev_locate="J62L02" OR dev_locate="J62L03" OR dev_locate="J63011" OR dev_locate="J63021" OR dev_locate="J63031" OR dev_locate="J63041" OR dev_locate="J63051" OR dev_locate="J63061" OR dev_locate="J63071" OR dev_locate="J63081" OR dev_locate="J63091" OR dev_locate="J63101" OR dev_locate="J63111" OR dev_locate="J63121" OR dev_locate="J63L01" OR dev_locate="J63L02" OR dev_locate="J63L03" OR dev_locate="J64L01" OR dev_locate="J64L02" OR dev_locate="J64L03" OR dev_locate="J65241" OR dev_locate="J65L01" OR dev_locate="J65L02" OR dev_locate="J65L03" OR dev_locate="J66L01" OR dev_locate="J66L02" OR dev_locate="J66L03" OR dev_locate="J67L01" OR dev_locate="J67L02" OR dev_locate="J67L03" OR dev_locate="J7041"
this loop cost: 0.02845311164856 s
this loop cost: 6240.3987390995 s
this loop cost: 1560.0582611561 s
this loop cost: 7800.4289669991 s
this loop cost: 3120.2062690258 s
this loop cost: 9360.4759471416 s
this loop cost: 4680.2436830997 s
this loop cost: 10920.506556034 s
this loop cost: 6240.2739050388 s
this loop cost: 12480.662384033 s
this loop cost: 7800.3062911034 s
this loop cost: 14040.699378967 s
this loop cost: 9360.3337020874 s
this loop cost: 15600.844933987 s
this loop cost: 10920.365175009 s
this loop cost: 17160.990560055 s
this loop cost: 12480.405627966 s
this loop cost: 18721.136316061 s
this loop cost: 14040.550114155 s
this loop cost: 20281.171720982 s
this loop cost: 15600.577216148 s
this loop cost: 21841.313724041 s
this loop cost: 17160.716434956 s
this loop cost: 23401.357526064 s
this loop cost: 18720.749704123 s
this loop cost: 24961.389728069 s
this loop cost: 20280.778896093 s
this loop cost: 26521.424279928 s
this loop cost: 21840.810589075 s
this loop cost: 28081.457416058 s
this loop cost: 23400.953623056 s
this loop cost: 29641.611500025 s
this loop cost: 24961.098507166 s
this loop cost: 31201.646739006 s
this loop cost: 26521.25089097 s
this loop cost: 32761.674458027 s
this loop cost: 28081.394152164 s
this loop cost: 34321.708446026 s
this loop cost: 29641.421298027 s
this loop cost: 35881.85029006 s
this loop cost: 31201.451565981 s
this loop cost: 37441.88391614 s
this loop cost: 32761.485867977 s
this loop cost: 39001.923177958 s
this loop cost: 34321.634556055 s
this loop cost: 40561.958220959 s
this loop cost: 35881.776869059 s
this loop cost: 42122.107779026 s
this loop cost: 37441.808593988 s
this loop cost: 43682.256474972 s
this loop cost: 39001.837630987 s
this loop cost: 45242.407593012 s
this loop cost: 40561.869697094 s
this loop cost: 46802.439425945 s
this loop cost: 42122.015383959 s
this loop cost: 48362.473882914 s
this loop cost: 43682.149460077 s
this loop cost: 49922.514858007 s
this loop cost: 45242.298228025 s
this loop cost: 51482.647840023 s
this loop cost: 46802.328993082 s
this loop cost: 53042.860301971 s
this loop cost: 48362.360576153 s
this loop cost: 54603.00561595 s
this loop cost: 49922.503566027 s
this loop cost: 56163.045150042 s
this loop cost: 51482.549967051 s
this loop cost: 57723.080553055 s
this loop cost: 53042.689124107 s
this loop cost: 59283.121750116 s
this loop cost: 54602.827149153 s
this loop cost: 60843.26383996 s
this loop cost: 56162.971677065 s
this loop cost: 62403.296931982 s
this loop cost: 57723.096326113 s
this loop cost: 63963.329889059 s
this loop cost: 59283.130290031 s
this loop cost: 65523.366538048 s
this loop cost: 60843.163691998 s
this loop cost: 67083.513282061 s
this loop cost: 62403.194858074 s
this loop cost: 68643.547248125 s
this loop cost: 63963.342862129 s
this loop cost: 70203.583291054 s
this loop cost: 65523.375972033 s
this loop cost: 71763.723222971 s
this loop cost: 67083.504949093 s
this loop cost: 73323.753581047 s
this loop cost: 68643.646711111 s
this loop cost: 74883.894839048 s
this loop cost: 70203.676103115 s
dev_locate="H3A11A" OR dev_locate="H3A12A" OR dev_locate="H3A21A" OR dev_locate="H3A22A" OR dev_locate="H3A31A" OR dev_locate="H3A32A" OR dev_locate="H3A41A" OR dev_locate="H3A42A" OR dev_locate="H3A51A" OR dev_locate="H3A52A" OR dev_locate="H3A61A" OR dev_locate="H3A62A" OR dev_locate="H3C11A" OR dev_locate="H3C12A" OR dev_locate="H3C21A" OR dev_locate="H3C22A" OR dev_locate="H3C31A" OR dev_locate="H3C32A" OR dev_locate="H3C41A" OR dev_locate="H3C42A" OR dev_locate="H3C51A" OR dev_locate="H3C52A" OR dev_locate="H3C61A" OR dev_locate="H3C62A" OR dev_locate="J61031" OR dev_locate="J61041" OR dev_locate="J61051" OR dev_locate="J61061" OR dev_locate="J61071" OR dev_locate="J61081" OR dev_locate="J61091" OR dev_locate="J61101" OR dev_locate="J61111" OR dev_locate="J61121" OR dev_locate="J61131" OR dev_locate="J61141" OR dev_locate="J61151" OR dev_locate="J61161" OR dev_locate="J61171" OR dev_locate="J61181" OR dev_locate="J61191" OR dev_locate="J61201" OR dev_locate="J61211" OR dev_locate="J61221" OR dev_locate="J61231" OR dev_locate="J61241" OR dev_locate="J61251" OR dev_locate="J61261" OR dev_locate="J62L01" OR dev_locate="J62L02" OR dev_locate="J62L03" OR dev_locate="J63L01" OR dev_locate="J63L02" OR dev_locate="J63L03" OR dev_locate="J64L01" OR dev_locate="J64L02" OR dev_locate="J64L03" OR dev_locate="J65241" OR dev_locate="J65L01" OR dev_locate="J65L02" OR dev_locate="J65L03" OR dev_locate="J66L01" OR dev_locate="J66L02" OR dev_locate="J66L03" OR dev_locate="J67L01" OR dev_locate="J67L02" OR dev_locate="J67L03" OR dev_locate="J7041"
this loop cost: 0.022857904434204 s
this loop cost: 76444.036657095 s
dev_locate="H3A11A" OR dev_locate="H3A12A" OR dev_locate="H3A21A" OR dev_locate="H3A22A" OR dev_locate="H3A31A" OR dev_locate="H3A32A" OR dev_locate="H3A41A" OR dev_locate="H3A42A" OR dev_locate="H3A51A" OR dev_locate="H3A52A" OR dev_locate="H3A61A" OR dev_locate="H3A62A" OR dev_locate="H3C11A" OR dev_locate="H3C12A" OR dev_locate="H3C21A" OR dev_locate="H3C22A" OR dev_locate="H3C31A" OR dev_locate="H3C32A" OR dev_locate="H3C41A" OR dev_locate="H3C42A" OR dev_locate="H3C51A" OR dev_locate="H3C52A" OR dev_locate="H3C61A" OR dev_locate="H3C62A" OR dev_locate="J61031" OR dev_locate="J61041" OR dev_locate="J62L01" OR dev_locate="J62L02" OR dev_locate="J62L03" OR dev_locate="J63L01" OR dev_locate="J63L02" OR dev_locate="J63L03" OR dev_locate="J64L01" OR dev_locate="J64L02" OR dev_locate="J64L03" OR dev_locate="J65L01" OR dev_locate="J65L02" OR dev_locate="J65L03" OR dev_locate="J66L01" OR dev_locate="J66L02" OR dev_locate="J66L03" OR dev_locate="J67L01" OR dev_locate="J67L02" OR dev_locate="J67L03"
this loop cost: 0.026786088943481 s
this loop cost: 78004.067884922 s
dev_locate="H3A11A" OR dev_locate="H3A12A" OR dev_locate="H3A21A" OR dev_locate="H3A22A" OR dev_locate="H3A31A" OR dev_locate="H3A32A" OR dev_locate="H3A41A" OR dev_locate="H3A42A" OR dev_locate="H3A51A" OR dev_locate="H3A52A" OR dev_locate="H3A61A" OR dev_locate="H3A62A" OR dev_locate="H3C11A" OR dev_locate="H3C12A" OR dev_locate="H3C21A" OR dev_locate="H3C22A" OR dev_locate="H3C31A" OR dev_locate="H3C32A" OR dev_locate="H3C41A" OR dev_locate="H3C42A" OR dev_locate="H3C51A" OR dev_locate="H3C52A" OR dev_locate="H3C61A" OR dev_locate="H3C62A" OR dev_locate="J61031" OR dev_locate="J61041" OR dev_locate="J62L01" OR dev_locate="J62L02" OR dev_locate="J62L03" OR dev_locate="J63L01" OR dev_locate="J63L02" OR dev_locate="J63L03" OR dev_locate="J64L01" OR dev_locate="J64L02" OR dev_locate="J64L03" OR dev_locate="J65L01" OR dev_locate="J65L02" OR dev_locate="J65L03" OR dev_locate="J66L01" OR dev_locate="J66L02" OR dev_locate="J66L03" OR dev_locate="J67L01" OR dev_locate="J67L02" OR dev_locate="J67L03"
this loop cost: 0.024519920349121 s
this loop cost: 79564.100084066 s
this loop cost: 1560.0499989986 s
this loop cost: 81124.247514963 s
this loop cost: 3120.0709888935 s
this loop cost: 82684.283226967 s
this loop cost: 4680.2083668709 s
this loop cost: 84244.433532953 s
this loop cost: 6240.2336418629 s
