[test]input post={"sign":"599f5fa66a053b33af79eadba53916a380f6df8a","page_size":20,"end_date":"20150915235959","stu_no":"201521080042","t":"20150915231557","page_index":5,"token":"87b8lJ4wtsCzztrjicULRTk7UjIuk9Bkv3ONTYLJ44hp9XsvuLH6PP6insjrtZCyjdFxvsuItw7tc9J3lRqXDmiqtMtgWGkG20cerUz3bdY+ksKajGOaFmYA3ZPrjdTWQg","n":"231557","action":"getCardTransaction","begin_date":"20150901000000","type":"zhichu"}
[test]into get_card_transaction
[api test]Array
[api]{"data":[{"tranName":"\u70ed\u6c34\u6d88\u8d39_\u6d88\u8d39","tranAmt":"93","tranDate":"20150915230547"},{"tranName":"\u98df\u5802\u552e\u996d_\u6d88\u8d39","tranAmt":"150","tranDate":"20150915070212"},{"tranName":"\u98df\u5802\u552e\u996d_\u6d88\u8d39","tranAmt":"600","tranDate":"20150915180452"}],"resp_code":"0","resp_desc":""}
[test]input post={"sign":"8f648f0b3ee0022dca4ef5a9d6af38c902c352ee","page_size":20,"end_date":"20150915235959","stu_no":"201521080042","t":"20150915231558","page_index":1,"token":"87b8lJ4wtsCzztrjicULRTk7UjIuk9Bkv3ONTYLJ44hp9XsvuLH6PP6insjrtZCyjdFxvsuItw7tc9J3lRqXDmiqtMtgWGkG20cerUz3bdY+ksKajGOaFmYA3ZPrjdTWQg","n":"231558","action":"getCardTransaction","begin_date":"20150901000000","type":"chongru"}
[test]into get_subsidy_list
[api test]Array
[api]{"data":[{"tranName":"POS\u673a\u589e\u6b3e","tranAmt":"30000","tranDate":20150907000000}],"resp_code":"0","resp_desc":""}
[test]input post={"sign":"802034b7803f744b2c936f4ade32d1cb44702448","page_size":20,"end_date":"20150915235959","stu_no":"201521080042","t":"20150915231600","page_index":2,"token":"87b8lJ4wtsCzztrjicULRTk7UjIuk9Bkv3ONTYLJ44hp9XsvuLH6PP6insjrtZCyjdFxvsuItw7tc9J3lRqXDmiqtMtgWGkG20cerUz3bdY+ksKajGOaFmYA3ZPrjdTWQg","n":"231600","action":"getCardTransaction","begin_date":"20150901000000","type":"chongru"}
[test]into get_subsidy_list
[api]{"data":[],"resp_code":"0","resp_desc":"\u6682\u65e0\u6d88\u8d39\u8bb0\u5f55"}
[test]input post={"sign":"380b0fea9831eaec7516af784c4a5168b5107f53","page_size":20,"end_date":"20150915235959","stu_no":"201521080042","t":"20150915231601","page_index":2,"token":"87b8lJ4wtsCzztrjicULRTk7UjIuk9Bkv3ONTYLJ44hp9XsvuLH6PP6insjrtZCyjdFxvsuItw7tc9J3lRqXDmiqtMtgWGkG20cerUz3bdY+ksKajGOaFmYA3ZPrjdTWQg","n":"231601","action":"getCardTransaction","begin_date":"20150901000000","type":"chongru"}
[test]into get_subsidy_list
[api]{"data":[],"resp_code":"0","resp_desc":"\u6682\u65e0\u6d88\u8d39\u8bb0\u5f55"}
[test]input post={"sign":"1c9a90852d5e513404a068718bdd169ef0781870","page_size":20,"end_date":"20150915235959","stu_no":"201521080042","t":"20150915231603","page_index":1,"token":"87b8lJ4wtsCzztrjicULRTk7UjIuk9Bkv3ONTYLJ44hp9XsvuLH6PP6insjrtZCyjdFxvsuItw7tc9J3lRqXDmiqtMtgWGkG20cerUz3bdY+ksKajGOaFmYA3ZPrjdTWQg","n":"231603","action":"getCardTransaction","begin_date":"20150901000000","type":"zhichu"}
[test]into get_card_transaction
[api test]Array
[api]{"data":[{"tranName":"\u98df\u5802\u552e\u996d_\u6d88\u8d39","tranAmt":"350","tranDate":"20150901070754"},{"tranName":"\u98df\u5802\u552e\u996d_\u6d88\u8d39","tranAmt":"700","tranDate":"20150901113126"},{"tranName":"\u6821\u5185\u8d85\u5e02_\u6d88\u8d39","tranAmt":"850","tranDate":"20150901174201"},{"tranName":"\u6821\u5185\u8d85\u5e02_\u6d88\u8d39","tranAmt":"850","tranDate":"20150901174135"},{"tranName":"\u98df\u5802\u552e\u996d_\u6d88\u8d39","tranAmt":"600","tranDate":"20150901172850"},{"tranName":"\u98df\u5802\u552e\u996d_\u6d88\u8d39","tranAmt":"800","tranDate":"20150901172840"},{"tranName":"\u98df\u5802\u552e\u996d_\u6d88\u8d39","tranAmt":"500","tranDate":"20150901070901"},{"tranName":"\u98df\u5802\u552e\u996d_\u6d88\u8d39","tranAmt":"900","tranDate":"20150901113116"},{"tranName":"\u98df\u5802\u552e\u996d_\u6d88\u8d39","tranAmt":"100","tranDate":"20150902073827"},{"tranName":"\u98df\u5802\u552e\u996d_\u6d88\u8d39","tranAmt":"800","tranDate":"20150902115045"},{"tranName":"\u98df\u5802\u552e\u996d_\u6d88\u8d39","tranAmt":"200","tranDate":"20150902073248"},{"tranName":"\u98df\u5802\u552e\u996d_\u6d88\u8d39","tranAmt":"350","tranDate":"20150902073332"},{"tranName":"\u98df\u5802\u552e\u996d_\u6d88\u8d39","tranAmt":"600","tranDate":"20150902175830"},{"tranName":"\u98df\u5802\u552e\u996d_\u6d88\u8d39","tranAmt":"700","tranDate":"20150902175815"},{"tranName":"\u98df\u5802\u552e\u996d_\u6d88\u8d39","tranAmt":"600","tranDate":"20150902175752"},{"tranName":"\u98df\u5802\u552e\u996d_\u6d88\u8d39","tranAmt":"800","tranDate":"20150902115122"},{"tranName":"\u98df\u5802\u552e\u996d_\u6d88\u8d39","tranAmt":"300","tranDate":"20150903071457"},{"tranName":"\u98df\u5802\u552e\u996d_\u6d88\u8d39","tranAmt":"550","tranDate":"20150903121315"},{"tranName":"\u98df\u5802\u552e\u996d_\u6d88\u8d39","tranAmt":"700","tranDate":"20150903121332"},{"tranName":"\u98df\u5802\u552e\u996d_\u6d88\u8d39","tranAmt":"700","tranDate":"20150903173327"}],"resp_code":"0","resp_desc":""}
[test]input post={"sign":"06b38f1af369811e8f5dbbf15340cb865a254983","page_size":20,"end_date":"20150915235959","stu_no":"201521080042","t":"20150915231604","page_index":1,"token":"87b8lJ4wtsCzztrjicULRTk7UjIuk9Bkv3ONTYLJ44hp9XsvuLH6PP6insjrtZCyjdFxvsuItw7tc9J3lRqXDmiqtMtgWGkG20cerUz3bdY+ksKajGOaFmYA3ZPrjdTWQg","n":"231604","action":"getCardTransaction","begin_date":"20150901000000","type":"zhichu"}
[test]into get_card_transaction
[api test]Array
[api]{"data":[{"tranName":"\u98df\u5802\u552e\u996d_\u6d88\u8d39","tranAmt":"350","tranDate":"20150901070754"},{"tranName":"\u98df\u5802\u552e\u996d_\u6d88\u8d39","tranAmt":"700","tranDate":"20150901113126"},{"tranName":"\u6821\u5185\u8d85\u5e02_\u6d88\u8d39","tranAmt":"850","tranDate":"20150901174201"},{"tranName":"\u6821\u5185\u8d85\u5e02_\u6d88\u8d39","tranAmt":"850","tranDate":"20150901174135"},{"tranName":"\u98df\u5802\u552e\u996d_\u6d88\u8d39","tranAmt":"600","tranDate":"20150901172850"},{"tranName":"\u98df\u5802\u552e\u996d_\u6d88\u8d39","tranAmt":"800","tranDate":"20150901172840"},{"tranName":"\u98df\u5802\u552e\u996d_\u6d88\u8d39","tranAmt":"500","tranDate":"20150901070901"},{"tranName":"\u98df\u5802\u552e\u996d_\u6d88\u8d39","tranAmt":"900","tranDate":"20150901113116"},{"tranName":"\u98df\u5802\u552e\u996d_\u6d88\u8d39","tranAmt":"100","tranDate":"20150902073827"},{"tranName":"\u98df\u5802\u552e\u996d_\u6d88\u8d39","tranAmt":"800","tranDate":"20150902115045"},{"tranName":"\u98df\u5802\u552e\u996d_\u6d88\u8d39","tranAmt":"200","tranDate":"20150902073248"},{"tranName":"\u98df\u5802\u552e\u996d_\u6d88\u8d39","tranAmt":"350","tranDate":"20150902073332"},{"tranName":"\u98df\u5802\u552e\u996d_\u6d88\u8d39","tranAmt":"600","tranDate":"20150902175830"},{"tranName":"\u98df\u5802\u552e\u996d_\u6d88\u8d39","tranAmt":"700","tranDate":"20150902175815"},{"tranName":"\u98df\u5802\u552e\u996d_\u6d88\u8d39","tranAmt":"600","tranDate":"20150902175752"},{"tranName":"\u98df\u5802\u552e\u996d_\u6d88\u8d39","tranAmt":"800","tranDate":"20150902115122"},{"tranName":"\u98df\u5802\u552e\u996d_\u6d88\u8d39","tranAmt":"300","tranDate":"20150903071457"},{"tranName":"\u98df\u5802\u552e\u996d_\u6d88\u8d39","tranAmt":"550","tranDate":"20150903121315"},{"tranName":"\u98df\u5802\u552e\u996d_\u6d88\u8d39","tranAmt":"700","tranDate":"20150903121332"},{"tranName":"\u98df\u5802\u552e\u996d_\u6d88\u8d39","tranAmt":"700","tranDate":"20150903173327"}],"resp_code":"0","resp_desc":""}
[test]input post={"sign":"6727b1fecc133bb30763a6acaa37206924a8f0d2","page_size":20,"end_date":"20150915235959","stu_no":"201521080042","t":"20150915231610","page_index":2,"token":"87b8lJ4wtsCzztrjicULRTk7UjIuk9Bkv3ONTYLJ44hp9XsvuLH6PP6insjrtZCyjdFxvsuItw7tc9J3lRqXDmiqtMtgWGkG20cerUz3bdY+ksKajGOaFmYA3ZPrjdTWQg","n":"231610","action":"getCardTransaction","begin_date":"20150901000000","type":"zhichu"}
[test]into get_card_transaction
[api test]Array
[api]{"data":[{"tranName":"\u98df\u5802\u552e\u996d_\u6d88\u8d39","tranAmt":"700","tranDate":"20150903173315"},{"tranName":"\u98df\u5802\u552e\u996d_\u6d88\u8d39","tranAmt":"300","tranDate":"20150903071439"},{"tranName":"\u86cb\u7cd5\u623f_\u6d88\u8d39","tranAmt":"450","tranDate":"20150903214701"},{"tranName":"\u98df\u5802\u552e\u996d_\u6d88\u8d39","tranAmt":"200","tranDate":"20150904072958"},{"tranName":"\u98df\u5802\u552e\u996d_\u6d88\u8d39","tranAmt":"550","tranDate":"20150904073109"},{"tranName":"\u98df\u5802\u552e\u996d_\u6d88\u8d39","tranAmt":"350","tranDate":"20150904073056"},{"tranName":"\u98df\u5802\u552e\u996d_\u6d88\u8d39","tranAmt":"600","tranDate":"20150904174800"},{"tranName":"\u98df\u5802\u552e\u996d_\u6d88\u8d39","tranAmt":"600","tranDate":"20150904115827"},{"tranName":"\u98df\u5802\u552e\u996d_\u6d88\u8d39","tranAmt":"700","tranDate":"20150904115734"},{"tranName":"\u98df\u5802\u552e\u996d_\u6d88\u8d39","tranAmt":"700","tranDate":"20150904115748"},{"tranName":"\u98df\u5802\u552e\u996d_\u6d88\u8d39","tranAmt":"600","tranDate":"20150905174827"},{"tranName":"\u98df\u5802\u552e\u996d_\u6d88\u8d39","tranAmt":"350","tranDate":"20150905070828"},{"tranName":"\u98df\u5802\u552e\u996d_\u6d88\u8d39","tranAmt":"350","tranDate":"20150905070907"},{"tranName":"\u98df\u5802\u552e\u996d_\u6d88\u8d39","tranAmt":"600","tranDate":"20150905113403"},{"tranName":"\u98df\u5802\u552e\u996d_\u6d88\u8d39","tranAmt":"600","tranDate":"20150905113349"},{"tranName":"\u98df\u5802\u552e\u996d_\u6d88\u8d39","tranAmt":"700","tranDate":"20150905174816"},{"tranName":"\u98df\u5802\u552e\u996d_\u6d88\u8d39","tranAmt":"800","tranDate":"20150906112910"},{"tranName":"\u98df\u5802\u552e\u996d_\u6d88\u8d39","tranAmt":"600","tranDate":"20150906173246"},{"tranName":"\u98df\u5802\u552e\u996d_\u6d88\u8d39","tranAmt":"600","tranDate":"20150906173258"},{"tranName":"\u98df\u5802\u552e\u996d_\u6d88\u8d39","tranAmt":"1400","tranDate":"20150906112924"}],"resp_code":"0","resp_desc":""}
[test]input post={"sign":"d3f6e5ce5c6e8c7f18e5e5b0cce365904bc59ff5","page_size":20,"end_date":"20150915235959","stu_no":"201521080042","t":"20150915231612","page_index":3,"token":"87b8lJ4wtsCzztrjicULRTk7UjIuk9Bkv3ONTYLJ44hp9XsvuLH6PP6insjrtZCyjdFxvsuItw7tc9J3lRqXDmiqtMtgWGkG20cerUz3bdY+ksKajGOaFmYA3ZPrjdTWQg","n":"231612","action":"getCardTransaction","begin_date":"20150901000000","type":"zhichu"}
[test]into get_card_transaction
[api test]Array
[api]{"data":[{"tranName":"\u98df\u5802\u552e\u996d_\u6d88\u8d39","tranAmt":"350","tranDate":"20150906070351"},{"tranName":"\u98df\u5802\u552e\u996d_\u6d88\u8d39","tranAmt":"250","tranDate":"20150906070432"},{"tranName":"\u98df\u5802\u552e\u996d_\u6d88\u8d39","tranAmt":"600","tranDate":"20150907114812"},{"tranName":"\u98df\u5802\u552e\u996d_\u6d88\u8d39","tranAmt":"700","tranDate":"20150907114747"},{"tranName":"\u98df\u5802\u552e\u996d_\u6d88\u8d39","tranAmt":"600","tranDate":"20150907174903"},{"tranName":"\u6821\u5185\u8d85\u5e02_\u6d88\u8d39","tranAmt":"650","tranDate":"20150907175925"},{"tranName":"\u6821\u5185\u8d85\u5e02_\u6d88\u8d39","tranAmt":"850","tranDate":"20150907175852"},{"tranName":"\u86cb\u7cd5\u623f_\u6d88\u8d39","tranAmt":"500","tranDate":"20150907203426"},{"tranName":"\u98df\u5802\u552e\u996d_\u6d88\u8d39","tranAmt":"350","tranDate":"20150907072456"},{"tranName":"\u98df\u5802\u552e\u996d_\u6d88\u8d39","tranAmt":"350","tranDate":"20150907072421"},{"tranName":"\u98df\u5802\u552e\u996d_\u6d88\u8d39","tranAmt":"700","tranDate":"20150907174935"},{"tranName":"\u98df\u5802\u552e\u996d_\u6d88\u8d39","tranAmt":"600","tranDate":"20150908173158"},{"tranName":"\u98df\u5802\u552e\u996d_\u6d88\u8d39","tranAmt":"1400","tranDate":"20150908113522"},{"tranName":"\u98df\u5802\u552e\u996d_\u6d88\u8d39","tranAmt":"1400","tranDate":"20150908113455"},{"tranName":"\u98df\u5802\u552e\u996d_\u6d88\u8d39","tranAmt":"350","tranDate":"20150908072334"},{"tranName":"\u98df\u5802\u552e\u996d_\u6d88\u8d39","tranAmt":"300","tranDate":"20150908072321"},{"tranName":"\u767e\u6c47\u8d85\u5e02_\u6d88\u8d39","tranAmt":"300","tranDate":"20150908115306"},{"tranName":"\u98df\u5802\u552e\u996d_\u6d88\u8d39","tranAmt":"600","tranDate":"20150908173210"},{"tranName":"\u767e\u6c47\u8d85\u5e02_\u6d88\u8d39","tranAmt":"2990","tranDate":"20150908204828"},{"tranName":"\u98df\u5802\u552e\u996d_\u6d88\u8d39","tranAmt":"600","tranDate":"20150909172940"}],"resp_code":"0","resp_desc":""}
[test]input post={"sign":"186ee5d63150586bb2c41ebd3b65f8e46b563b3d","page_size":20,"end_date":"20150915235959","stu_no":"201521080042","t":"20150915231613","page_index":3,"token":"87b8lJ4wtsCzztrjicULRTk7UjIuk9Bkv3ONTYLJ44hp9XsvuLH6PP6insjrtZCyjdFxvsuItw7tc9J3lRqXDmiqtMtgWGkG20cerUz3bdY+ksKajGOaFmYA3ZPrjdTWQg","n":"231613","action":"getCardTransaction","begin_date":"20150901000000","type":"zhichu"}
[test]into get_card_transaction
[api test]Array
[api]{"data":[{"tranName":"\u98df\u5802\u552e\u996d_\u6d88\u8d39","tranAmt":"350","tranDate":"20150906070351"},{"tranName":"\u98df\u5802\u552e\u996d_\u6d88\u8d39","tranAmt":"250","tranDate":"20150906070432"},{"tranName":"\u98df\u5802\u552e\u996d_\u6d88\u8d39","tranAmt":"600","tranDate":"20150907114812"},{"tranName":"\u98df\u5802\u552e\u996d_\u6d88\u8d39","tranAmt":"700","tranDate":"20150907114747"},{"tranName":"\u98df\u5802\u552e\u996d_\u6d88\u8d39","tranAmt":"600","tranDate":"20150907174903"},{"tranName":"\u6821\u5185\u8d85\u5e02_\u6d88\u8d39","tranAmt":"650","tranDate":"20150907175925"},{"tranName":"\u6821\u5185\u8d85\u5e02_\u6d88\u8d39","tranAmt":"850","tranDate":"20150907175852"},{"tranName":"\u86cb\u7cd5\u623f_\u6d88\u8d39","tranAmt":"500","tranDate":"20150907203426"},{"tranName":"\u98df\u5802\u552e\u996d_\u6d88\u8d39","tranAmt":"350","tranDate":"20150907072456"},{"tranName":"\u98df\u5802\u552e\u996d_\u6d88\u8d39","tranAmt":"350","tranDate":"20150907072421"},{"tranName":"\u98df\u5802\u552e\u996d_\u6d88\u8d39","tranAmt":"700","tranDate":"20150907174935"},{"tranName":"\u98df\u5802\u552e\u996d_\u6d88\u8d39","tranAmt":"600","tranDate":"20150908173158"},{"tranName":"\u98df\u5802\u552e\u996d_\u6d88\u8d39","tranAmt":"1400","tranDate":"20150908113522"},{"tranName":"\u98df\u5802\u552e\u996d_\u6d88\u8d39","tranAmt":"1400","tranDate":"20150908113455"},{"tranName":"\u98df\u5802\u552e\u996d_\u6d88\u8d39","tranAmt":"350","tranDate":"20150908072334"},{"tranName":"\u98df\u5802\u552e\u996d_\u6d88\u8d39","tranAmt":"300","tranDate":"20150908072321"},{"tranName":"\u767e\u6c47\u8d85\u5e02_\u6d88\u8d39","tranAmt":"300","tranDate":"20150908115306"},{"tranName":"\u98df\u5802\u552e\u996d_\u6d88\u8d39","tranAmt":"600","tranDate":"20150908173210"},{"tranName":"\u767e\u6c47\u8d85\u5e02_\u6d88\u8d39","tranAmt":"2990","tranDate":"20150908204828"},{"tranName":"\u98df\u5802\u552e\u996d_\u6d88\u8d39","tranAmt":"600","tranDate":"20150909172940"}],"resp_code":"0","resp_desc":""}
[test]input post={"sign":"e0c48a2dc888952be2e5752fda3ff354d4362ce0","page_size":20,"end_date":"20150915235959","stu_no":"201521080042","t":"20150915231617","page_index":5,"token":"87b8lJ4wtsCzztrjicULRTk7UjIuk9Bkv3ONTYLJ44hp9XsvuLH6PP6insjrtZCyjdFxvsuItw7tc9J3lRqXDmiqtMtgWGkG20cerUz3bdY+ksKajGOaFmYA3ZPrjdTWQg","n":"231617","action":"getCardTransaction","begin_date":"20150901000000","type":"zhichu"}
[test]into get_card_transaction
[api test]Array
[api]{"data":[{"tranName":"\u70ed\u6c34\u6d88\u8d39_\u6d88\u8d39","tranAmt":"93","tranDate":"20150915230547"},{"tranName":"\u98df\u5802\u552e\u996d_\u6d88\u8d39","tranAmt":"150","tranDate":"20150915070212"},{"tranName":"\u98df\u5802\u552e\u996d_\u6d88\u8d39","tranAmt":"600","tranDate":"20150915180452"}],"resp_code":"0","resp_desc":""}
[login]{"resp_desc":"\u767b\u5f55\u6210\u529f","resp_code":"0","data":{"userMap":{"token":"20152015201515D8CFE23E5A6498E04E3F67F59CF10B","studentNo":"201520152015","cardNo":"0550594075","userName":"\u6d4b\u8bd5\u4eba\u5458","nickName":"\u6d4b\u8bd5\u4eba\u5458","headImg":"","phone":"","email":"","cardBalance":"295","monthlyAmt":"7423"}}}
[test]input post={"sign":"ae79a78fa369b70036c3fa18f3b70dbbe2697549","page_size":20,"end_date":"20150915235959","stu_no":"201521080042","t":"20150915231618","page_index":6,"token":"87b8lJ4wtsCzztrjicULRTk7UjIuk9Bkv3ONTYLJ44hp9XsvuLH6PP6insjrtZCyjdFxvsuItw7tc9J3lRqXDmiqtMtgWGkG20cerUz3bdY+ksKajGOaFmYA3ZPrjdTWQg","n":"231618","action":"getCardTransaction","begin_date":"20150901000000","type":"zhichu"}
[test]into get_card_transaction
[api]{"data":[],"resp_code":"0","resp_desc":"\u6682\u65e0\u6d88\u8d39\u8bb0\u5f55"}
[test]input post={"sign":"16f4e4646fdf4be0b1f31c9501cc23aceb426118","page_size":20,"end_date":"20150915235959","stu_no":"201521080042","t":"20150915231619","page_index":6,"token":"87b8lJ4wtsCzztrjicULRTk7UjIuk9Bkv3ONTYLJ44hp9XsvuLH6PP6insjrtZCyjdFxvsuItw7tc9J3lRqXDmiqtMtgWGkG20cerUz3bdY+ksKajGOaFmYA3ZPrjdTWQg","n":"231619","action":"getCardTransaction","begin_date":"20150901000000","type":"zhichu"}
[test]into get_card_transaction
[api]{"data":[],"resp_code":"0","resp_desc":"\u6682\u65e0\u6d88\u8d39\u8bb0\u5f55"}
[test]input post={"sign":"e5b8014ad2a6417c15b7c235aa187f44870f3eeb","page_size":20,"end_date":"20150915235959","stu_no":"201521080042","t":"20150915231621","page_index":6,"token":"87b8lJ4wtsCzztrjicULRTk7UjIuk9Bkv3ONTYLJ44hp9XsvuLH6PP6insjrtZCyjdFxvsuItw7tc9J3lRqXDmiqtMtgWGkG20cerUz3bdY+ksKajGOaFmYA3ZPrjdTWQg","n":"231621","action":"getCardTransaction","begin_date":"20150901000000","type":"zhichu"}
[test]into get_card_transaction
[api]{"data":[],"resp_code":"0","resp_desc":"\u6682\u65e0\u6d88\u8d39\u8bb0\u5f55"}
[openShower-delay_close]0 0
[test]input post={"sign":"4f2c509b359245a9306ca129c1a3eb4c1cbbcdd7","page_size":20,"end_date":"20150930235959","stu_no":"201521080144","t":"20150915231623","page_index":1,"token":"7561N9AvQdhBapJblg6LHntoyPmQSIcpm8f2uCy7elme7DHj+HMJdPHt0Wd3qs84sBGBEbfi+cidXeSSBoQKFghSdhGLO2MbMbU45WVjryIWlurO98itczG0qescm74obw","n":"231623","action":"getCardTransaction","begin_date":"20150901000000"}
[test]no type
[test]input post={"sign":"278f4195a9e2de38a5bdfe7b4469fe6b6043d601","page_size":20,"end_date":"20150915235959","stu_no":"201521080042","t":"20150915231633","page_index":1,"token":"87b8lJ4wtsCzztrjicULRTk7UjIuk9Bkv3ONTYLJ44hp9XsvuLH6PP6insjrtZCyjdFxvsuItw7tc9J3lRqXDmiqtMtgWGkG20cerUz3bdY+ksKajGOaFmYA3ZPrjdTWQg","n":"231633","action":"getCardTransaction","begin_date":"20150901000000","type":"zhichu"}
[test]into get_card_transaction
[api test]Array
[api]{"data":[{"tranName":"\u98df\u5802\u552e\u996d_\u6d88\u8d39","tranAmt":"350","tranDate":"20150901070754"},{"tranName":"\u98df\u5802\u552e\u996d_\u6d88\u8d39","tranAmt":"700","tranDate":"20150901113126"},{"tranName":"\u6821\u5185\u8d85\u5e02_\u6d88\u8d39","tranAmt":"850","tranDate":"20150901174201"},{"tranName":"\u6821\u5185\u8d85\u5e02_\u6d88\u8d39","tranAmt":"850","tranDate":"20150901174135"},{"tranName":"\u98df\u5802\u552e\u996d_\u6d88\u8d39","tranAmt":"600","tranDate":"20150901172850"},{"tranName":"\u98df\u5802\u552e\u996d_\u6d88\u8d39","tranAmt":"800","tranDate":"20150901172840"},{"tranName":"\u98df\u5802\u552e\u996d_\u6d88\u8d39","tranAmt":"500","tranDate":"20150901070901"},{"tranName":"\u98df\u5802\u552e\u996d_\u6d88\u8d39","tranAmt":"900","tranDate":"20150901113116"},{"tranName":"\u98df\u5802\u552e\u996d_\u6d88\u8d39","tranAmt":"100","tranDate":"20150902073827"},{"tranName":"\u98df\u5802\u552e\u996d_\u6d88\u8d39","tranAmt":"800","tranDate":"20150902115045"},{"tranName":"\u98df\u5802\u552e\u996d_\u6d88\u8d39","tranAmt":"200","tranDate":"20150902073248"},{"tranName":"\u98df\u5802\u552e\u996d_\u6d88\u8d39","tranAmt":"350","tranDate":"20150902073332"},{"tranName":"\u98df\u5802\u552e\u996d_\u6d88\u8d39","tranAmt":"600","tranDate":"20150902175830"},{"tranName":"\u98df\u5802\u552e\u996d_\u6d88\u8d39","tranAmt":"700","tranDate":"20150902175815"},{"tranName":"\u98df\u5802\u552e\u996d_\u6d88\u8d39","tranAmt":"600","tranDate":"20150902175752"},{"tranName":"\u98df\u5802\u552e\u996d_\u6d88\u8d39","tranAmt":"800","tranDate":"20150902115122"},{"tranName":"\u98df\u5802\u552e\u996d_\u6d88\u8d39","tranAmt":"300","tranDate":"20150903071457"},{"tranName":"\u98df\u5802\u552e\u996d_\u6d88\u8d39","tranAmt":"550","tranDate":"20150903121315"},{"tranName":"\u98df\u5802\u552e\u996d_\u6d88\u8d39","tranAmt":"700","tranDate":"20150903121332"},{"tranName":"\u98df\u5802\u552e\u996d_\u6d88\u8d39","tranAmt":"700","tranDate":"20150903173327"}],"resp_code":"0","resp_desc":""}
[test]input post={"sign":"c9ca3a73b78e83eb27141e68b0a9ab5c5029a3e2","page_size":20,"end_date":"20150930235959","stu_no":"201521080144","t":"20150915231625","page_index":1,"token":"7561N9AvQdhBapJblg6LHntoyPmQSIcpm8f2uCy7elme7DHj+HMJdPHt0Wd3qs84sBGBEbfi+cidXeSSBoQKFghSdhGLO2MbMbU45WVjryIWlurO98itczG0qescm74obw","n":"231625","action":"getCardTransaction","begin_date":"20150901000000"}
[test]no type
[openShower-delay_close]0 0
[test]input post={"sign":"351173bc0f4f39f74110dfe29d4f398c9c13ea3f","page_size":20,"end_date":"20150830235959","stu_no":"201521080042","t":"20150915231649","page_index":1,"token":"87b8lJ4wtsCzztrjicULRTk7UjIuk9Bkv3ONTYLJ44hp9XsvuLH6PP6insjrtZCyjdFxvsuItw7tc9J3lRqXDmiqtMtgWGkG20cerUz3bdY+ksKajGOaFmYA3ZPrjdTWQg","n":"231649","action":"getCardTransaction","begin_date":"20150901000000","type":"zhichu"}
[test]into get_card_transaction
[api]{"data":[],"resp_code":"0","resp_desc":"\u6682\u65e0\u6d88\u8d39\u8bb0\u5f55"}
[test]input post={"action":"getCardTransaction","stu_no":"201517120059","page_index":1,"begin_date":"20150901000000","end_date":"20150930235959","page_size":20,"token":"9648KpWLTq\/L01L+hEkFH2Vruj3LwicodcYIjKGid3xZ8K2Yx4Uxs2NR9nJ0+e7m84mLwzHE\/7dn+pvIc8x8HVibiauPzzCOp3mNfq56Bcu+nsaLQl+x7VqeITUQP6Y19g","t":"20150915231848","n":"231848","sign":"ecff1e7514abb46905ae16628276a9851d0e2eac"}
[test]no type
[test]input post={"sign":"a1b0cc0141691b0221331b0284b36d9ef214f8ca","page_size":20,"end_date":"20150930235959","stu_no":"201421080067","t":"20150915231826","page_index":1,"token":"b9d4v\/D4mO+MnvEafY56qUBk9CxoLf2n3+6c6nldRkMFikyR2IhVJF47tzt9hWr+vOpdqVLiWk695WbAfz1axyYM\/vcvWD7bSnj5wDU4HoY3vMZ\/pFl2TbSUmCG6ZXx5Aw","n":"231826","action":"getCardTransaction","begin_date":"20150901000000"}
[test]no type
[test]input post={"sign":"4dcab2b8c511bcecba2ababd6178a5b7c84430c1","page_size":20,"end_date":"20150930235959","stu_no":"201421080067","t":"20150915231828","page_index":1,"token":"b9d4v\/D4mO+MnvEafY56qUBk9CxoLf2n3+6c6nldRkMFikyR2IhVJF47tzt9hWr+vOpdqVLiWk695WbAfz1axyYM\/vcvWD7bSnj5wDU4HoY3vMZ\/pFl2TbSUmCG6ZXx5Aw","n":"231828","action":"getCardTransaction","begin_date":"20150901000000"}
[test]no type
[test]input post={"sign":"3a81cda7a3ea4f938381a949e0dc7994683c5084","page_size":20,"end_date":"20150930235959","stu_no":"201421080067","t":"20150915231830","page_index":1,"token":"b9d4v\/D4mO+MnvEafY56qUBk9CxoLf2n3+6c6nldRkMFikyR2IhVJF47tzt9hWr+vOpdqVLiWk695WbAfz1axyYM\/vcvWD7bSnj5wDU4HoY3vMZ\/pFl2TbSUmCG6ZXx5Aw","n":"231830","action":"getCardTransaction","begin_date":"20150901000000"}
[test]no type
[test]input post={"sign":"890f434d369dc1c10bb2c5548802cf9b9b9683e7","page_size":20,"end_date":"20150930235959","stu_no":"201421080067","t":"20150915231831","page_index":1,"token":"b9d4v\/D4mO+MnvEafY56qUBk9CxoLf2n3+6c6nldRkMFikyR2IhVJF47tzt9hWr+vOpdqVLiWk695WbAfz1axyYM\/vcvWD7bSnj5wDU4HoY3vMZ\/pFl2TbSUmCG6ZXx5Aw","n":"231831","action":"getCardTransaction","begin_date":"20150901000000"}
[test]no type
[test]input post={"sign":"a13495912ba7ad7f9fe18dfd37ed7dc900a50fd6","page_size":20,"end_date":"20150930235959","stu_no":"201421080067","t":"20150915231832","page_index":1,"token":"b9d4v\/D4mO+MnvEafY56qUBk9CxoLf2n3+6c6nldRkMFikyR2IhVJF47tzt9hWr+vOpdqVLiWk695WbAfz1axyYM\/vcvWD7bSnj5wDU4HoY3vMZ\/pFl2TbSUmCG6ZXx5Aw","n":"231832","action":"getCardTransaction","begin_date":"20150901000000"}
[test]no type
[test]input post={"sign":"9990458e27fa84707af7457ed924389611bbe284","page_size":20,"end_date":"20150930235959","stu_no":"201421080067","t":"20150915231833","page_index":1,"token":"b9d4v\/D4mO+MnvEafY56qUBk9CxoLf2n3+6c6nldRkMFikyR2IhVJF47tzt9hWr+vOpdqVLiWk695WbAfz1axyYM\/vcvWD7bSnj5wDU4HoY3vMZ\/pFl2TbSUmCG6ZXx5Aw","n":"231833","action":"getCardTransaction","begin_date":"20150901000000"}
[test]no type
[test]input post={"sign":"56864733295327cf754dc5d060b5f6bac208a091","page_size":20,"end_date":"20150930235959","stu_no":"201421080067","t":"20150915231834","page_index":1,"token":"b9d4v\/D4mO+MnvEafY56qUBk9CxoLf2n3+6c6nldRkMFikyR2IhVJF47tzt9hWr+vOpdqVLiWk695WbAfz1axyYM\/vcvWD7bSnj5wDU4HoY3vMZ\/pFl2TbSUmCG6ZXx5Aw","n":"231834","action":"getCardTransaction","begin_date":"20150901000000"}
[test]no type
[test]input post={"sign":"286eee76e724e889e25168d451690b7ae9c2b8be","page_size":20,"end_date":"20150915235959","stu_no":"201427050111","t":"20150915232109","page_index":1,"token":"565fDItAIkKCR4QGrj78BuWVlRTMNaFgIyeBK7noxZu8ZyGC86BpRZRNRzGmXBQUIf6aO6PIBwmCIU2MhiPuOA8HuTXl1+cxLHOyCgSFfTGkDli5etTj92kIUQv4p6CQIQ","n":"232109","action":"getCardTransaction","begin_date":"20150901000000","type":"zhichu"}
[test]into get_card_transaction
[api]{"data":[],"resp_code":"0","resp_desc":"\u6682\u65e0\u6d88\u8d39\u8bb0\u5f55"}
[test]input post={"sign":"286eee76e724e889e25168d451690b7ae9c2b8be","page_size":20,"end_date":"20150915235959","stu_no":"201427050111","t":"20150915232109","page_index":1,"token":"565fDItAIkKCR4QGrj78BuWVlRTMNaFgIyeBK7noxZu8ZyGC86BpRZRNRzGmXBQUIf6aO6PIBwmCIU2MhiPuOA8HuTXl1+cxLHOyCgSFfTGkDli5etTj92kIUQv4p6CQIQ","n":"232109","action":"getCardTransaction","begin_date":"20150901000000","type":"zhichu"}
[test]into get_card_transaction
[api]{"data":[],"resp_code":"0","resp_desc":"\u6682\u65e0\u6d88\u8d39\u8bb0\u5f55"}
[test]input post={"sign":"8b3274da2e62e0cab317524bf62838edac6ae2e0","page_size":20,"end_date":"20150915235959","stu_no":"201427050111","t":"20150915232113","page_index":1,"token":"565fDItAIkKCR4QGrj78BuWVlRTMNaFgIyeBK7noxZu8ZyGC86BpRZRNRzGmXBQUIf6aO6PIBwmCIU2MhiPuOA8HuTXl1+cxLHOyCgSFfTGkDli5etTj92kIUQv4p6CQIQ","n":"232113","action":"getCardTransaction","begin_date":"20150901000000","type":"zhichu"}
[test]into get_card_transaction
[api]{"data":[],"resp_code":"0","resp_desc":"\u6682\u65e0\u6d88\u8d39\u8bb0\u5f55"}
[test]input post={"sign":"a45a3d18ef65888d48c2fce5e89f3183461f8f37","page_size":20,"end_date":"20150930235959","stu_no":"201521080144","t":"20150915232003","page_index":1,"token":"ed45sICFH648GdaGb5cWsZur\/UFVho6NOLS4V4SdGAiQnLFM100wnYnjF5N+fkIsSkfOlbTXRcmryIjdSK0IAAXqhpHSvCqXualMp9F3hP3Lo\/tIW9twsLycQZ1771Xf2Q","n":"232003","action":"getCardTransaction","begin_date":"20150901000000"}
[test]no type
[test]input post={"sign":"a60d2d47efae2655013a6c7657cc4c919659d5a2","page_size":20,"end_date":"20150930235959","stu_no":"201521080144","t":"20150915232005","page_index":1,"token":"ed45sICFH648GdaGb5cWsZur\/UFVho6NOLS4V4SdGAiQnLFM100wnYnjF5N+fkIsSkfOlbTXRcmryIjdSK0IAAXqhpHSvCqXualMp9F3hP3Lo\/tIW9twsLycQZ1771Xf2Q","n":"232005","action":"getCardTransaction","begin_date":"20150901000000"}
[test]no type
[test]input post={"sign":"98ea7c7da99c0f91ea4b08c1a00dfde43c957909","page_size":20,"end_date":"20150930235959","stu_no":"201521080144","t":"20150915232007","page_index":1,"token":"ed45sICFH648GdaGb5cWsZur\/UFVho6NOLS4V4SdGAiQnLFM100wnYnjF5N+fkIsSkfOlbTXRcmryIjdSK0IAAXqhpHSvCqXualMp9F3hP3Lo\/tIW9twsLycQZ1771Xf2Q","n":"232007","action":"getCardTransaction","begin_date":"20150901000000"}
[test]no type
[test]input post={"sign":"98ea7c7da99c0f91ea4b08c1a00dfde43c957909","page_size":20,"end_date":"20150930235959","stu_no":"201521080144","t":"20150915232007","page_index":1,"token":"ed45sICFH648GdaGb5cWsZur\/UFVho6NOLS4V4SdGAiQnLFM100wnYnjF5N+fkIsSkfOlbTXRcmryIjdSK0IAAXqhpHSvCqXualMp9F3hP3Lo\/tIW9twsLycQZ1771Xf2Q","n":"232007","action":"getCardTransaction","begin_date":"20150901000000"}
[test]no type
[test]input post={"sign":"dae84deb3d24b40ea52703b90d5fd183a5731951","page_size":20,"end_date":"20150930235959","stu_no":"201521080144","t":"20150915232013","page_index":1,"token":"ed45sICFH648GdaGb5cWsZur\/UFVho6NOLS4V4SdGAiQnLFM100wnYnjF5N+fkIsSkfOlbTXRcmryIjdSK0IAAXqhpHSvCqXualMp9F3hP3Lo\/tIW9twsLycQZ1771Xf2Q","n":"232013","action":"getCardTransaction","begin_date":"20150901000000"}
[test]no type
[test]input post={"sign":"a47ef26f93d223b5a1bab6043c925165809ea1fa","page_size":20,"end_date":"20150930235959","stu_no":"201521080144","t":"20150915232014","page_index":1,"token":"ed45sICFH648GdaGb5cWsZur\/UFVho6NOLS4V4SdGAiQnLFM100wnYnjF5N+fkIsSkfOlbTXRcmryIjdSK0IAAXqhpHSvCqXualMp9F3hP3Lo\/tIW9twsLycQZ1771Xf2Q","n":"232014","action":"getCardTransaction","begin_date":"20150901000000"}
[test]no type
[test]input post={"sign":"4976bf9bd8ec2afb7cea30e6f2c76e89a557dab9","page_size":20,"end_date":"20150930235959","stu_no":"201521080144","t":"20150915232015","page_index":1,"token":"ed45sICFH648GdaGb5cWsZur\/UFVho6NOLS4V4SdGAiQnLFM100wnYnjF5N+fkIsSkfOlbTXRcmryIjdSK0IAAXqhpHSvCqXualMp9F3hP3Lo\/tIW9twsLycQZ1771Xf2Q","n":"232015","action":"getCardTransaction","begin_date":"20150901000000"}
[test]no type
[test]input post={"sign":"60eb37d25c5414db79e564c9f128cf9cab3624d3","page_size":20,"end_date":"20150930235959","stu_no":"201521080144","t":"20150915232016","page_index":1,"token":"ed45sICFH648GdaGb5cWsZur\/UFVho6NOLS4V4SdGAiQnLFM100wnYnjF5N+fkIsSkfOlbTXRcmryIjdSK0IAAXqhpHSvCqXualMp9F3hP3Lo\/tIW9twsLycQZ1771Xf2Q","n":"232016","action":"getCardTransaction","begin_date":"20150901000000"}
[test]no type
[test]input post={"sign":"60eb37d25c5414db79e564c9f128cf9cab3624d3","page_size":20,"end_date":"20150930235959","stu_no":"201521080144","t":"20150915232016","page_index":1,"token":"ed45sICFH648GdaGb5cWsZur\/UFVho6NOLS4V4SdGAiQnLFM100wnYnjF5N+fkIsSkfOlbTXRcmryIjdSK0IAAXqhpHSvCqXualMp9F3hP3Lo\/tIW9twsLycQZ1771Xf2Q","n":"232016","action":"getCardTransaction","begin_date":"20150901000000"}
[test]no type
[test]input post={"sign":"60eb37d25c5414db79e564c9f128cf9cab3624d3","page_size":20,"end_date":"20150930235959","stu_no":"201521080144","t":"20150915232016","page_index":1,"token":"ed45sICFH648GdaGb5cWsZur\/UFVho6NOLS4V4SdGAiQnLFM100wnYnjF5N+fkIsSkfOlbTXRcmryIjdSK0IAAXqhpHSvCqXualMp9F3hP3Lo\/tIW9twsLycQZ1771Xf2Q","n":"232016","action":"getCardTransaction","begin_date":"20150901000000"}
[test]no type
[test]input post={"sign":"1fbb13b3896b084a4fe5b8df146be455b4878d52","page_size":20,"end_date":"20150930235959","stu_no":"201521080144","t":"20150915232017","page_index":1,"token":"ed45sICFH648GdaGb5cWsZur\/UFVho6NOLS4V4SdGAiQnLFM100wnYnjF5N+fkIsSkfOlbTXRcmryIjdSK0IAAXqhpHSvCqXualMp9F3hP3Lo\/tIW9twsLycQZ1771Xf2Q","n":"232017","action":"getCardTransaction","begin_date":"20150901000000"}
[test]no type
[openShower-delay_close]0 0
[test]input post={"sign":"aee10e3b5e81c5649661320baae1546baa386c5d","page_size":20,"end_date":"20150915235959","stu_no":"201427050111","t":"20150915232216","page_index":1,"token":"565fDItAIkKCR4QGrj78BuWVlRTMNaFgIyeBK7noxZu8ZyGC86BpRZRNRzGmXBQUIf6aO6PIBwmCIU2MhiPuOA8HuTXl1+cxLHOyCgSFfTGkDli5etTj92kIUQv4p6CQIQ","n":"232216","action":"getCardTransaction","begin_date":"20150901000000","type":"zhichu"}
[test]into get_card_transaction
[api]{"data":[],"resp_code":"0","resp_desc":"\u6682\u65e0\u6d88\u8d39\u8bb0\u5f55"}
[openShower-delay_close]0 0
[openShower-delay_close]0 0
[openShower-delay_close]0 0
[login]{"resp_desc":"\u767b\u5f55\u6210\u529f","resp_code":"0","data":{"userMap":{"token":"20152015201518EF93E5E6D89965E1E7B9E20816C1EE","studentNo":"201520152015","cardNo":"0550594075","userName":"\u6d4b\u8bd5\u4eba\u5458","nickName":"\u6d4b\u8bd5\u4eba\u5458","headImg":"","phone":"","email":"","cardBalance":"276","monthlyAmt":"7442"}}}
[openShower-delay_close]0 0
[openShower-delay_close]0 0
[login]{"resp_desc":"\u767b\u5f55\u6210\u529f","resp_code":"0","data":{"userMap":{"token":"20152015201519A761082A6218806962DA223AB7B56E","studentNo":"201520152015","cardNo":"0550594075","userName":"\u6d4b\u8bd5\u4eba\u5458","nickName":"\u6d4b\u8bd5\u4eba\u5458","headImg":"","phone":"","email":"","cardBalance":"276","monthlyAmt":"7442"}}}
[test]input post={"action":"getCardTransaction","type":"zhichu","stu_no":"201517120059","page_index":1,"begin_date":"20150901000000","end_date":"20150915235959","page_size":20,"token":"f875QhDBxVYb\/LVtNsJBMU\/Ense0XT3ulr0h9AXBtqI7qi1kCN\/Vz3Ul5vtQtWxxA9fUlpv+cnzhd+nzSeM9d3eQzY4J9myg8QS6n8w5q9hA51oF8DE2OgajFbfkKskDBg","t":"20150915232339","n":"232339","sign":"28cc51f006ed38150c37f4fc94fb2e2f565776e4"}
[test]into get_card_transaction
[api test]Array
[api]{"data":[{"tranName":"\u98df\u5802\u552e\u996d_\u6d88\u8d39","tranAmt":"800","tranDate":"20150901113928"},{"tranName":"\u98df\u5802\u552e\u996d_\u6d88\u8d39","tranAmt":"500","tranDate":"20150901173012"},{"tranName":"\u98df\u5802\u552e\u996d_\u6d88\u8d39","tranAmt":"600","tranDate":"20150902172903"},{"tranName":"\u98df\u5802\u552e\u996d_\u6d88\u8d39","tranAmt":"600","tranDate":"20150902172850"},{"tranName":"\u6821\u5185\u8d85\u5e02_\u6d88\u8d39","tranAmt":"430","tranDate":"20150902174544"},{"tranName":"\u98df\u5802\u552e\u996d_\u6d88\u8d39","tranAmt":"350","tranDate":"20150903064324"},{"tranName":"\u98df\u5802\u552e\u996d_\u6d88\u8d39","tranAmt":"500","tranDate":"20150903172823"},{"tranName":"\u98df\u5802\u552e\u996d_\u6d88\u8d39","tranAmt":"600","tranDate":"20150903123644"},{"tranName":"\u98df\u5802\u552e\u996d_\u6d88\u8d39","tranAmt":"600","tranDate":"20150904172726"},{"tranName":"\u98df\u5802\u552e\u996d_\u6d88\u8d39","tranAmt":"600","tranDate":"20150904113439"},{"tranName":"\u86cb\u7cd5\u623f_\u6d88\u8d39","tranAmt":"750","tranDate":"20150904065734"},{"tranName":"\u98df\u5802\u552e\u996d_\u6d88\u8d39","tranAmt":"500","tranDate":"20150905120608"},{"tranName":"\u98df\u5802\u552e\u996d_\u6d88\u8d39","tranAmt":"650","tranDate":"20150905195541"},{"tranName":"\u6821\u5185\u8d85\u5e02_\u6d88\u8d39","tranAmt":"100","tranDate":"20150905122333"},{"tranName":"\u86cb\u7cd5\u623f_\u6d88\u8d39","tranAmt":"800","tranDate":"20150905072138"},{"tranName":"\u98df\u5802\u552e\u996d_\u6d88\u8d39","tranAmt":"600","tranDate":"20150906170101"},{"tranName":"\u98df\u5802\u552e\u996d_\u6d88\u8d39","tranAmt":"600","tranDate":"20150906112541"},{"tranName":"\u6821\u5185\u8d85\u5e02_\u6d88\u8d39","tranAmt":"150","tranDate":"20150906113850"},{"tranName":"\u86cb\u7cd5\u623f_\u6d88\u8d39","tranAmt":"850","tranDate":"20150906071244"},{"tranName":"\u6821\u5185\u8d85\u5e02_\u6d88\u8d39","tranAmt":"150","tranDate":"20150906144418"}],"resp_code":"0","resp_desc":""}
[openShower-delay_close]0 0
[test]input post={"sign":"ec421a97840331068834192b827ee0686f23af00","page_size":20,"end_date":"20150915235959","stu_no":"201521080314","t":"20150915232408","page_index":1,"token":"1e22AVS7fuG3MBK+cTdWHFhqkMbwO6BrFI50pzGv\/Q2XOeZXd4WIhFBJkjpc8IFdgeZhAKOl4Y3hYQ2hVOq9or8Il9Pja6yKdYfp1VQoWDjvhmIHEv7Jzr5e6eQDrNY7+g","n":"232408","action":"getCardTransaction","begin_date":"20150901000000","type":"zhichu"}
[test]into get_card_transaction
[api test]Array
[api]{"data":[{"tranName":"\u98df\u5802\u552e\u996d_\u6d88\u8d39","tranAmt":"500","tranDate":"20150901113001"},{"tranName":"\u86cb\u7cd5\u623f_\u6d88\u8d39","tranAmt":"400","tranDate":"20150901183636"},{"tranName":"\u98df\u5802\u552e\u996d_\u6d88\u8d39","tranAmt":"500","tranDate":"20150901113011"},{"tranName":"\u98df\u5802\u552e\u996d_\u6d88\u8d39","tranAmt":"300","tranDate":"20150901071006"},{"tranName":"\u6821\u5185\u8d85\u5e02_\u6d88\u8d39","tranAmt":"150","tranDate":"20150901070226"},{"tranName":"\u86cb\u7cd5\u623f_\u6d88\u8d39","tranAmt":"200","tranDate":"20150902073659"},{"tranName":"\u98df\u5802\u552e\u996d_\u6d88\u8d39","tranAmt":"500","tranDate":"20150902180459"},{"tranName":"\u6821\u5185\u8d85\u5e02_\u6d88\u8d39","tranAmt":"400","tranDate":"20150902182109"},{"tranName":"\u6821\u5185\u8d85\u5e02_\u6d88\u8d39","tranAmt":"300","tranDate":"20150902073555"},{"tranName":"\u98df\u5802\u552e\u996d_\u6d88\u8d39","tranAmt":"500","tranDate":"20150902072546"},{"tranName":"\u6821\u5185\u8d85\u5e02_\u6d88\u8d39","tranAmt":"400","tranDate":"20150903073521"},{"tranName":"\u98df\u5802\u552e\u996d_\u6d88\u8d39","tranAmt":"500","tranDate":"20150903072305"},{"tranName":"\u98df\u5802\u552e\u996d_\u6d88\u8d39","tranAmt":"600","tranDate":"20150903172712"},{"tranName":"\u86cb\u7cd5\u623f_\u6d88\u8d39","tranAmt":"400","tranDate":"20150903174338"},{"tranName":"\u98df\u5802\u552e\u996d_\u6d88\u8d39","tranAmt":"350","tranDate":"20150904183134"},{"tranName":"\u98df\u5802\u552e\u996d_\u6d88\u8d39","tranAmt":"300","tranDate":"20150904211443"},{"tranName":"\u86cb\u7cd5\u623f_\u6d88\u8d39","tranAmt":"250","tranDate":"20150905070100"},{"tranName":"\u98df\u5802\u552e\u996d_\u6d88\u8d39","tranAmt":"700","tranDate":"20150905182631"},{"tranName":"\u98df\u5802\u552e\u996d_\u6d88\u8d39","tranAmt":"300","tranDate":"20150905071314"},{"tranName":"\u6821\u5185\u8d85\u5e02_\u6d88\u8d39","tranAmt":"300","tranDate":"20150905161213"}],"resp_code":"0","resp_desc":""}
[test]input post={"stu_no":"201521080055","action":"getCardTransaction","t":"1442330685","n":"6d89c2","sign":"b4ba798fab90d0b6fb54be9ef0e0a08a554abe44","token":"5e50YC4yiLWIsNwlYrvfbnLr2d2X9+zU9zSwOHQxNlu\/WriCGO3iL5PZZ72UXV7xVyD2x+zSVZzJQsxKhMx5YLqnXFtX8EC3LDBixA8mE8cJWCEqa5KsxCOUhiijHKilPQ","begin_date":"20150901000000","type":"zhichu","page_index":1,"end_date":"20150915235959","page_size":20}
[test]into get_card_transaction
[api test]Array
[api]{"data":[{"tranName":"\u98df\u5802\u552e\u996d_\u6d88\u8d39","tranAmt":"700","tranDate":"20150901112849"},{"tranName":"\u98df\u5802\u552e\u996d_\u6d88\u8d39","tranAmt":"500","tranDate":"20150901172722"},{"tranName":"\u86cb\u7cd5\u623f_\u6d88\u8d39","tranAmt":"400","tranDate":"20150901113112"},{"tranName":"\u98df\u5802\u552e\u996d_\u6d88\u8d39","tranAmt":"250","tranDate":"20150901065540"},{"tranName":"\u98df\u5802\u552e\u996d_\u6d88\u8d39","tranAmt":"350","tranDate":"20150902072140"},{"tranName":"\u86cb\u7cd5\u623f_\u6d88\u8d39","tranAmt":"250","tranDate":"20150902202406"},{"tranName":"\u86cb\u7cd5\u623f_\u6d88\u8d39","tranAmt":"400","tranDate":"20150902202451"},{"tranName":"\u98df\u5802\u552e\u996d_\u6d88\u8d39","tranAmt":"600","tranDate":"20150902173702"},{"tranName":"\u98df\u5802\u552e\u996d_\u6d88\u8d39","tranAmt":"700","tranDate":"20150902113643"},{"tranName":"\u6821\u5185\u8d85\u5e02_\u6d88\u8d39","tranAmt":"750","tranDate":"20150902202323"},{"tranName":"\u98df\u5802\u552e\u996d_\u6d88\u8d39","tranAmt":"600","tranDate":"20150903172237"},{"tranName":"\u98df\u5802\u552e\u996d_\u6d88\u8d39","tranAmt":"300","tranDate":"20150903071141"},{"tranName":"\u98df\u5802\u552e\u996d_\u6d88\u8d39","tranAmt":"700","tranDate":"20150903115745"},{"tranName":"\u86cb\u7cd5\u623f_\u6d88\u8d39","tranAmt":"300","tranDate":"20150904211257"},{"tranName":"\u86cb\u7cd5\u623f_\u6d88\u8d39","tranAmt":"400","tranDate":"20150904174210"},{"tranName":"\u98df\u5802\u552e\u996d_\u6d88\u8d39","tranAmt":"200","tranDate":"20150904072132"},{"tranName":"\u98df\u5802\u552e\u996d_\u6d88\u8d39","tranAmt":"700","tranDate":"20150904172911"},{"tranName":"\u98df\u5802\u552e\u996d_\u6d88\u8d39","tranAmt":"700","tranDate":"20150904113612"},{"tranName":"\u6821\u5185\u8d85\u5e02_\u6d88\u8d39","tranAmt":"550","tranDate":"20150904115357"},{"tranName":"\u98df\u5802\u552e\u996d_\u6d88\u8d39","tranAmt":"700","tranDate":"20150905172826"}],"resp_code":"0","resp_desc":""}
[test]input post={"stu_no":"201521080055","action":"getCardTransaction","t":"1442330693","n":"453ec7","sign":"5aeb20a838e8ed982d54f6f5a8922ad88d8fec46","token":"5e50YC4yiLWIsNwlYrvfbnLr2d2X9+zU9zSwOHQxNlu\/WriCGO3iL5PZZ72UXV7xVyD2x+zSVZzJQsxKhMx5YLqnXFtX8EC3LDBixA8mE8cJWCEqa5KsxCOUhiijHKilPQ","begin_date":"20150901000000","type":"zhichu","page_index":2,"end_date":"20150915235959","page_size":20}
[test]into get_card_transaction
[api test]Array
[api]{"data":[{"tranName":"\u86cb\u7cd5\u623f_\u6d88\u8d39","tranAmt":"450","tranDate":"20150905205709"},{"tranName":"\u6821\u5185\u8d85\u5e02_\u6d88\u8d39","tranAmt":"1350","tranDate":"20150905205623"},{"tranName":"\u98df\u5802\u552e\u996d_\u6d88\u8d39","tranAmt":"500","tranDate":"20150905065340"},{"tranName":"\u98df\u5802\u552e\u996d_\u6d88\u8d39","tranAmt":"800","tranDate":"20150905112520"},{"tranName":"\u6821\u5185\u8d85\u5e02_\u6d88\u8d39","tranAmt":"300","tranDate":"20150906173420"},{"tranName":"\u86cb\u7cd5\u623f_\u6d88\u8d39","tranAmt":"450","tranDate":"20150906173452"},{"tranName":"\u98df\u5802\u552e\u996d_\u6d88\u8d39","tranAmt":"400","tranDate":"20150906172548"},{"tranName":"\u98df\u5802\u552e\u996d_\u6d88\u8d39","tranAmt":"200","tranDate":"20150906065519"},{"tranName":"\u86cb\u7cd5\u623f_\u6d88\u8d39","tranAmt":"400","tranDate":"20150906112646"},{"tranName":"\u98df\u5802\u552e\u996d_\u6d88\u8d39","tranAmt":"700","tranDate":"20150906112525"},{"tranName":"\u86cb\u7cd5\u623f_\u6d88\u8d39","tranAmt":"300","tranDate":"20150907175718"},{"tranName":"\u98df\u5802\u552e\u996d_\u6d88\u8d39","tranAmt":"300","tranDate":"20150907071831"},{"tranName":"\u86cb\u7cd5\u623f_\u6d88\u8d39","tranAmt":"100","tranDate":"20150907175741"},{"tranName":"\u86cb\u7cd5\u623f_\u6d88\u8d39","tranAmt":"450","tranDate":"20150907175702"},{"tranName":"\u98df\u5802\u552e\u996d_\u6d88\u8d39","tranAmt":"700","tranDate":"20150907174617"},{"tranName":"\u98df\u5802\u552e\u996d_\u6d88\u8d39","tranAmt":"700","tranDate":"20150907114514"},{"tranName":"\u86cb\u7cd5\u623f_\u6d88\u8d39","tranAmt":"400","tranDate":"20150907114837"},{"tranName":"\u98df\u5802\u552e\u996d_\u6d88\u8d39","tranAmt":"200","tranDate":"20150908070525"},{"tranName":"\u98df\u5802\u552e\u996d_\u6d88\u8d39","tranAmt":"600","tranDate":"20150908172503"},{"tranName":"\u86cb\u7cd5\u623f_\u6d88\u8d39","tranAmt":"300","tranDate":"20150908173518"}],"resp_code":"0","resp_desc":""}
[openShower-delay_close]0 0
[test]input post={"sign":"3b2937b0059097c944d8cdbcac6625479104c026","page_size":20,"end_date":"20150930235959","stu_no":"201526070031","t":"20150915232740","page_index":1,"token":"61d5wR+y1oPTSzVMpduJEG0DFvQg3SUeklyoDI3fL+PdjACGOg30w4nwiYEsUlKii5X2Az7IskcM7x\/vfSn0AmWOkK\/5DzNrbFYSic9bCY+MDO33fXnxFuDhPN77ErOPvA","n":"232740","action":"getCardTransaction","begin_date":"20150901000000"}
[test]no type
[test]input post={"sign":"fb31eba223c57e41e0a7d878cfee2fe027cae04a","page_size":20,"end_date":"20150915235959","stu_no":"201526070178","t":"20150915232629","page_index":1,"token":"eb37CbxQPC7NLEL2YzGJLIvsAvyTcVZ2BLK7dptYUFdKHtiNKYI1lg93GHz3m1ppZYUzxGDJjrMvWcjmeT9SLisJshzjz9fsJdtcEpYjRGp1aEPAIt68Apc34XCSBlfeqw","n":"232629","action":"getCardTransaction","begin_date":"20150901000000","type":"zhichu"}
[test]into get_card_transaction
[api test]Array
[api]{"data":[{"tranName":"\u98df\u5802\u552e\u996d_\u6d88\u8d39","tranAmt":"800","tranDate":"20150901175516"},{"tranName":"\u98df\u5802\u552e\u996d_\u6d88\u8d39","tranAmt":"600","tranDate":"20150901115521"},{"tranName":"\u98df\u5802\u552e\u996d_\u6d88\u8d39","tranAmt":"250","tranDate":"20150901072528"},{"tranName":"\u98df\u5802\u552e\u996d_\u6d88\u8d39","tranAmt":"200","tranDate":"20150901072547"},{"tranName":"\u6821\u5185\u8d85\u5e02_\u6d88\u8d39","tranAmt":"2280","tranDate":"20150902121735"},{"tranName":"\u98df\u5802\u552e\u996d_\u6d88\u8d39","tranAmt":"350","tranDate":"20150902070434"},{"tranName":"\u98df\u5802\u552e\u996d_\u6d88\u8d39","tranAmt":"700","tranDate":"20150902115938"},{"tranName":"\u98df\u5802\u552e\u996d_\u6d88\u8d39","tranAmt":"600","tranDate":"20150902173818"},{"tranName":"\u98df\u5802\u552e\u996d_\u6d88\u8d39","tranAmt":"600","tranDate":"20150903170101"},{"tranName":"\u98df\u5802\u552e\u996d_\u6d88\u8d39","tranAmt":"200","tranDate":"20150903074032"},{"tranName":"\u86cb\u7cd5\u623f_\u6d88\u8d39","tranAmt":"400","tranDate":"20150904065928"},{"tranName":"\u98df\u5802\u552e\u996d_\u6d88\u8d39","tranAmt":"800","tranDate":"20150904113158"},{"tranName":"\u6821\u5185\u8d85\u5e02_\u6d88\u8d39","tranAmt":"2900","tranDate":"20150904174803"},{"tranName":"\u98df\u5802\u552e\u996d_\u6d88\u8d39","tranAmt":"600","tranDate":"20150904173632"},{"tranName":"\u86cb\u7cd5\u623f_\u6d88\u8d39","tranAmt":"350","tranDate":"20150904065914"},{"tranName":"\u98df\u5802\u552e\u996d_\u6d88\u8d39","tranAmt":"600","tranDate":"20150905115600"},{"tranName":"\u98df\u5802\u552e\u996d_\u6d88\u8d39","tranAmt":"500","tranDate":"20150905115437"},{"tranName":"\u98df\u5802\u552e\u996d_\u6d88\u8d39","tranAmt":"500","tranDate":"20150905174921"},{"tranName":"\u98df\u5802\u552e\u996d_\u6d88\u8d39","tranAmt":"250","tranDate":"20150905072656"},{"tranName":"\u98df\u5802\u552e\u996d_\u6d88\u8d39","tranAmt":"250","tranDate":"20150905072618"}],"resp_code":"0","resp_desc":""}
[test]input post={"sign":"318cd7e1b4fcacb6a62077ac92946a834029a083","page_size":20,"end_date":"20150915235959","stu_no":"201526070178","t":"20150915232640","page_index":1,"token":"eb37CbxQPC7NLEL2YzGJLIvsAvyTcVZ2BLK7dptYUFdKHtiNKYI1lg93GHz3m1ppZYUzxGDJjrMvWcjmeT9SLisJshzjz9fsJdtcEpYjRGp1aEPAIt68Apc34XCSBlfeqw","n":"232640","action":"getCardTransaction","begin_date":"20150901000000","type":"zhichu"}
[test]into get_card_transaction
[api test]Array
[api]{"data":[{"tranName":"\u98df\u5802\u552e\u996d_\u6d88\u8d39","tranAmt":"800","tranDate":"20150901175516"},{"tranName":"\u98df\u5802\u552e\u996d_\u6d88\u8d39","tranAmt":"600","tranDate":"20150901115521"},{"tranName":"\u98df\u5802\u552e\u996d_\u6d88\u8d39","tranAmt":"250","tranDate":"20150901072528"},{"tranName":"\u98df\u5802\u552e\u996d_\u6d88\u8d39","tranAmt":"200","tranDate":"20150901072547"},{"tranName":"\u6821\u5185\u8d85\u5e02_\u6d88\u8d39","tranAmt":"2280","tranDate":"20150902121735"},{"tranName":"\u98df\u5802\u552e\u996d_\u6d88\u8d39","tranAmt":"350","tranDate":"20150902070434"},{"tranName":"\u98df\u5802\u552e\u996d_\u6d88\u8d39","tranAmt":"700","tranDate":"20150902115938"},{"tranName":"\u98df\u5802\u552e\u996d_\u6d88\u8d39","tranAmt":"600","tranDate":"20150902173818"},{"tranName":"\u98df\u5802\u552e\u996d_\u6d88\u8d39","tranAmt":"600","tranDate":"20150903170101"},{"tranName":"\u98df\u5802\u552e\u996d_\u6d88\u8d39","tranAmt":"200","tranDate":"20150903074032"},{"tranName":"\u86cb\u7cd5\u623f_\u6d88\u8d39","tranAmt":"400","tranDate":"20150904065928"},{"tranName":"\u98df\u5802\u552e\u996d_\u6d88\u8d39","tranAmt":"800","tranDate":"20150904113158"},{"tranName":"\u6821\u5185\u8d85\u5e02_\u6d88\u8d39","tranAmt":"2900","tranDate":"20150904174803"},{"tranName":"\u98df\u5802\u552e\u996d_\u6d88\u8d39","tranAmt":"600","tranDate":"20150904173632"},{"tranName":"\u86cb\u7cd5\u623f_\u6d88\u8d39","tranAmt":"350","tranDate":"20150904065914"},{"tranName":"\u98df\u5802\u552e\u996d_\u6d88\u8d39","tranAmt":"600","tranDate":"20150905115600"},{"tranName":"\u98df\u5802\u552e\u996d_\u6d88\u8d39","tranAmt":"500","tranDate":"20150905115437"},{"tranName":"\u98df\u5802\u552e\u996d_\u6d88\u8d39","tranAmt":"500","tranDate":"20150905174921"},{"tranName":"\u98df\u5802\u552e\u996d_\u6d88\u8d39","tranAmt":"250","tranDate":"20150905072656"},{"tranName":"\u98df\u5802\u552e\u996d_\u6d88\u8d39","tranAmt":"250","tranDate":"20150905072618"}],"resp_code":"0","resp_desc":""}
[test]input post={"sign":"8ce4cfc254796fd8077e79adb2a65c4d51bc34d6","page_size":20,"end_date":"20150915235959","stu_no":"201526070178","t":"20150915232644","page_index":1,"token":"eb37CbxQPC7NLEL2YzGJLIvsAvyTcVZ2BLK7dptYUFdKHtiNKYI1lg93GHz3m1ppZYUzxGDJjrMvWcjmeT9SLisJshzjz9fsJdtcEpYjRGp1aEPAIt68Apc34XCSBlfeqw","n":"232644","action":"getCardTransaction","begin_date":"20150901000000","type":"zhichu"}
[test]into get_card_transaction
[api test]Array
[api]{"data":[{"tranName":"\u98df\u5802\u552e\u996d_\u6d88\u8d39","tranAmt":"800","tranDate":"20150901175516"},{"tranName":"\u98df\u5802\u552e\u996d_\u6d88\u8d39","tranAmt":"600","tranDate":"20150901115521"},{"tranName":"\u98df\u5802\u552e\u996d_\u6d88\u8d39","tranAmt":"250","tranDate":"20150901072528"},{"tranName":"\u98df\u5802\u552e\u996d_\u6d88\u8d39","tranAmt":"200","tranDate":"20150901072547"},{"tranName":"\u6821\u5185\u8d85\u5e02_\u6d88\u8d39","tranAmt":"2280","tranDate":"20150902121735"},{"tranName":"\u98df\u5802\u552e\u996d_\u6d88\u8d39","tranAmt":"350","tranDate":"20150902070434"},{"tranName":"\u98df\u5802\u552e\u996d_\u6d88\u8d39","tranAmt":"700","tranDate":"20150902115938"},{"tranName":"\u98df\u5802\u552e\u996d_\u6d88\u8d39","tranAmt":"600","tranDate":"20150902173818"},{"tranName":"\u98df\u5802\u552e\u996d_\u6d88\u8d39","tranAmt":"600","tranDate":"20150903170101"},{"tranName":"\u98df\u5802\u552e\u996d_\u6d88\u8d39","tranAmt":"200","tranDate":"20150903074032"},{"tranName":"\u86cb\u7cd5\u623f_\u6d88\u8d39","tranAmt":"400","tranDate":"20150904065928"},{"tranName":"\u98df\u5802\u552e\u996d_\u6d88\u8d39","tranAmt":"800","tranDate":"20150904113158"},{"tranName":"\u6821\u5185\u8d85\u5e02_\u6d88\u8d39","tranAmt":"2900","tranDate":"20150904174803"},{"tranName":"\u98df\u5802\u552e\u996d_\u6d88\u8d39","tranAmt":"600","tranDate":"20150904173632"},{"tranName":"\u86cb\u7cd5\u623f_\u6d88\u8d39","tranAmt":"350","tranDate":"20150904065914"},{"tranName":"\u98df\u5802\u552e\u996d_\u6d88\u8d39","tranAmt":"600","tranDate":"20150905115600"},{"tranName":"\u98df\u5802\u552e\u996d_\u6d88\u8d39","tranAmt":"500","tranDate":"20150905115437"},{"tranName":"\u98df\u5802\u552e\u996d_\u6d88\u8d39","tranAmt":"500","tranDate":"20150905174921"},{"tranName":"\u98df\u5802\u552e\u996d_\u6d88\u8d39","tranAmt":"250","tranDate":"20150905072656"},{"tranName":"\u98df\u5802\u552e\u996d_\u6d88\u8d39","tranAmt":"250","tranDate":"20150905072618"}],"resp_code":"0","resp_desc":""}
[test]input post={"sign":"03ee4b036c8db39ffd7c2d44c12af6bc29f6c60b","page_size":20,"end_date":"20150915235959","stu_no":"201526070178","t":"20150915232646","page_index":2,"token":"eb37CbxQPC7NLEL2YzGJLIvsAvyTcVZ2BLK7dptYUFdKHtiNKYI1lg93GHz3m1ppZYUzxGDJjrMvWcjmeT9SLisJshzjz9fsJdtcEpYjRGp1aEPAIt68Apc34XCSBlfeqw","n":"232646","action":"getCardTransaction","begin_date":"20150901000000","type":"zhichu"}
[test]into get_card_transaction
[api test]Array
[api]{"data":[{"tranName":"\u6821\u5185\u8d85\u5e02_\u6d88\u8d39","tranAmt":"300","tranDate":"20150906181532"},{"tranName":"\u98df\u5802\u552e\u996d_\u6d88\u8d39","tranAmt":"1400","tranDate":"20150906180349"},{"tranName":"\u6821\u5185\u8d85\u5e02_\u6d88\u8d39","tranAmt":"650","tranDate":"20150906073600"},{"tranName":"\u6821\u5185\u8d85\u5e02_\u6d88\u8d39","tranAmt":"1050","tranDate":"20150906205449"},{"tranName":"\u98df\u5802\u552e\u996d_\u6d88\u8d39","tranAmt":"700","tranDate":"20150907113621"},{"tranName":"\u6821\u5185\u8d85\u5e02_\u6d88\u8d39","tranAmt":"930","tranDate":"20150907114827"},{"tranName":"\u98df\u5802\u552e\u996d_\u6d88\u8d39","tranAmt":"600","tranDate":"20150907172944"},{"tranName":"\u98df\u5802\u552e\u996d_\u6d88\u8d39","tranAmt":"250","tranDate":"20150907070937"},{"tranName":"\u98df\u5802\u552e\u996d_\u6d88\u8d39","tranAmt":"700","tranDate":"20150908165938"},{"tranName":"\u98df\u5802\u552e\u996d_\u6d88\u8d39","tranAmt":"600","tranDate":"20150908114632"},{"tranName":"\u98df\u5802\u552e\u996d_\u6d88\u8d39","tranAmt":"300","tranDate":"20150908071204"},{"tranName":"\u98df\u5802\u552e\u996d_\u6d88\u8d39","tranAmt":"500","tranDate":"20150909113545"},{"tranName":"\u98df\u5802\u552e\u996d_\u6d88\u8d39","tranAmt":"700","tranDate":"20150909165335"},{"tranName":"\u6821\u5185\u8d85\u5e02_\u6d88\u8d39","tranAmt":"2110","tranDate":"20150909071647"},{"tranName":"\u98df\u5802\u552e\u996d_\u6d88\u8d39","tranAmt":"500","tranDate":"20150910180141"},{"tranName":"\u86cb\u7cd5\u623f_\u6d88\u8d39","tranAmt":"700","tranDate":"20150910180725"},{"tranName":"\u98df\u5802\u552e\u996d_\u6d88\u8d39","tranAmt":"600","tranDate":"20150911123407"},{"tranName":"\u98df\u5802\u552e\u996d_\u6d88\u8d39","tranAmt":"600","tranDate":"20150911123352"},{"tranName":"\u98df\u5802\u552e\u996d_\u6d88\u8d39","tranAmt":"700","tranDate":"20150911123355"},{"tranName":"\u6821\u5185\u8d85\u5e02_\u6d88\u8d39","tranAmt":"100","tranDate":"20150911073202"}],"resp_code":"0","resp_desc":""}
[test]input post={"sign":"e3aa71ff911e3aaf6adcf864db74011abe1cc65f","page_size":20,"end_date":"20150915235959","stu_no":"201526070178","t":"20150915232647","page_index":3,"token":"eb37CbxQPC7NLEL2YzGJLIvsAvyTcVZ2BLK7dptYUFdKHtiNKYI1lg93GHz3m1ppZYUzxGDJjrMvWcjmeT9SLisJshzjz9fsJdtcEpYjRGp1aEPAIt68Apc34XCSBlfeqw","n":"232647","action":"getCardTransaction","begin_date":"20150901000000","type":"zhichu"}
[test]into get_card_transaction
[api test]Array
[api]{"data":[{"tranName":"\u98df\u5802\u552e\u996d_\u6d88\u8d39","tranAmt":"500","tranDate":"20150911072408"},{"tranName":"\u98df\u5802\u552e\u996d_\u6d88\u8d39","tranAmt":"500","tranDate":"20150911072353"},{"tranName":"\u98df\u5802\u552e\u996d_\u6d88\u8d39","tranAmt":"500","tranDate":"20150913093102"},{"tranName":"\u98df\u5802\u552e\u996d_\u6d88\u8d39","tranAmt":"700","tranDate":"20150913123143"},{"tranName":"\u98df\u5802\u552e\u996d_\u6d88\u8d39","tranAmt":"600","tranDate":"20150914173932"},{"tranName":"\u6821\u5185\u8d85\u5e02_\u6d88\u8d39","tranAmt":"850","tranDate":"20150914122919"},{"tranName":"\u98df\u5802\u552e\u996d_\u6d88\u8d39","tranAmt":"600","tranDate":"20150914121934"},{"tranName":"\u98df\u5802\u552e\u996d_\u6d88\u8d39","tranAmt":"500","tranDate":"20150915070153"},{"tranName":"\u70ed\u6c34\u6d88\u8d39_\u6d88\u8d39","tranAmt":"315","tranDate":"20150915232704"},{"tranName":"\u6821\u5185\u8d85\u5e02_\u6d88\u8d39","tranAmt":"850","tranDate":"20150915174858"},{"tranName":"\u98df\u5802\u552e\u996d_\u6d88\u8d39","tranAmt":"600","tranDate":"20150915121528"},{"tranName":"\u98df\u5802\u552e\u996d_\u6d88\u8d39","tranAmt":"500","tranDate":"20150915173324"}],"resp_code":"0","resp_desc":""}
[test]input post={"sign":"1a1046d8cbbcb747e2b4447f28e8d57a43c20498","page_size":20,"end_date":"20150915235959","stu_no":"201526070178","t":"20150915232648","page_index":4,"token":"eb37CbxQPC7NLEL2YzGJLIvsAvyTcVZ2BLK7dptYUFdKHtiNKYI1lg93GHz3m1ppZYUzxGDJjrMvWcjmeT9SLisJshzjz9fsJdtcEpYjRGp1aEPAIt68Apc34XCSBlfeqw","n":"232648","action":"getCardTransaction","begin_date":"20150901000000","type":"zhichu"}
[test]into get_card_transaction
[api]{"data":[],"resp_code":"0","resp_desc":"\u6682\u65e0\u6d88\u8d39\u8bb0\u5f55"}
[test]input post={"sign":"0d4b98c4652952bed751a7b12a27b4ae86a29745","page_size":20,"end_date":"20150915235959","stu_no":"201526070178","t":"20150915232649","page_index":4,"token":"eb37CbxQPC7NLEL2YzGJLIvsAvyTcVZ2BLK7dptYUFdKHtiNKYI1lg93GHz3m1ppZYUzxGDJjrMvWcjmeT9SLisJshzjz9fsJdtcEpYjRGp1aEPAIt68Apc34XCSBlfeqw","n":"232649","action":"getCardTransaction","begin_date":"20150901000000","type":"zhichu"}
[test]into get_card_transaction
[api]{"data":[],"resp_code":"0","resp_desc":"\u6682\u65e0\u6d88\u8d39\u8bb0\u5f55"}
[test]input post={"sign":"bca79ad0f5d171443198ce69a20ec5ee16a78310","page_size":20,"end_date":"20150915235959","stu_no":"201526070178","t":"20150915232650","page_index":4,"token":"eb37CbxQPC7NLEL2YzGJLIvsAvyTcVZ2BLK7dptYUFdKHtiNKYI1lg93GHz3m1ppZYUzxGDJjrMvWcjmeT9SLisJshzjz9fsJdtcEpYjRGp1aEPAIt68Apc34XCSBlfeqw","n":"232650","action":"getCardTransaction","begin_date":"20150901000000","type":"zhichu"}
[test]into get_card_transaction
[api]{"data":[],"resp_code":"0","resp_desc":"\u6682\u65e0\u6d88\u8d39\u8bb0\u5f55"}
[test]input post={"sign":"3b999798792ec4d0f6c9db3b3f27b072d2f507ef","page_size":20,"end_date":"20150915235959","stu_no":"201526070206","t":"20150915232651","page_index":1,"token":"3cffpTm3tCwV8o5Ohu\/On6Qk91GCUhwHGg+SGac4fcFygJ659OJgciO6zBpTlbzKGTuPQlLib3mlUq5QnqmUgom2L+QGYxNxTNfw8VtbVFlu4yqKwWaAr4dBSBwAwFL9QA","n":"232651","action":"getCardTransaction","begin_date":"20150901000000","type":"zhichu"}
[test]into get_card_transaction
[api test]Array
[api]{"data":[{"tranName":"\u98df\u5802\u552e\u996d_\u6d88\u8d39","tranAmt":"150","tranDate":"20150901072638"},{"tranName":"\u98df\u5802\u552e\u996d_\u6d88\u8d39","tranAmt":"500","tranDate":"20150901115548"},{"tranName":"\u98df\u5802\u552e\u996d_\u6d88\u8d39","tranAmt":"800","tranDate":"20150901175446"},{"tranName":"\u98df\u5802\u552e\u996d_\u6d88\u8d39","tranAmt":"700","tranDate":"20150902173829"},{"tranName":"\u98df\u5802\u552e\u996d_\u6d88\u8d39","tranAmt":"600","tranDate":"20150902115234"},{"tranName":"\u98df\u5802\u552e\u996d_\u6d88\u8d39","tranAmt":"250","tranDate":"20150902070314"},{"tranName":"\u98df\u5802\u552e\u996d_\u6d88\u8d39","tranAmt":"150","tranDate":"20150903074131"},{"tranName":"\u98df\u5802\u552e\u996d_\u6d88\u8d39","tranAmt":"600","tranDate":"20150903170146"},{"tranName":"\u98df\u5802\u552e\u996d_\u6d88\u8d39","tranAmt":"600","tranDate":"20150904173652"},{"tranName":"\u98df\u5802\u552e\u996d_\u6d88\u8d39","tranAmt":"350","tranDate":"20150904070633"},{"tranName":"\u98df\u5802\u552e\u996d_\u6d88\u8d39","tranAmt":"800","tranDate":"20150904113129"},{"tranName":"\u98df\u5802\u552e\u996d_\u6d88\u8d39","tranAmt":"600","tranDate":"20150905174921"},{"tranName":"\u98df\u5802\u552e\u996d_\u6d88\u8d39","tranAmt":"500","tranDate":"20150905115514"},{"tranName":"\u98df\u5802\u552e\u996d_\u6d88\u8d39","tranAmt":"350","tranDate":"20150905072645"},{"tranName":"\u6821\u5185\u8d85\u5e02_\u6d88\u8d39","tranAmt":"1150","tranDate":"20150906205630"},{"tranName":"\u98df\u5802\u552e\u996d_\u6d88\u8d39","tranAmt":"150","tranDate":"20150906210057"},{"tranName":"\u98df\u5802\u552e\u996d_\u6d88\u8d39","tranAmt":"700","tranDate":"20150906180350"},{"tranName":"\u6821\u5185\u8d85\u5e02_\u6d88\u8d39","tranAmt":"600","tranDate":"20150906120136"},{"tranName":"\u6821\u5185\u8d85\u5e02_\u6d88\u8d39","tranAmt":"200","tranDate":"20150906180836"},{"tranName":"\u6821\u5185\u8d85\u5e02_\u6d88\u8d39","tranAmt":"250","tranDate":"20150906073605"}],"resp_code":"0","resp_desc":""}
[test]input post={"sign":"3b999798792ec4d0f6c9db3b3f27b072d2f507ef","page_size":20,"end_date":"20150915235959","stu_no":"201526070178","t":"20150915232651","page_index":4,"token":"eb37CbxQPC7NLEL2YzGJLIvsAvyTcVZ2BLK7dptYUFdKHtiNKYI1lg93GHz3m1ppZYUzxGDJjrMvWcjmeT9SLisJshzjz9fsJdtcEpYjRGp1aEPAIt68Apc34XCSBlfeqw","n":"232651","action":"getCardTransaction","begin_date":"20150901000000","type":"zhichu"}
[test]into get_card_transaction
[api]{"data":[],"resp_code":"0","resp_desc":"\u6682\u65e0\u6d88\u8d39\u8bb0\u5f55"}
[test]input post={"sign":"e6010a3e6c42f08554975ebdfc6483bc69ecd829","page_size":20,"end_date":"20150915235959","stu_no":"201526070178","t":"20150915232652","page_index":4,"token":"eb37CbxQPC7NLEL2YzGJLIvsAvyTcVZ2BLK7dptYUFdKHtiNKYI1lg93GHz3m1ppZYUzxGDJjrMvWcjmeT9SLisJshzjz9fsJdtcEpYjRGp1aEPAIt68Apc34XCSBlfeqw","n":"232652","action":"getCardTransaction","begin_date":"20150901000000","type":"zhichu"}
[test]into get_card_transaction
[api]{"data":[],"resp_code":"0","resp_desc":"\u6682\u65e0\u6d88\u8d39\u8bb0\u5f55"}
[test]input post={"sign":"f781f3140aa6a4aab25c55fcee7cd9c15e0b5a6b","page_size":20,"end_date":"20150915235959","stu_no":"201526070178","t":"20150915232653","page_index":4,"token":"eb37CbxQPC7NLEL2YzGJLIvsAvyTcVZ2BLK7dptYUFdKHtiNKYI1lg93GHz3m1ppZYUzxGDJjrMvWcjmeT9SLisJshzjz9fsJdtcEpYjRGp1aEPAIt68Apc34XCSBlfeqw","n":"232653","action":"getCardTransaction","begin_date":"20150901000000","type":"zhichu"}
[test]into get_card_transaction
[api]{"data":[],"resp_code":"0","resp_desc":"\u6682\u65e0\u6d88\u8d39\u8bb0\u5f55"}
[test]input post={"sign":"f781f3140aa6a4aab25c55fcee7cd9c15e0b5a6b","page_size":20,"end_date":"20150915235959","stu_no":"201526070206","t":"20150915232653","page_index":2,"token":"3cffpTm3tCwV8o5Ohu\/On6Qk91GCUhwHGg+SGac4fcFygJ659OJgciO6zBpTlbzKGTuPQlLib3mlUq5QnqmUgom2L+QGYxNxTNfw8VtbVFlu4yqKwWaAr4dBSBwAwFL9QA","n":"232653","action":"getCardTransaction","begin_date":"20150901000000","type":"zhichu"}
[test]into get_card_transaction
[api test]Array
[api]{"data":[{"tranName":"\u98df\u5802\u552e\u996d_\u6d88\u8d39","tranAmt":"700","tranDate":"20150907172933"},{"tranName":"\u98df\u5802\u552e\u996d_\u6d88\u8d39","tranAmt":"700","tranDate":"20150907113636"},{"tranName":"\u98df\u5802\u552e\u996d_\u6d88\u8d39","tranAmt":"250","tranDate":"20150907070950"},{"tranName":"\u6821\u5185\u8d85\u5e02_\u6d88\u8d39","tranAmt":"650","tranDate":"20150907114748"},{"tranName":"\u98df\u5802\u552e\u996d_\u6d88\u8d39","tranAmt":"600","tranDate":"20150908113812"},{"tranName":"\u98df\u5802\u552e\u996d_\u6d88\u8d39","tranAmt":"250","tranDate":"20150908071423"},{"tranName":"\u98df\u5802\u552e\u996d_\u6d88\u8d39","tranAmt":"600","tranDate":"20150908165938"},{"tranName":"\u98df\u5802\u552e\u996d_\u6d88\u8d39","tranAmt":"600","tranDate":"20150909165418"},{"tranName":"\u86cb\u7cd5\u623f_\u6d88\u8d39","tranAmt":"100","tranDate":"20150909165623"},{"tranName":"\u98df\u5802\u552e\u996d_\u6d88\u8d39","tranAmt":"150","tranDate":"20150909170308"},{"tranName":"\u6821\u5185\u8d85\u5e02_\u6d88\u8d39","tranAmt":"350","tranDate":"20150909071653"},{"tranName":"\u98df\u5802\u552e\u996d_\u6d88\u8d39","tranAmt":"600","tranDate":"20150910113806"},{"tranName":"\u6821\u5185\u8d85\u5e02_\u6d88\u8d39","tranAmt":"200","tranDate":"20150910181036"},{"tranName":"\u98df\u5802\u552e\u996d_\u6d88\u8d39","tranAmt":"50","tranDate":"20150910073312"},{"tranName":"\u98df\u5802\u552e\u996d_\u6d88\u8d39","tranAmt":"300","tranDate":"20150910073247"},{"tranName":"\u98df\u5802\u552e\u996d_\u6d88\u8d39","tranAmt":"500","tranDate":"20150910180119"},{"tranName":"\u6821\u5185\u8d85\u5e02_\u6d88\u8d39","tranAmt":"100","tranDate":"20150911073156"},{"tranName":"\u98df\u5802\u552e\u996d_\u6d88\u8d39","tranAmt":"500","tranDate":"20150911072401"},{"tranName":"\u98df\u5802\u552e\u996d_\u6d88\u8d39","tranAmt":"500","tranDate":"20150913093125"},{"tranName":"\u98df\u5802\u552e\u996d_\u6d88\u8d39","tranAmt":"600","tranDate":"20150913123158"}],"resp_code":"0","resp_desc":""}
[test]input post={"sign":"f781f3140aa6a4aab25c55fcee7cd9c15e0b5a6b","page_size":20,"end_date":"20150915235959","stu_no":"201526070178","t":"20150915232653","page_index":4,"token":"eb37CbxQPC7NLEL2YzGJLIvsAvyTcVZ2BLK7dptYUFdKHtiNKYI1lg93GHz3m1ppZYUzxGDJjrMvWcjmeT9SLisJshzjz9fsJdtcEpYjRGp1aEPAIt68Apc34XCSBlfeqw","n":"232653","action":"getCardTransaction","begin_date":"20150901000000","type":"zhichu"}
[test]into get_card_transaction
[api]{"data":[],"resp_code":"0","resp_desc":"\u6682\u65e0\u6d88\u8d39\u8bb0\u5f55"}
[test]input post={"sign":"0881d8f3fe54d6feac2d42b5920336c3f53722bc","page_size":20,"end_date":"20150915235959","stu_no":"201526070178","t":"20150915232654","page_index":4,"token":"eb37CbxQPC7NLEL2YzGJLIvsAvyTcVZ2BLK7dptYUFdKHtiNKYI1lg93GHz3m1ppZYUzxGDJjrMvWcjmeT9SLisJshzjz9fsJdtcEpYjRGp1aEPAIt68Apc34XCSBlfeqw","n":"232654","action":"getCardTransaction","begin_date":"20150901000000","type":"zhichu"}
[test]into get_card_transaction
[api]{"data":[],"resp_code":"0","resp_desc":"\u6682\u65e0\u6d88\u8d39\u8bb0\u5f55"}
[test]input post={"sign":"76983d2b9c07f0defc790469dbb4038bc6eac6ce","page_size":20,"end_date":"20150915235959","stu_no":"201526070206","t":"20150915232655","page_index":3,"token":"3cffpTm3tCwV8o5Ohu\/On6Qk91GCUhwHGg+SGac4fcFygJ659OJgciO6zBpTlbzKGTuPQlLib3mlUq5QnqmUgom2L+QGYxNxTNfw8VtbVFlu4yqKwWaAr4dBSBwAwFL9QA","n":"232655","action":"getCardTransaction","begin_date":"20150901000000","type":"zhichu"}
[test]into get_card_transaction
[api test]Array
[api]{"data":[{"tranName":"\u98df\u5802\u552e\u996d_\u6d88\u8d39","tranAmt":"150","tranDate":"20150913093828"},{"tranName":"\u6821\u5185\u8d85\u5e02_\u6d88\u8d39","tranAmt":"1100","tranDate":"20150914175329"},{"tranName":"\u98df\u5802\u552e\u996d_\u6d88\u8d39","tranAmt":"600","tranDate":"20150914122000"},{"tranName":"\u98df\u5802\u552e\u996d_\u6d88\u8d39","tranAmt":"600","tranDate":"20150914174116"},{"tranName":"\u98df\u5802\u552e\u996d_\u6d88\u8d39","tranAmt":"100","tranDate":"20150915070401"},{"tranName":"\u6821\u5185\u8d85\u5e02_\u6d88\u8d39","tranAmt":"250","tranDate":"20150915174907"},{"tranName":"\u98df\u5802\u552e\u996d_\u6d88\u8d39","tranAmt":"700","tranDate":"20150915173945"},{"tranName":"\u98df\u5802\u552e\u996d_\u6d88\u8d39","tranAmt":"600","tranDate":"20150915121706"}],"resp_code":"0","resp_desc":""}
[openShower-delay_close]0 0
[openShower-delay_close]0 0
[openShower-delay_close]0 0
[openShower-delay_close]0 0
[editUserInfo--service]{"sign":"b68fe95bbb8997c8e01fd3cb7d85d56d9b22c5bf","phone":"18084839200","stu_no":"201520152015","t":"20150915233415","token":"f54bfTAc2rdaeHAzNpxElMSj2nfjv1E7C+KVg+zds0miGrbaBYBPNGPp9wpWZm+ETJKPBkWgZjnZS1RnYGqEbQcbjXLstCAelF+z2QUtAgkXsuW6SdVw27R8DR36M9JgXQ","n":"233415","action":"editUserInfo","wash_setting":"{'delay_close':'135','delay_time':'5'}"}
[edit_user_info-b]{"sign":"b68fe95bbb8997c8e01fd3cb7d85d56d9b22c5bf","phone":"18084839200","stu_no":"201520152015","t":"20150915233415","token":"f54bfTAc2rdaeHAzNpxElMSj2nfjv1E7C+KVg+zds0miGrbaBYBPNGPp9wpWZm+ETJKPBkWgZjnZS1RnYGqEbQcbjXLstCAelF+z2QUtAgkXsuW6SdVw27R8DR36M9JgXQ","n":"233415","action":"editUserInfo","wash_setting":"{'delay_close':'135','delay_time':'5'}"}
[edit_user_info-a]{"phone":"18084839200","wash_setting":"{\\\"delay_close\\\":\\\"135\\\",\\\"delay_time\\\":\\\"5\\\"}"}
[openShower-delay_close]0 0
[openShower-delay_close]0 0
[test]input post={"sign":"48aefc75c6988a3ab60e10996760d859502a3187","page_size":20,"end_date":"20150930235959","stu_no":"201526070212","t":"20150915233426","page_index":1,"token":"b31a5109jvVGeX3O6aYRwnM1\/N0CswFMUX9QZtYdlkurzmnZMamvzkj+vBeb53RGi60mj6hfNf2\/1fIcL9+cd8J+6\/TUyB0NVLEI8jqxqqSIt93h2QiCU0WgyzRm4GJjGA","n":"233426","action":"getCardTransaction","begin_date":"20150901000000"}
[test]no type
[login]{"resp_desc":"\u767b\u5f55\u6210\u529f","resp_code":"0","data":{"userMap":{"token":"2015201520151155ACBFD928E155E8BD2F92F3160C3B","studentNo":"201520152015","cardNo":"0550594075","userName":"\u6d4b\u8bd5\u4eba\u5458","nickName":"\u6d4b\u8bd5\u4eba\u5458","headImg":"","phone":"","email":"","cardBalance":"276","monthlyAmt":"7442"}}}
[openShower-delay_close]0 0
[openShower-delay_close]0 0
[test]input post={"action":"getCardTransaction","stu_no":"201521090025","page_index":1,"begin_date":"20150901000000","end_date":"20150930235959","page_size":20,"token":"978f08rl5BaS96d+Z+S+KfunoW+Xjfwo1xFJQLY7aUjA5rrJQXR9GkiMZIt5iHmNHFR+CXroRK+gy2ZTEWFj8n8NNrxiU+MsfGowwtIE5Tklh+6fP3k2ju5RYEBFrRusQw","t":"20150915233836","n":"233836","sign":"614ddf199353df7856efab3ab85f1f4fd9a61f1e"}
[test]no type
[test]input post={"action":"getCardTransaction","stu_no":"201521090025","page_index":1,"begin_date":"20150901000000","end_date":"20150930235959","page_size":20,"token":"978f08rl5BaS96d+Z+S+KfunoW+Xjfwo1xFJQLY7aUjA5rrJQXR9GkiMZIt5iHmNHFR+CXroRK+gy2ZTEWFj8n8NNrxiU+MsfGowwtIE5Tklh+6fP3k2ju5RYEBFrRusQw","t":"20150915233838","n":"233838","sign":"6dbeb0a48e8f5da663aae58c49c184f253602150"}
[test]no type
[test]input post={"action":"getCardTransaction","stu_no":"201521090025","page_index":1,"begin_date":"20150901000000","end_date":"20150930235959","page_size":20,"token":"978f08rl5BaS96d+Z+S+KfunoW+Xjfwo1xFJQLY7aUjA5rrJQXR9GkiMZIt5iHmNHFR+CXroRK+gy2ZTEWFj8n8NNrxiU+MsfGowwtIE5Tklh+6fP3k2ju5RYEBFrRusQw","t":"20150915233838","n":"233838","sign":"6dbeb0a48e8f5da663aae58c49c184f253602150"}
[test]no type
[test]input post={"action":"getCardTransaction","stu_no":"201521090025","page_index":1,"begin_date":"20150901000000","end_date":"20150930235959","page_size":20,"token":"978f08rl5BaS96d+Z+S+KfunoW+Xjfwo1xFJQLY7aUjA5rrJQXR9GkiMZIt5iHmNHFR+CXroRK+gy2ZTEWFj8n8NNrxiU+MsfGowwtIE5Tklh+6fP3k2ju5RYEBFrRusQw","t":"20150915233839","n":"233839","sign":"521a919a72fbcdad075d22557fa09154ecf4c0f1"}
[test]no type
[test]input post={"action":"getCardTransaction","stu_no":"201521090025","page_index":1,"begin_date":"20150901000000","end_date":"20150930235959","page_size":20,"token":"978f08rl5BaS96d+Z+S+KfunoW+Xjfwo1xFJQLY7aUjA5rrJQXR9GkiMZIt5iHmNHFR+CXroRK+gy2ZTEWFj8n8NNrxiU+MsfGowwtIE5Tklh+6fP3k2ju5RYEBFrRusQw","t":"20150915233840","n":"233840","sign":"eb3361140b1a49589debe4435143b9c4178ffbc5"}
[test]no type
[test]input post={"action":"getCardTransaction","stu_no":"201521090025","page_index":1,"begin_date":"20150901000000","end_date":"20150930235959","page_size":20,"token":"978f08rl5BaS96d+Z+S+KfunoW+Xjfwo1xFJQLY7aUjA5rrJQXR9GkiMZIt5iHmNHFR+CXroRK+gy2ZTEWFj8n8NNrxiU+MsfGowwtIE5Tklh+6fP3k2ju5RYEBFrRusQw","t":"20150915233840","n":"233840","sign":"eb3361140b1a49589debe4435143b9c4178ffbc5"}
[test]no type
[test]input post={"action":"getCardTransaction","stu_no":"201521090025","page_index":1,"begin_date":"20150901000000","end_date":"20150930235959","page_size":20,"token":"978f08rl5BaS96d+Z+S+KfunoW+Xjfwo1xFJQLY7aUjA5rrJQXR9GkiMZIt5iHmNHFR+CXroRK+gy2ZTEWFj8n8NNrxiU+MsfGowwtIE5Tklh+6fP3k2ju5RYEBFrRusQw","t":"20150915233841","n":"233841","sign":"9eceab7bf80911abf6f9a8ad360a7d0509a3ee33"}
[test]no type
[test]input post={"action":"getCardTransaction","stu_no":"201521090025","page_index":1,"begin_date":"20150901000000","end_date":"20150930235959","page_size":20,"token":"978f08rl5BaS96d+Z+S+KfunoW+Xjfwo1xFJQLY7aUjA5rrJQXR9GkiMZIt5iHmNHFR+CXroRK+gy2ZTEWFj8n8NNrxiU+MsfGowwtIE5Tklh+6fP3k2ju5RYEBFrRusQw","t":"20150915233841","n":"233841","sign":"9eceab7bf80911abf6f9a8ad360a7d0509a3ee33"}
[test]no type
[test]input post={"action":"getCardTransaction","stu_no":"201521090025","page_index":1,"begin_date":"20150901000000","end_date":"20150930235959","page_size":20,"token":"978f08rl5BaS96d+Z+S+KfunoW+Xjfwo1xFJQLY7aUjA5rrJQXR9GkiMZIt5iHmNHFR+CXroRK+gy2ZTEWFj8n8NNrxiU+MsfGowwtIE5Tklh+6fP3k2ju5RYEBFrRusQw","t":"20150915233842","n":"233842","sign":"a99cf0eb055b8abbd80e75cd9b5ba162b9072ff1"}
[test]no type
[test]input post={"action":"getCardTransaction","stu_no":"201521090025","page_index":1,"begin_date":"20150901000000","end_date":"20150930235959","page_size":20,"token":"978f08rl5BaS96d+Z+S+KfunoW+Xjfwo1xFJQLY7aUjA5rrJQXR9GkiMZIt5iHmNHFR+CXroRK+gy2ZTEWFj8n8NNrxiU+MsfGowwtIE5Tklh+6fP3k2ju5RYEBFrRusQw","t":"20150915233843","n":"233843","sign":"ff91e5648fa9dbd97cd19d0608fda5d5f2cbfbe7"}
[test]no type
[openShower-delay_close]180
[test]input post={"action":"getCardTransaction","stu_no":"201421080101","page_index":1,"begin_date":"20150901000000","end_date":"20150930235959","page_size":20,"token":"632aiKW8fQ5cI8KfqTk41I9YfzV4HTXXhBwVNp9fJM5ObkQaV7riLAwDfuqwqVuEZtAkFt+iNdMWrqfQYAmeC88Y0IaUfC24FxxK0SRrTdeB3RLfgVRcnAy8zWkI+5bJJw","t":"20150915234103","n":"234103","sign":"7ea5987d1f25dad24350ba3cb5a1161bf3adfd1d"}
[test]no type
[test]input post={"action":"getCardTransaction","stu_no":"201421080101","page_index":1,"begin_date":"20150901000000","end_date":"20150930235959","page_size":20,"token":"632aiKW8fQ5cI8KfqTk41I9YfzV4HTXXhBwVNp9fJM5ObkQaV7riLAwDfuqwqVuEZtAkFt+iNdMWrqfQYAmeC88Y0IaUfC24FxxK0SRrTdeB3RLfgVRcnAy8zWkI+5bJJw","t":"20150915234108","n":"234108","sign":"3b69388506a601b89f7a67503ee41d81fd0b22d8"}
[test]no type
[test]input post={"action":"getCardTransaction","type":"zhichu","stu_no":"201427050122","page_index":1,"begin_date":"20150901000000","end_date":"20150915235959","page_size":20,"token":"046fgaSxY7kw0bZdLM1rnkGg1mc8whXI4CJP12n4GJyuJK0FeOxNx1t7iI5MZnZ2jMUmixysHlOp9fuN8yBWUGyQE0oQ4Yl2cDMacPL1Ivkv9V0kl+PgxGnP+I3B2k9FTQ","t":"20150915234237","n":"234237","sign":"36fe4b0b5d29a1ae41adc85245b3e04e2001dc26"}
[test]into get_card_transaction
[api]{"data":[],"resp_code":"0","resp_desc":"\u6682\u65e0\u6d88\u8d39\u8bb0\u5f55"}
[test]input post={"action":"getCardTransaction","type":"chongru","stu_no":"201427050122","page_index":1,"begin_date":"20150901000000","end_date":"20150915235959","page_size":20,"token":"046fgaSxY7kw0bZdLM1rnkGg1mc8whXI4CJP12n4GJyuJK0FeOxNx1t7iI5MZnZ2jMUmixysHlOp9fuN8yBWUGyQE0oQ4Yl2cDMacPL1Ivkv9V0kl+PgxGnP+I3B2k9FTQ","t":"20150915234241","n":"234241","sign":"147296de23f4202e0c360be722d19ccdf4aa33f5"}
[test]into get_subsidy_list
[api test]Array
[api]{"data":[{"tranName":"POS\u673a\u589e\u6b3e","tranAmt":"1000","tranDate":20150915000000},{"tranName":"POS\u673a\u589e\u6b3e","tranAmt":"1000","tranDate":20150915000000}],"resp_code":"0","resp_desc":""}
[test]input post={"action":"getCardTransaction","stu_no":"201526070023","t":"1442331757","sign":"612ac99efe3c48170f5d766c119796c9fe47bf00","token":"1f68BrtdKetdLTEBwNE2gA2AFo\/WtrxaqqO1tsSilRxlnUnrN4z63Yy7wtG94JwK3J852IqLA4FSgbOGJM0SUj69ru33u5+5xnxaixu2LD1SsezEjHNH2Qyqk6uQiYa16A","begin_date":"20150901000000","n":"0fbffe","page_index":1,"end_date":"20150930235959","page_size":20}
[test]no type
[test]input post={"action":"getCardTransaction","stu_no":"201526070023","t":"1442331763","sign":"6aa3617a7a84067b4d5eac481e2c041f0f309fdc","token":"1f68BrtdKetdLTEBwNE2gA2AFo\/WtrxaqqO1tsSilRxlnUnrN4z63Yy7wtG94JwK3J852IqLA4FSgbOGJM0SUj69ru33u5+5xnxaixu2LD1SsezEjHNH2Qyqk6uQiYa16A","begin_date":"20150901000000","n":"91b60e","page_index":1,"end_date":"20150930235959","page_size":20}
[test]no type
[editUserInfo--service]{"action":"editUserInfo","stu_no":"201526070023","t":"1442331769","wash_setting":"{'delay_close':360,'delay_time':0}","n":"e8a1e5","sign":"81eaea20eca7a1148bdce22c79a66d4ed708d38c","token":"1f68BrtdKetdLTEBwNE2gA2AFo\/WtrxaqqO1tsSilRxlnUnrN4z63Yy7wtG94JwK3J852IqLA4FSgbOGJM0SUj69ru33u5+5xnxaixu2LD1SsezEjHNH2Qyqk6uQiYa16A"}
[edit_user_info-b]{"action":"editUserInfo","stu_no":"201526070023","t":"1442331769","wash_setting":"{'delay_close':360,'delay_time':0}","n":"e8a1e5","sign":"81eaea20eca7a1148bdce22c79a66d4ed708d38c","token":"1f68BrtdKetdLTEBwNE2gA2AFo\/WtrxaqqO1tsSilRxlnUnrN4z63Yy7wtG94JwK3J852IqLA4FSgbOGJM0SUj69ru33u5+5xnxaixu2LD1SsezEjHNH2Qyqk6uQiYa16A"}
[edit_user_info-a]{"wash_setting":"{\\\"delay_close\\\":360,\\\"delay_time\\\":0}"}
[test]input post={"sign":"50929bca7b9b0fcbc7545975e6ce8faf28fdce57","page_size":20,"end_date":"20150930235959","stu_no":"201427050050","t":"20150915234528","page_index":1,"token":"9964H37Uoa\/t1\/mBEj3z99609jfbGNbnskyVURufGltQTjdAWB8MT5VxGF3kI\/hoI1KPyX8Ip1my1yuyZqAZITxSixSl0+8aMo8njxdEjka3x0rLKqXllMqKix7wCWUcLA","n":"234528","action":"getCardTransaction","begin_date":"20150901000000"}
[test]no type
[test]input post={"sign":"29965a8d3747fac5d748f2ef04274ddf69430ace","page_size":20,"end_date":"20150930235959","stu_no":"201427050050","t":"20150915234530","page_index":1,"token":"9964H37Uoa\/t1\/mBEj3z99609jfbGNbnskyVURufGltQTjdAWB8MT5VxGF3kI\/hoI1KPyX8Ip1my1yuyZqAZITxSixSl0+8aMo8njxdEjka3x0rLKqXllMqKix7wCWUcLA","n":"234530","action":"getCardTransaction","begin_date":"20150901000000"}
[test]no type
[test]input post={"action":"getCardTransaction","stu_no":"201521090025","page_index":1,"begin_date":"20150901000000","end_date":"20150930235959","page_size":20,"token":"f6753tSx01DYchcR0lIy5sjy6eC4du5mVGxxKvohSMSGfCCZFYeZcb4qTVMSVEnrztxGzRH19curgGanUewnxlWiDxYwkfAvx4ojl7EABXVdBkWDJ2+64icqBRJpzmVeTw","t":"20150915234549","n":"234549","sign":"5f4d9ea9ef9c61b4a4da6177398fd799d2cedab2"}
[test]no type
[test]input post={"action":"getCardTransaction","stu_no":"201521090025","page_index":1,"begin_date":"20150901000000","end_date":"20150930235959","page_size":20,"token":"f6753tSx01DYchcR0lIy5sjy6eC4du5mVGxxKvohSMSGfCCZFYeZcb4qTVMSVEnrztxGzRH19curgGanUewnxlWiDxYwkfAvx4ojl7EABXVdBkWDJ2+64icqBRJpzmVeTw","t":"20150915234551","n":"234551","sign":"4979e6bc25c153a2455f04c799a98f6397ed6a83"}
[test]no type
[test]input post={"action":"getCardTransaction","stu_no":"201521090025","page_index":1,"begin_date":"20150901000000","end_date":"20150930235959","page_size":20,"token":"f6753tSx01DYchcR0lIy5sjy6eC4du5mVGxxKvohSMSGfCCZFYeZcb4qTVMSVEnrztxGzRH19curgGanUewnxlWiDxYwkfAvx4ojl7EABXVdBkWDJ2+64icqBRJpzmVeTw","t":"20150915234552","n":"234552","sign":"37d0a64f472c845d6fa6d76ba89acd1209bef1dc"}
[test]no type
[openShower-delay_close]180
[login]{"resp_desc":"\u767b\u5f55\u6210\u529f","resp_code":"0","data":{"userMap":{"token":"2015201520153806423BA4B1A7329BC3BF86E2573BDC","studentNo":"201520152015","cardNo":"0550594075","userName":"\u6d4b\u8bd5\u4eba\u5458","nickName":"\u6d4b\u8bd5\u4eba\u5458","headImg":"","phone":"","email":"","cardBalance":"276","monthlyAmt":"7442"}}}
[openShower-delay_close]180
[openShower-delay_close]300
[openShower-delay_close]300
[openShower-delay_close]300
[login]{"resp_desc":"\u767b\u5f55\u6210\u529f","resp_code":"0","data":{"userMap":{"token":"20152015201516E1BD8FA798436F3F54A62A382AEFE5","studentNo":"201520152015","cardNo":"0550594075","userName":"\u6d4b\u8bd5\u4eba\u5458","nickName":"\u6d4b\u8bd5\u4eba\u5458","headImg":"","phone":"","email":"","cardBalance":"276","monthlyAmt":"7442"}}}
[test]input post={"sign":"abf5ac187bb6fc62737977b03b48e8adcfe3ac8b","page_size":20,"end_date":"20150930235959","stu_no":"201427050082","t":"20150915235517","page_index":1,"token":"2ea3rAezNKwB3gprwhpz3OE7ZyPIAVuY\/H5Mjy+WPFLG7y2WDNGfyOO0gGJkhwKTUNxbwHLPRhvG8itefx7bTitpIWZL\/Ta5Ub1SeTQX2XdJor246gJNVgzk1xyQZJdVRA","n":"235517","action":"getCardTransaction","begin_date":"20150901000000"}
[test]no type
[test]input post={"sign":"724ff5a76e4dde5f71d5563bd5c0e74226b6560d","page_size":20,"end_date":"20150930235959","stu_no":"201427050082","t":"20150915235520","page_index":1,"token":"2ea3rAezNKwB3gprwhpz3OE7ZyPIAVuY\/H5Mjy+WPFLG7y2WDNGfyOO0gGJkhwKTUNxbwHLPRhvG8itefx7bTitpIWZL\/Ta5Ub1SeTQX2XdJor246gJNVgzk1xyQZJdVRA","n":"235520","action":"getCardTransaction","begin_date":"20150901000000"}
[test]no type
[test]input post={"sign":"e65d3269260d6f0b7d0a3a08553730c2755da85c","page_size":20,"end_date":"20150930235959","stu_no":"201427050082","t":"20150915235538","page_index":1,"token":"2ea3rAezNKwB3gprwhpz3OE7ZyPIAVuY\/H5Mjy+WPFLG7y2WDNGfyOO0gGJkhwKTUNxbwHLPRhvG8itefx7bTitpIWZL\/Ta5Ub1SeTQX2XdJor246gJNVgzk1xyQZJdVRA","n":"235538","action":"getCardTransaction","begin_date":"20150901000000"}
[test]no type
[test]input post={"sign":"832c58209015770b6f5c565aedcaab03e1e981ec","page_size":20,"end_date":"20150930235959","stu_no":"201427050082","t":"20150915235544","page_index":1,"token":"2ea3rAezNKwB3gprwhpz3OE7ZyPIAVuY\/H5Mjy+WPFLG7y2WDNGfyOO0gGJkhwKTUNxbwHLPRhvG8itefx7bTitpIWZL\/Ta5Ub1SeTQX2XdJor246gJNVgzk1xyQZJdVRA","n":"235544","action":"getCardTransaction","begin_date":"20150901000000"}
[test]no type
[test]input post={"sign":"2720fcd6f1e456a895cdd1752937e2b56556e2c4","page_size":20,"end_date":"20150930235959","stu_no":"201427050082","t":"20150915235551","page_index":1,"token":"2ea3rAezNKwB3gprwhpz3OE7ZyPIAVuY\/H5Mjy+WPFLG7y2WDNGfyOO0gGJkhwKTUNxbwHLPRhvG8itefx7bTitpIWZL\/Ta5Ub1SeTQX2XdJor246gJNVgzk1xyQZJdVRA","n":"235551","action":"getCardTransaction","begin_date":"20150901000000"}
[test]no type
[test]input post={"sign":"b7381bb1e71819c4cdd14b07d3c55b6ccd74176c","page_size":20,"end_date":"20150930235959","stu_no":"201427050082","t":"20150915235704","page_index":1,"token":"2ea3rAezNKwB3gprwhpz3OE7ZyPIAVuY\/H5Mjy+WPFLG7y2WDNGfyOO0gGJkhwKTUNxbwHLPRhvG8itefx7bTitpIWZL\/Ta5Ub1SeTQX2XdJor246gJNVgzk1xyQZJdVRA","n":"235704","action":"getCardTransaction","begin_date":"20150901000000"}
[test]no type
[test]input post={"sign":"4f21eb6c8d61b6f222f2e4b105beb7afac277568","page_size":20,"end_date":"20150930235959","stu_no":"201427050082","t":"20150915235722","page_index":1,"token":"2ea3rAezNKwB3gprwhpz3OE7ZyPIAVuY\/H5Mjy+WPFLG7y2WDNGfyOO0gGJkhwKTUNxbwHLPRhvG8itefx7bTitpIWZL\/Ta5Ub1SeTQX2XdJor246gJNVgzk1xyQZJdVRA","n":"235722","action":"getCardTransaction","begin_date":"20150901000000"}
[test]no type
[test]input post={"sign":"3597dbe12e3eb935b2b06e08fca52d86204e56da","page_size":20,"end_date":"20150930235959","stu_no":"201427050082","t":"20150916000118","page_index":1,"token":"2ea3rAezNKwB3gprwhpz3OE7ZyPIAVuY\/H5Mjy+WPFLG7y2WDNGfyOO0gGJkhwKTUNxbwHLPRhvG8itefx7bTitpIWZL\/Ta5Ub1SeTQX2XdJor246gJNVgzk1xyQZJdVRA","n":"000118","action":"getCardTransaction","begin_date":"20150901000000"}
[test]no type
[test]input post={"sign":"5a5f225283f9fdb6e70ae1ef071b94fa45ee6a62","page_size":20,"end_date":"20150916235959","stu_no":"201421090147","t":"20150916000352","page_index":1,"token":"8c6bLcE9b+sk6FCfxsTGv4pt4qC4\/yJ\/pcWwBdMWahwIoRYlG0S71zZIjzWO9RphiZQMeBsIfi8AL9Ys50zf6X3BgxiSqhSjURzq7oE5fVJC8c1s5611SS5NSJHg+oGZ\/g","n":"000352","action":"getCardTransaction","begin_date":"20150901000000","type":"zhichu"}
[test]into get_card_transaction
[api test]Array
[api]{"data":[{"tranName":"\u70ed\u6c34\u6d88\u8d39_\u6d88\u8d39","tranAmt":"3","tranDate":"20150915224242"},{"tranName":"\u70ed\u6c34\u6d88\u8d39_\u6d88\u8d39","tranAmt":"124","tranDate":"20150915224943"}],"resp_code":"0","resp_desc":""}
[test]input post={"sign":"c301729ff951991b3ad2ce6c36900c0950c8a47d","page_size":20,"end_date":"20150916235959","stu_no":"201421090147","t":"20150916000354","page_index":1,"token":"8c6bLcE9b+sk6FCfxsTGv4pt4qC4\/yJ\/pcWwBdMWahwIoRYlG0S71zZIjzWO9RphiZQMeBsIfi8AL9Ys50zf6X3BgxiSqhSjURzq7oE5fVJC8c1s5611SS5NSJHg+oGZ\/g","n":"000354","action":"getCardTransaction","begin_date":"20150901000000","type":"chongru"}
[test]into get_subsidy_list
[api test]Array
[api]{"data":[{"tranName":"POS\u673a\u589e\u6b3e","tranAmt":"5000","tranDate":20150915000000}],"resp_code":"0","resp_desc":""}
[test]input post={"sign":"0ee54a54a20b1cd31112e7ec3c868de2eb2df916","page_size":20,"end_date":"20150916235959","stu_no":"201421090147","t":"20150916000355","page_index":1,"token":"8c6bLcE9b+sk6FCfxsTGv4pt4qC4\/yJ\/pcWwBdMWahwIoRYlG0S71zZIjzWO9RphiZQMeBsIfi8AL9Ys50zf6X3BgxiSqhSjURzq7oE5fVJC8c1s5611SS5NSJHg+oGZ\/g","n":"000355","action":"getCardTransaction","begin_date":"20150901000000","type":"zhichu"}
[test]into get_card_transaction
[api test]Array
[api]{"data":[{"tranName":"\u70ed\u6c34\u6d88\u8d39_\u6d88\u8d39","tranAmt":"3","tranDate":"20150915224242"},{"tranName":"\u70ed\u6c34\u6d88\u8d39_\u6d88\u8d39","tranAmt":"124","tranDate":"20150915224943"}],"resp_code":"0","resp_desc":""}
[editUserInfo--service]{"sign":"2f392b60a770a8fe619e90036ca07c5c371ba526","n":"000356","action":"editUserInfo","phone":"18281067297","stu_no":"3231345267","t":"20150916000356","token":"d2b2AGoblYjTQJjEDLMpEjQ3RggvsYzMe+Bmhygeh0FH4iKvATjvWms1Y5S11J1I\/nUzb\/KihOvIcIVmPWbkyzhh30uM9C2Z7q\/KFwVwldxjn+MYZjBF8pBPHUKfzcrJlA"}
[edit_user_info-b]{"sign":"2f392b60a770a8fe619e90036ca07c5c371ba526","n":"000356","action":"editUserInfo","phone":"18281067297","stu_no":"3231345267","t":"20150916000356","token":"d2b2AGoblYjTQJjEDLMpEjQ3RggvsYzMe+Bmhygeh0FH4iKvATjvWms1Y5S11J1I\/nUzb\/KihOvIcIVmPWbkyzhh30uM9C2Z7q\/KFwVwldxjn+MYZjBF8pBPHUKfzcrJlA"}
[edit_user_info-a]{"phone":"18281067297"}
[test]input post={"sign":"514a3c6a4743cc07a391996b65d1d792498b6c6b","page_size":20,"end_date":"20150930235959","stu_no":"201427050082","t":"20150916000415","page_index":1,"token":"d2b2AGoblYjTQJjEDLMpEjQ3RggvsYzMe+Bmhygeh0FH4iKvATjvWms1Y5S11J1I\/nUzb\/KihOvIcIVmPWbkyzhh30uM9C2Z7q\/KFwVwldxjn+MYZjBF8pBPHUKfzcrJlA","n":"000415","action":"getCardTransaction","begin_date":"20150901000000"}
[test]no type
[editUserInfo--service]{"sign":"00b90d63e4f1c09ada4537c997c2f407d29207f3","phone":"","stu_no":"3231345267","t":"20150916000459","token":"d2b2AGoblYjTQJjEDLMpEjQ3RggvsYzMe+Bmhygeh0FH4iKvATjvWms1Y5S11J1I\/nUzb\/KihOvIcIVmPWbkyzhh30uM9C2Z7q\/KFwVwldxjn+MYZjBF8pBPHUKfzcrJlA","n":"000459","action":"editUserInfo","wash_setting":"{'delay_close':'900','delay_time':'20'}"}
[edit_user_info-b]{"sign":"00b90d63e4f1c09ada4537c997c2f407d29207f3","phone":"","stu_no":"3231345267","t":"20150916000459","token":"d2b2AGoblYjTQJjEDLMpEjQ3RggvsYzMe+Bmhygeh0FH4iKvATjvWms1Y5S11J1I\/nUzb\/KihOvIcIVmPWbkyzhh30uM9C2Z7q\/KFwVwldxjn+MYZjBF8pBPHUKfzcrJlA","n":"000459","action":"editUserInfo","wash_setting":"{'delay_close':'900','delay_time':'20'}"}
[edit_user_info-a]{"wash_setting":"{\\\"delay_close\\\":\\\"900\\\",\\\"delay_time\\\":\\\"20\\\"}"}
[openShower-delay_close]300
[test]input post={"sign":"b2b2f5516c02aa95d7bb5aa082c2aba81e7fdae4","page_size":20,"end_date":"20150930235959","stu_no":"201427050046","t":"20150916001614","page_index":1,"token":"5c18IU4IVIo7+IaxzyZtaENWvnYBUE5X88P9qBtR\/5EKzWJ8YZC0dzj8w+gCDkgwOyXRHvEVnoPC12Q4kL\/e2IQMktSyfDzN3D0CP5vBuF8znUbWo2+riLxOK9uXsL6QGQ","n":"001614","action":"getCardTransaction","begin_date":"20150901000000"}
[test]no type
[test]input post={"sign":"d77c6e1cfbe6d25ff4e755ed5e48f2c7d5ab7130","page_size":20,"end_date":"20150930235959","stu_no":"201427050046","t":"20150916001615","page_index":1,"token":"5c18IU4IVIo7+IaxzyZtaENWvnYBUE5X88P9qBtR\/5EKzWJ8YZC0dzj8w+gCDkgwOyXRHvEVnoPC12Q4kL\/e2IQMktSyfDzN3D0CP5vBuF8znUbWo2+riLxOK9uXsL6QGQ","n":"001615","action":"getCardTransaction","begin_date":"20150901000000"}
[test]no type
[openShower-delay_close]300
[test]input post={"action":"getCardTransaction","type":"zhichu","stu_no":"201427050122","page_index":1,"begin_date":"20150901000000","end_date":"20150916235959","page_size":20,"token":"c72f2CrjNaA6u0jBn8ItH3teIQ6+n3IBioQb2V3al4H1PMRGbfqPkCMMCqEK9HfTbgEvFQ04H\/WsJcvXaG56ap+ytMfQkBbCrMp55DRXvjgpnmlOMsqiOr9C2Gomlsh4XQ","t":"20150916002426","n":"002426","sign":"257a175fb7baf9598d3cb0b170373185ec2fd7c2"}
[test]into get_card_transaction
[api]{"data":[],"resp_code":"0","resp_desc":"\u6682\u65e0\u6d88\u8d39\u8bb0\u5f55"}
[test]input post={"action":"getCardTransaction","type":"chongru","stu_no":"201427050122","page_index":1,"begin_date":"20150901000000","end_date":"20150916235959","page_size":20,"token":"c72f2CrjNaA6u0jBn8ItH3teIQ6+n3IBioQb2V3al4H1PMRGbfqPkCMMCqEK9HfTbgEvFQ04H\/WsJcvXaG56ap+ytMfQkBbCrMp55DRXvjgpnmlOMsqiOr9C2Gomlsh4XQ","t":"20150916002428","n":"002428","sign":"456af049ea36673bfcad2f99ede9d7400bd966c1"}
[test]into get_subsidy_list
[api]{"data":[],"resp_code":"0","resp_desc":"\u6682\u65e0\u6d88\u8d39\u8bb0\u5f55"}
[test]input post={"action":"getCardTransaction","type":"zhichu","stu_no":"201427050122","page_index":1,"begin_date":"20150901000000","end_date":"20150916235959","page_size":20,"token":"c72f2CrjNaA6u0jBn8ItH3teIQ6+n3IBioQb2V3al4H1PMRGbfqPkCMMCqEK9HfTbgEvFQ04H\/WsJcvXaG56ap+ytMfQkBbCrMp55DRXvjgpnmlOMsqiOr9C2Gomlsh4XQ","t":"20150916002429","n":"002429","sign":"dea3ded80ec1d623b7718f3cf6ec607048f75165"}
[test]into get_card_transaction
[api]{"data":[],"resp_code":"0","resp_desc":"\u6682\u65e0\u6d88\u8d39\u8bb0\u5f55"}
[test]input post={"action":"getCardTransaction","type":"zhichu","stu_no":"201427050122","page_index":1,"begin_date":"20150901000000","end_date":"20150916235959","page_size":20,"token":"a833gMOA24bRV+gYMQush1Evg7L2rhgrhke1Ln+vVuqTOOx54jVpN4SF5UyzNyVLh0KtT\/BVXbiq68xgI9LXM+oaUx1eQ4RMA8X06nqvoY05Cxo2d9GwOCNvnT0Um0TjBg","t":"20150916002444","n":"002444","sign":"4452061c0007031fb534289722a2b959ddb57f14"}
[test]into get_card_transaction
[api test]Array
[api]{"data":[{"tranName":"\u70ed\u6c34\u6d88\u8d39_\u6d88\u8d39","tranAmt":"104","tranDate":"20150915235444"}],"resp_code":"0","resp_desc":""}
